#
# A fatal error has been detected by the Java Runtime Environment:
#
#  EXCEPTION_ACCESS_VIOLATION (0xc0000005) at pc=0x00007ffc2b3b6ac0, pid=13628, tid=2684
#
# JRE version: Java(TM) SE Runtime Environment 18.9 (11.0.9+7) (build 11.0.9+7-LTS)
# Java VM: Java HotSpot(TM) 64-Bit Server VM 18.9 (11.0.9+7-LTS, mixed mode, tiered, compressed oops, g1 gc, windows-amd64)
# Problematic frame:
# V  [jvm.dll+0x856ac0]
#
# No core dump will be written. Minidumps are not enabled by default on client versions of Windows
#
# If you would like to submit a bug report, please visit:
#   https://bugreport.java.com/bugreport/crash.jsp
#

---------------  S U M M A R Y ------------

Command Line: -XX:TieredStopAtLevel=1 -Xverify:none -Dspring.output.ansi.enabled=always -javaagent:C:\Program Files\JetBrains\IntelliJ IDEA 2020.3\lib\idea_rt.jar=53069:C:\Program Files\JetBrains\IntelliJ IDEA 2020.3\bin -Dcom.sun.management.jmxremote -Dspring.jmx.enabled=true -Dspring.liveBeansView.mbeanDomain -Dspring.application.admin.enabled=true -Dfile.encoding=UTF-8 com.cg.employeepayrollspring.EmployeePayrollSpringApplication

Host: AMD Ryzen 5 4600H with Radeon Graphics         , 12 cores, 15G,  Windows 10 , 64 bit Build 18362 (10.0.18362.1110)
Time: Fri Dec 11 11:19:25 2020 India Standard Time elapsed time: 2.889108 seconds (0d 0h 0m 2s)

---------------  T H R E A D  ---------------

Current thread (0x000002264c56f800):  GCTaskThread "GC Thread#1" [stack: 0x00000092d0d00000,0x00000092d0e00000] [id=2684]

Stack: [0x00000092d0d00000,0x00000092d0e00000],  sp=0x00000092d0dff4c8,  free space=1021k
Native frames: (J=compiled Java code, j=interpreted, Vv=VM code, C=native code)
V  [jvm.dll+0x856ac0]


siginfo: EXCEPTION_ACCESS_VIOLATION (0xc0000005), data execution prevention violation at address 0x00007ffc2b3b6ac0


Register to memory mapping:

RIP=0x00007ffc2b3b6ac0 jvm.dll
RAX=0x0000000000000226 is an unknown value
RBX=0x0000000710a28c01 is pointing into object: [B 
{0x0000000710a28c00} - klass: {type array byte}
 - length: 158
RCX=0x000002264f98a770 points into unknown readable memory: a0 fa 3a 2b fc 7f 00 00
RDX=0x000000071a0fb440 is an oop: 
[error occurred during error reporting (printing register info), id 0xc0000005, EXCEPTION_ACCESS_VIOLATION (0xc0000005) at pc=0x00007ffc2b15eebd]

Registers:
RAX=0x0000000000000226, RBX=0x0000000710a28c01, RCX=0x000002264f98a770, RDX=0x000000071a0fb440
RSP=0x00000092d0dff4c8, RBP=0x000000071a0fb440, RSI=0x0000000000000000, RDI=0x0000000000000001
R8 =0x000000080007dad0, R9 =0x00007ffc2b522490, R10=0x0000000000000000, R11=0x00000000000000a1
R12=0x0000000000000005, R13=0x000000000962210e, R14=0x000000071a0fb440, R15=0x000002264f98a600
RIP=0x00007ffc2b3b6ac0, EFLAGS=0x0000000000010202

Top of Stack: (sp=0x00000092d0dff4c8)
0x00000092d0dff4c8:   00007ffc2ae59275 0000000710a28c01
0x00000092d0dff4d8:   000000071a0fb440 0000000000000000
0x00000092d0dff4e8:   00007ffc2ae590e2 0000000000000005
0x00000092d0dff4f8:   000000071a0fb440 0000000000000005
0x00000092d0dff508:   0000000000000000 000002264f98a600
0x00000092d0dff518:   00007ffc2ae58bdd 0000000000000000
0x00000092d0dff528:   0000000710a28c01 000002264f98a600
0x00000092d0dff538:   000000071a0fb440 0000022600000080
0x00000092d0dff548:   000002264af58830 0000003210b3fa02
0x00000092d0dff558:   000002264de82d50 000002264f98a600
0x00000092d0dff568:   0000000000000040 000002262569d758
0x00000092d0dff578:   00000092d0dff808 0000000000000000
0x00000092d0dff588:   000002262569d750 0000000000000100
0x00000092d0dff598:   00007ffc2ae5735d 000002264f98a600
0x00000092d0dff5a8:   000002262569d700 0000000000000000
0x00000092d0dff5b8:   0000000710a28ce4 0000000000000000 

Instructions: (pc=0x00007ffc2b3b6ac0)
0x00007ffc2b3b6aa0:   6f 6e 73 00 00 00 00 00 53 69 7a 65 20 6f 66 20
0x00007ffc2b3b6ab0:   61 6c 6c 20 61 6e 6e 6f 74 61 74 69 6f 6e 73 00
0x00007ffc2b3b6ac0:   53 69 7a 65 20 6f 66 20 49 6e 73 74 61 6e 63 65
0x00007ffc2b3b6ad0:   4b 6c 61 73 73 3a 3a 63 6f 6e 73 74 61 6e 74 73 


Stack slot to memory mapping:
stack at sp + 0 slots: 0x00007ffc2ae59275 jvm.dll
stack at sp + 1 slots: 0x0000000710a28c01 is pointing into object: [B 
{0x0000000710a28c00} - klass: {type array byte}
 - length: 158
stack at sp + 2 slots: 0x000000071a0fb440 is an oop: 
[error occurred during error reporting (inspecting top of stack), id 0xc0000005, EXCEPTION_ACCESS_VIOLATION (0xc0000005) at pc=0x00007ffc2b15eebd]


---------------  P R O C E S S  ---------------

Threads class SMR info:
_java_thread_list=0x000002264f89d680, length=35, elements={
0x0000022627799000, 0x000002264b993800, 0x000002264b995000, 0x000002264b9ef800,
0x000002264b9f1000, 0x000002264b9f7000, 0x000002264b9fa000, 0x000002264b990800,
0x000002264bfb6000, 0x000002264bd09000, 0x000002264c18f800, 0x000002264c5d1000,
0x000002264d0d2800, 0x000002264d9da800, 0x000002264d9f7800, 0x000002264db9a000,
0x000002264db9a800, 0x000002264db9c000, 0x000002264de3b800, 0x000002264de3a000,
0x000002264de39800, 0x000002264de40000, 0x000002264de3b000, 0x000002264de3c800,
0x000002264de3d800, 0x000002264de3e000, 0x000002264de3f000, 0x000002264f939800,
0x000002264f93c800, 0x000002264f93a000, 0x000002264f937800, 0x000002264f93b000,
0x000002264f937000, 0x000002264f93c000, 0x000002264f93d800
}

Java Threads: ( => current thread )
  0x0000022627799000 JavaThread "main" [_thread_blocked, id=4232, stack(0x00000092cfb00000,0x00000092cfc00000)]
  0x000002264b993800 JavaThread "Reference Handler" daemon [_thread_blocked, id=4576, stack(0x00000092d0200000,0x00000092d0300000)]
  0x000002264b995000 JavaThread "Finalizer" daemon [_thread_blocked, id=11004, stack(0x00000092d0300000,0x00000092d0400000)]
  0x000002264b9ef800 JavaThread "Signal Dispatcher" daemon [_thread_blocked, id=4956, stack(0x00000092d0400000,0x00000092d0500000)]
  0x000002264b9f1000 JavaThread "Attach Listener" daemon [_thread_blocked, id=10796, stack(0x00000092d0500000,0x00000092d0600000)]
  0x000002264b9f7000 JavaThread "C1 CompilerThread0" daemon [_thread_blocked, id=6000, stack(0x00000092d0600000,0x00000092d0700000)]
  0x000002264b9fa000 JavaThread "Sweeper thread" daemon [_thread_blocked, id=1248, stack(0x00000092d0700000,0x00000092d0800000)]
  0x000002264b990800 JavaThread "Common-Cleaner" daemon [_thread_blocked, id=1840, stack(0x00000092d0800000,0x00000092d0900000)]
  0x000002264bfb6000 JavaThread "Monitor Ctrl-Break" daemon [_thread_in_native, id=6344, stack(0x00000092d0900000,0x00000092d0a00000)]
  0x000002264bd09000 JavaThread "Service Thread" daemon [_thread_blocked, id=7824, stack(0x00000092d0a00000,0x00000092d0b00000)]
  0x000002264c18f800 JavaThread "RMI TCP Accept-0" daemon [_thread_in_native, id=10792, stack(0x00000092d0b00000,0x00000092d0c00000)]
  0x000002264c5d1000 JavaThread "Thread-0" [_thread_blocked, id=1772, stack(0x00000092d1200000,0x00000092d1300000)]
  0x000002264d0d2800 JavaThread "restartedMain" [_thread_blocked, id=10692, stack(0x00000092d1300000,0x00000092d1400000)]
  0x000002264d9da800 JavaThread "RMI TCP Connection(1)-192.168.0.106" daemon [_thread_in_native, id=6156, stack(0x00000092d1500000,0x00000092d1600000)]
  0x000002264d9f7800 JavaThread "RMI Scheduler(0)" daemon [_thread_blocked, id=7856, stack(0x00000092d1a00000,0x00000092d1b00000)]
  0x000002264db9a000 JavaThread "Catalina-utility-1" [_thread_blocked, id=13936, stack(0x00000092d1b00000,0x00000092d1c00000)]
  0x000002264db9a800 JavaThread "Catalina-utility-2" [_thread_blocked, id=3116, stack(0x00000092d1c00000,0x00000092d1d00000)]
  0x000002264db9c000 JavaThread "container-0" [_thread_blocked, id=11748, stack(0x00000092d1d00000,0x00000092d1e00000)]
  0x000002264de3b800 JavaThread "mysql-cj-abandoned-connection-cleanup" daemon [_thread_blocked, id=7620, stack(0x00000092d1e00000,0x00000092d1f00000)]
  0x000002264de3a000 JavaThread "task-1" [_thread_blocked, id=6568, stack(0x00000092d1f00000,0x00000092d2000000)]
  0x000002264de39800 JavaThread "File Watcher" daemon [_thread_blocked, id=3556, stack(0x00000092d2000000,0x00000092d2100000)]
  0x000002264de40000 JavaThread "Live Reload Server" daemon [_thread_in_native, id=5092, stack(0x00000092d2300000,0x00000092d2400000)]
  0x000002264de3b000 JavaThread "http-nio-9090-BlockPoller" daemon [_thread_in_native, id=6296, stack(0x00000092d2200000,0x00000092d2300000)]
  0x000002264de3c800 JavaThread "http-nio-9090-exec-1" daemon [_thread_blocked, id=8588, stack(0x00000092d2400000,0x00000092d2500000)]
  0x000002264de3d800 JavaThread "http-nio-9090-exec-2" daemon [_thread_blocked, id=6796, stack(0x00000092d2500000,0x00000092d2600000)]
  0x000002264de3e000 JavaThread "http-nio-9090-exec-3" daemon [_thread_blocked, id=2904, stack(0x00000092d2600000,0x00000092d2700000)]
  0x000002264de3f000 JavaThread "http-nio-9090-exec-4" daemon [_thread_blocked, id=10300, stack(0x00000092d2700000,0x00000092d2800000)]
  0x000002264f939800 JavaThread "http-nio-9090-exec-5" daemon [_thread_blocked, id=13980, stack(0x00000092d2800000,0x00000092d2900000)]
  0x000002264f93c800 JavaThread "http-nio-9090-exec-6" daemon [_thread_blocked, id=6116, stack(0x00000092d2900000,0x00000092d2a00000)]
  0x000002264f93a000 JavaThread "http-nio-9090-exec-7" daemon [_thread_blocked, id=9984, stack(0x00000092d2a00000,0x00000092d2b00000)]
  0x000002264f937800 JavaThread "http-nio-9090-exec-8" daemon [_thread_blocked, id=9700, stack(0x00000092d2b00000,0x00000092d2c00000)]
  0x000002264f93b000 JavaThread "http-nio-9090-exec-9" daemon [_thread_blocked, id=12908, stack(0x00000092d2c00000,0x00000092d2d00000)]
  0x000002264f937000 JavaThread "http-nio-9090-exec-10" daemon [_thread_blocked, id=9136, stack(0x00000092d2d00000,0x00000092d2e00000)]
  0x000002264f93c000 JavaThread "http-nio-9090-ClientPoller" daemon [_thread_in_native, id=9884, stack(0x00000092d2e00000,0x00000092d2f00000)]
  0x000002264f93d800 JavaThread "http-nio-9090-Acceptor" daemon [_thread_in_native, id=10656, stack(0x00000092d2f00000,0x00000092d3000000)]

Other Threads:
  0x000002264b0e6000 VMThread "VM Thread" [stack: 0x00000092d0100000,0x00000092d0200000] [id=4632]
  0x000002264c19f800 WatcherThread [stack: 0x00000092d0c00000,0x00000092d0d00000] [id=2672]
  0x00000226277af000 GCTaskThread "GC Thread#0" [stack: 0x00000092cfc00000,0x00000092cfd00000] [id=8836]
=>0x000002264c56f800 GCTaskThread "GC Thread#1" [stack: 0x00000092d0d00000,0x00000092d0e00000] [id=2684]
  0x000002264c5b4800 GCTaskThread "GC Thread#2" [stack: 0x00000092d0e00000,0x00000092d0f00000] [id=11096]
  0x000002264c5b5000 GCTaskThread "GC Thread#3" [stack: 0x00000092d0f00000,0x00000092d1000000] [id=10392]
  0x000002264c597800 GCTaskThread "GC Thread#4" [stack: 0x00000092d1000000,0x00000092d1100000] [id=2096]
  0x000002264d122800 GCTaskThread "GC Thread#5" [stack: 0x00000092d1400000,0x00000092d1500000] [id=5520]
  0x000002264d364800 GCTaskThread "GC Thread#6" [stack: 0x00000092d1600000,0x00000092d1700000] [id=8460]
  0x000002264d36d800 GCTaskThread "GC Thread#7" [stack: 0x00000092d1700000,0x00000092d1800000] [id=5048]
  0x000002264f957800 GCTaskThread "GC Thread#8" [stack: 0x00000092d3000000,0x00000092d3100000] [id=11412]
  0x000002264f958000 GCTaskThread "GC Thread#9" [stack: 0x00000092d3100000,0x00000092d3200000] [id=3396]
  0x000002262780a800 ConcurrentGCThread "G1 Main Marker" [stack: 0x00000092cfd00000,0x00000092cfe00000] [id=5476]
  0x000002262780c000 ConcurrentGCThread "G1 Conc#0" [stack: 0x00000092cfe00000,0x00000092cff00000] [id=12680]
  0x000002264d36e800 ConcurrentGCThread "G1 Conc#1" [stack: 0x00000092d1800000,0x00000092d1900000] [id=5192]
  0x000002264d1c4800 ConcurrentGCThread "G1 Conc#2" [stack: 0x00000092d1900000,0x00000092d1a00000] [id=14320]
  0x000002264afd6000 ConcurrentGCThread "G1 Refine#0" [stack: 0x00000092cff00000,0x00000092d0000000] [id=9128]
  0x000002264c5c1800 ConcurrentGCThread "G1 Refine#1" [stack: 0x00000092d1100000,0x00000092d1200000] [id=1848]
  0x000002264afd7000 ConcurrentGCThread "G1 Young RemSet Sampling" [stack: 0x00000092d0000000,0x00000092d0100000] [id=13052]

Threads with active compile tasks:

VM state:at safepoint (normal execution)

VM Mutex/Monitor currently owned by a thread:  ([mutex/lock_event])
[0x0000022627795210] Threads_lock - owner thread: 0x000002264b0e6000
[0x0000022627795a80] Heap_lock - owner thread: 0x000002264db9a800

Heap address: 0x000000070a000000, size: 3936 MB, Compressed Oops mode: Zero based, Oop shift amount: 3
Narrow klass base: 0x0000000800000000, Narrow klass shift: 0
Compressed class space size: 1073741824 Address: 0x0000000800000000

Heap:
 garbage-first heap   total 303104K, used 184832K [0x000000070a000000, 0x0000000800000000)
  region size 1024K, 179 young (183296K), 14 survivors (14336K)
 Metaspace       used 45134K, capacity 46731K, committed 46972K, reserved 1089536K
  class space    used 5882K, capacity 6520K, committed 6604K, reserved 1048576K
Heap Regions: E=young(eden), S=young(survivor), O=old, HS=humongous(starts), HC=humongous(continues), CS=collection set, F=free, A=archive, TAMS=top-at-mark-start (previous, next)
|   0|0x000000070a000000, 0x000000070a100000, 0x000000070a100000|100%|HS|  |TAMS 0x000000070a100000, 0x000000070a000000| Complete 
|   1|0x000000070a100000, 0x000000070a200000, 0x000000070a200000|100%| O|  |TAMS 0x000000070a200000, 0x000000070a100000| Untracked 
|   2|0x000000070a200000, 0x000000070a300000, 0x000000070a300000|100%| O|  |TAMS 0x000000070a300000, 0x000000070a200000| Untracked 
|   3|0x000000070a300000, 0x000000070a400000, 0x000000070a400000|100%| O|  |TAMS 0x000000070a3fca00, 0x000000070a300000| Untracked 
|   4|0x000000070a400000, 0x000000070a500000, 0x000000070a500000|100%| O|  |TAMS 0x000000070a400000, 0x000000070a400000| Untracked 
|   5|0x000000070a500000, 0x000000070a500000, 0x000000070a600000|  0%| F|  |TAMS 0x000000070a500000, 0x000000070a500000| Untracked 
|   6|0x000000070a600000, 0x000000070a600000, 0x000000070a700000|  0%| F|  |TAMS 0x000000070a600000, 0x000000070a600000| Untracked 
|   7|0x000000070a700000, 0x000000070a700000, 0x000000070a800000|  0%| F|  |TAMS 0x000000070a700000, 0x000000070a700000| Untracked 
|   8|0x000000070a800000, 0x000000070a800000, 0x000000070a900000|  0%| F|  |TAMS 0x000000070a800000, 0x000000070a800000| Untracked 
|   9|0x000000070a900000, 0x000000070a900000, 0x000000070aa00000|  0%| F|  |TAMS 0x000000070a900000, 0x000000070a900000| Untracked 
|  10|0x000000070aa00000, 0x000000070aa00000, 0x000000070ab00000|  0%| F|  |TAMS 0x000000070aa00000, 0x000000070aa00000| Untracked 
|  11|0x000000070ab00000, 0x000000070ab00000, 0x000000070ac00000|  0%| F|  |TAMS 0x000000070ab00000, 0x000000070ab00000| Untracked 
|  12|0x000000070ac00000, 0x000000070ac00000, 0x000000070ad00000|  0%| F|  |TAMS 0x000000070ac00000, 0x000000070ac00000| Untracked 
|  13|0x000000070ad00000, 0x000000070ad00000, 0x000000070ae00000|  0%| F|  |TAMS 0x000000070ad00000, 0x000000070ad00000| Untracked 
|  14|0x000000070ae00000, 0x000000070ae00000, 0x000000070af00000|  0%| F|  |TAMS 0x000000070ae00000, 0x000000070ae00000| Untracked 
|  15|0x000000070af00000, 0x000000070af00000, 0x000000070b000000|  0%| F|  |TAMS 0x000000070af00000, 0x000000070af00000| Untracked 
|  16|0x000000070b000000, 0x000000070b000000, 0x000000070b100000|  0%| F|  |TAMS 0x000000070b000000, 0x000000070b000000| Untracked 
|  17|0x000000070b100000, 0x000000070b100000, 0x000000070b200000|  0%| F|  |TAMS 0x000000070b100000, 0x000000070b100000| Untracked 
|  18|0x000000070b200000, 0x000000070b200000, 0x000000070b300000|  0%| F|  |TAMS 0x000000070b200000, 0x000000070b200000| Untracked 
|  19|0x000000070b300000, 0x000000070b300000, 0x000000070b400000|  0%| F|  |TAMS 0x000000070b300000, 0x000000070b300000| Untracked 
|  20|0x000000070b400000, 0x000000070b400000, 0x000000070b500000|  0%| F|  |TAMS 0x000000070b400000, 0x000000070b400000| Untracked 
|  21|0x000000070b500000, 0x000000070b500000, 0x000000070b600000|  0%| F|  |TAMS 0x000000070b500000, 0x000000070b500000| Untracked 
|  22|0x000000070b600000, 0x000000070b600000, 0x000000070b700000|  0%| F|  |TAMS 0x000000070b600000, 0x000000070b600000| Untracked 
|  23|0x000000070b700000, 0x000000070b700000, 0x000000070b800000|  0%| F|  |TAMS 0x000000070b700000, 0x000000070b700000| Untracked 
|  24|0x000000070b800000, 0x000000070b800000, 0x000000070b900000|  0%| F|  |TAMS 0x000000070b800000, 0x000000070b800000| Untracked 
|  25|0x000000070b900000, 0x000000070b900000, 0x000000070ba00000|  0%| F|  |TAMS 0x000000070b900000, 0x000000070b900000| Untracked 
|  26|0x000000070ba00000, 0x000000070ba00000, 0x000000070bb00000|  0%| F|  |TAMS 0x000000070ba00000, 0x000000070ba00000| Untracked 
|  27|0x000000070bb00000, 0x000000070bb00000, 0x000000070bc00000|  0%| F|  |TAMS 0x000000070bb00000, 0x000000070bb00000| Untracked 
|  28|0x000000070bc00000, 0x000000070bc00000, 0x000000070bd00000|  0%| F|  |TAMS 0x000000070bc00000, 0x000000070bc00000| Untracked 
|  29|0x000000070bd00000, 0x000000070bd00000, 0x000000070be00000|  0%| F|  |TAMS 0x000000070bd00000, 0x000000070bd00000| Untracked 
|  30|0x000000070be00000, 0x000000070be00000, 0x000000070bf00000|  0%| F|  |TAMS 0x000000070be00000, 0x000000070be00000| Untracked 
|  31|0x000000070bf00000, 0x000000070bf00000, 0x000000070c000000|  0%| F|  |TAMS 0x000000070bf00000, 0x000000070bf00000| Untracked 
|  32|0x000000070c000000, 0x000000070c000000, 0x000000070c100000|  0%| F|  |TAMS 0x000000070c000000, 0x000000070c000000| Untracked 
|  33|0x000000070c100000, 0x000000070c100000, 0x000000070c200000|  0%| F|  |TAMS 0x000000070c100000, 0x000000070c100000| Untracked 
|  34|0x000000070c200000, 0x000000070c200000, 0x000000070c300000|  0%| F|  |TAMS 0x000000070c200000, 0x000000070c200000| Untracked 
|  35|0x000000070c300000, 0x000000070c300000, 0x000000070c400000|  0%| F|  |TAMS 0x000000070c300000, 0x000000070c300000| Untracked 
|  36|0x000000070c400000, 0x000000070c400000, 0x000000070c500000|  0%| F|  |TAMS 0x000000070c400000, 0x000000070c400000| Untracked 
|  37|0x000000070c500000, 0x000000070c500000, 0x000000070c600000|  0%| F|  |TAMS 0x000000070c500000, 0x000000070c500000| Untracked 
|  38|0x000000070c600000, 0x000000070c600000, 0x000000070c700000|  0%| F|  |TAMS 0x000000070c600000, 0x000000070c600000| Untracked 
|  39|0x000000070c700000, 0x000000070c700000, 0x000000070c800000|  0%| F|  |TAMS 0x000000070c700000, 0x000000070c700000| Untracked 
|  40|0x000000070c800000, 0x000000070c800000, 0x000000070c900000|  0%| F|  |TAMS 0x000000070c800000, 0x000000070c800000| Untracked 
|  41|0x000000070c900000, 0x000000070c900000, 0x000000070ca00000|  0%| F|  |TAMS 0x000000070c900000, 0x000000070c900000| Untracked 
|  42|0x000000070ca00000, 0x000000070ca00000, 0x000000070cb00000|  0%| F|  |TAMS 0x000000070ca00000, 0x000000070ca00000| Untracked 
|  43|0x000000070cb00000, 0x000000070cb00000, 0x000000070cc00000|  0%| F|  |TAMS 0x000000070cb00000, 0x000000070cb00000| Untracked 
|  44|0x000000070cc00000, 0x000000070cc00000, 0x000000070cd00000|  0%| F|  |TAMS 0x000000070cc00000, 0x000000070cc00000| Untracked 
|  45|0x000000070cd00000, 0x000000070cd00000, 0x000000070ce00000|  0%| F|  |TAMS 0x000000070cd00000, 0x000000070cd00000| Untracked 
|  46|0x000000070ce00000, 0x000000070ce00000, 0x000000070cf00000|  0%| F|  |TAMS 0x000000070ce00000, 0x000000070ce00000| Untracked 
|  47|0x000000070cf00000, 0x000000070cf00000, 0x000000070d000000|  0%| F|  |TAMS 0x000000070cf00000, 0x000000070cf00000| Untracked 
|  48|0x000000070d000000, 0x000000070d000000, 0x000000070d100000|  0%| F|  |TAMS 0x000000070d000000, 0x000000070d000000| Untracked 
|  49|0x000000070d100000, 0x000000070d100000, 0x000000070d200000|  0%| F|  |TAMS 0x000000070d100000, 0x000000070d100000| Untracked 
|  50|0x000000070d200000, 0x000000070d200000, 0x000000070d300000|  0%| F|  |TAMS 0x000000070d200000, 0x000000070d200000| Untracked 
|  51|0x000000070d300000, 0x000000070d300000, 0x000000070d400000|  0%| F|  |TAMS 0x000000070d300000, 0x000000070d300000| Untracked 
|  52|0x000000070d400000, 0x000000070d400000, 0x000000070d500000|  0%| F|  |TAMS 0x000000070d400000, 0x000000070d400000| Untracked 
|  53|0x000000070d500000, 0x000000070d500000, 0x000000070d600000|  0%| F|  |TAMS 0x000000070d500000, 0x000000070d500000| Untracked 
|  54|0x000000070d600000, 0x000000070d600000, 0x000000070d700000|  0%| F|  |TAMS 0x000000070d600000, 0x000000070d600000| Untracked 
|  55|0x000000070d700000, 0x000000070d700000, 0x000000070d800000|  0%| F|  |TAMS 0x000000070d700000, 0x000000070d700000| Untracked 
|  56|0x000000070d800000, 0x000000070d800000, 0x000000070d900000|  0%| F|  |TAMS 0x000000070d800000, 0x000000070d800000| Untracked 
|  57|0x000000070d900000, 0x000000070d900000, 0x000000070da00000|  0%| F|  |TAMS 0x000000070d900000, 0x000000070d900000| Untracked 
|  58|0x000000070da00000, 0x000000070da00000, 0x000000070db00000|  0%| F|  |TAMS 0x000000070da00000, 0x000000070da00000| Untracked 
|  59|0x000000070db00000, 0x000000070db00000, 0x000000070dc00000|  0%| F|  |TAMS 0x000000070db00000, 0x000000070db00000| Untracked 
|  60|0x000000070dc00000, 0x000000070dc00000, 0x000000070dd00000|  0%| F|  |TAMS 0x000000070dc00000, 0x000000070dc00000| Untracked 
|  61|0x000000070dd00000, 0x000000070dd00000, 0x000000070de00000|  0%| F|  |TAMS 0x000000070dd00000, 0x000000070dd00000| Untracked 
|  62|0x000000070de00000, 0x000000070de00000, 0x000000070df00000|  0%| F|  |TAMS 0x000000070de00000, 0x000000070de00000| Untracked 
|  63|0x000000070df00000, 0x000000070df00000, 0x000000070e000000|  0%| F|  |TAMS 0x000000070df00000, 0x000000070df00000| Untracked 
|  64|0x000000070e000000, 0x000000070e000000, 0x000000070e100000|  0%| F|  |TAMS 0x000000070e000000, 0x000000070e000000| Untracked 
|  65|0x000000070e100000, 0x000000070e100000, 0x000000070e200000|  0%| F|  |TAMS 0x000000070e100000, 0x000000070e100000| Untracked 
|  66|0x000000070e200000, 0x000000070e200000, 0x000000070e300000|  0%| F|  |TAMS 0x000000070e200000, 0x000000070e200000| Untracked 
|  67|0x000000070e300000, 0x000000070e300000, 0x000000070e400000|  0%| F|  |TAMS 0x000000070e300000, 0x000000070e300000| Untracked 
|  68|0x000000070e400000, 0x000000070e400000, 0x000000070e500000|  0%| F|  |TAMS 0x000000070e400000, 0x000000070e400000| Untracked 
|  69|0x000000070e500000, 0x000000070e500000, 0x000000070e600000|  0%| F|  |TAMS 0x000000070e500000, 0x000000070e500000| Untracked 
|  70|0x000000070e600000, 0x000000070e600000, 0x000000070e700000|  0%| F|  |TAMS 0x000000070e600000, 0x000000070e600000| Untracked 
|  71|0x000000070e700000, 0x000000070e700000, 0x000000070e800000|  0%| F|  |TAMS 0x000000070e700000, 0x000000070e700000| Untracked 
|  72|0x000000070e800000, 0x000000070e800000, 0x000000070e900000|  0%| F|  |TAMS 0x000000070e800000, 0x000000070e800000| Untracked 
|  73|0x000000070e900000, 0x000000070e900000, 0x000000070ea00000|  0%| F|  |TAMS 0x000000070e900000, 0x000000070e900000| Untracked 
|  74|0x000000070ea00000, 0x000000070ea00000, 0x000000070eb00000|  0%| F|  |TAMS 0x000000070ea00000, 0x000000070ea00000| Untracked 
|  75|0x000000070eb00000, 0x000000070eb00000, 0x000000070ec00000|  0%| F|  |TAMS 0x000000070eb00000, 0x000000070eb00000| Untracked 
|  76|0x000000070ec00000, 0x000000070ec00000, 0x000000070ed00000|  0%| F|  |TAMS 0x000000070ec00000, 0x000000070ec00000| Untracked 
|  77|0x000000070ed00000, 0x000000070ed00000, 0x000000070ee00000|  0%| F|  |TAMS 0x000000070ed00000, 0x000000070ed00000| Untracked 
|  78|0x000000070ee00000, 0x000000070ee00000, 0x000000070ef00000|  0%| F|  |TAMS 0x000000070ee00000, 0x000000070ee00000| Untracked 
|  79|0x000000070ef00000, 0x000000070ef00000, 0x000000070f000000|  0%| F|  |TAMS 0x000000070ef00000, 0x000000070ef00000| Untracked 
|  80|0x000000070f000000, 0x000000070f000000, 0x000000070f100000|  0%| F|  |TAMS 0x000000070f000000, 0x000000070f000000| Untracked 
|  81|0x000000070f100000, 0x000000070f100000, 0x000000070f200000|  0%| F|  |TAMS 0x000000070f100000, 0x000000070f100000| Untracked 
|  82|0x000000070f200000, 0x000000070f200000, 0x000000070f300000|  0%| F|  |TAMS 0x000000070f200000, 0x000000070f200000| Untracked 
|  83|0x000000070f300000, 0x000000070f300000, 0x000000070f400000|  0%| F|  |TAMS 0x000000070f300000, 0x000000070f300000| Untracked 
|  84|0x000000070f400000, 0x000000070f400000, 0x000000070f500000|  0%| F|  |TAMS 0x000000070f400000, 0x000000070f400000| Untracked 
|  85|0x000000070f500000, 0x000000070f500000, 0x000000070f600000|  0%| F|  |TAMS 0x000000070f500000, 0x000000070f500000| Untracked 
|  86|0x000000070f600000, 0x000000070f600000, 0x000000070f700000|  0%| F|  |TAMS 0x000000070f600000, 0x000000070f600000| Untracked 
|  87|0x000000070f700000, 0x000000070f700000, 0x000000070f800000|  0%| F|  |TAMS 0x000000070f700000, 0x000000070f700000| Untracked 
|  88|0x000000070f800000, 0x000000070f800000, 0x000000070f900000|  0%| F|  |TAMS 0x000000070f800000, 0x000000070f800000| Untracked 
|  89|0x000000070f900000, 0x000000070f900000, 0x000000070fa00000|  0%| F|  |TAMS 0x000000070f900000, 0x000000070f900000| Untracked 
|  90|0x000000070fa00000, 0x000000070fa00000, 0x000000070fb00000|  0%| F|  |TAMS 0x000000070fa00000, 0x000000070fa00000| Untracked 
|  91|0x000000070fb00000, 0x000000070fb00000, 0x000000070fc00000|  0%| F|  |TAMS 0x000000070fb00000, 0x000000070fb00000| Untracked 
|  92|0x000000070fc00000, 0x000000070fc00000, 0x000000070fd00000|  0%| F|  |TAMS 0x000000070fc00000, 0x000000070fc00000| Untracked 
|  93|0x000000070fd00000, 0x000000070fd00000, 0x000000070fe00000|  0%| F|  |TAMS 0x000000070fd00000, 0x000000070fd00000| Untracked 
|  94|0x000000070fe00000, 0x000000070fe00000, 0x000000070ff00000|  0%| F|  |TAMS 0x000000070fe00000, 0x000000070fe00000| Untracked 
|  95|0x000000070ff00000, 0x000000070ff00000, 0x0000000710000000|  0%| F|  |TAMS 0x000000070ff00000, 0x000000070ff00000| Untracked 
|  96|0x0000000710000000, 0x0000000710000000, 0x0000000710100000|  0%| F|  |TAMS 0x0000000710000000, 0x0000000710000000| Untracked 
|  97|0x0000000710100000, 0x0000000710100000, 0x0000000710200000|  0%| F|  |TAMS 0x0000000710100000, 0x0000000710100000| Untracked 
|  98|0x0000000710200000, 0x0000000710200000, 0x0000000710300000|  0%| F|  |TAMS 0x0000000710200000, 0x0000000710200000| Untracked 
|  99|0x0000000710300000, 0x0000000710300000, 0x0000000710400000|  0%| F|  |TAMS 0x0000000710300000, 0x0000000710300000| Untracked 
| 100|0x0000000710400000, 0x0000000710400000, 0x0000000710500000|  0%| F|  |TAMS 0x0000000710400000, 0x0000000710400000| Untracked 
| 101|0x0000000710500000, 0x0000000710500000, 0x0000000710600000|  0%| F|  |TAMS 0x0000000710500000, 0x0000000710500000| Untracked 
| 102|0x0000000710600000, 0x0000000710600000, 0x0000000710700000|  0%| F|  |TAMS 0x0000000710600000, 0x0000000710600000| Untracked 
| 103|0x0000000710700000, 0x0000000710700000, 0x0000000710800000|  0%| F|  |TAMS 0x0000000710700000, 0x0000000710700000| Untracked 
| 104|0x0000000710800000, 0x0000000710800000, 0x0000000710900000|  0%| F|  |TAMS 0x0000000710800000, 0x0000000710800000| Untracked 
| 105|0x0000000710900000, 0x0000000710a00000, 0x0000000710a00000|100%| S|  |TAMS 0x0000000710900000, 0x0000000710900000| Complete 
| 106|0x0000000710a00000, 0x0000000710b00000, 0x0000000710b00000|100%| S|  |TAMS 0x0000000710a00000, 0x0000000710a00000| Complete 
| 107|0x0000000710b00000, 0x0000000710c00000, 0x0000000710c00000|100%| S|  |TAMS 0x0000000710b00000, 0x0000000710b00000| Complete 
| 108|0x0000000710c00000, 0x0000000710d00000, 0x0000000710d00000|100%| S|  |TAMS 0x0000000710c00000, 0x0000000710c00000| Complete 
| 109|0x0000000710d00000, 0x0000000710e00000, 0x0000000710e00000|100%| S|  |TAMS 0x0000000710d00000, 0x0000000710d00000| Complete 
| 110|0x0000000710e00000, 0x0000000710f00000, 0x0000000710f00000|100%| S|  |TAMS 0x0000000710e00000, 0x0000000710e00000| Complete 
| 111|0x0000000710f00000, 0x0000000711000000, 0x0000000711000000|100%| S|  |TAMS 0x0000000710f00000, 0x0000000710f00000| Complete 
| 112|0x0000000711000000, 0x0000000711100000, 0x0000000711100000|100%| S|  |TAMS 0x0000000711000000, 0x0000000711000000| Complete 
| 113|0x0000000711100000, 0x0000000711200000, 0x0000000711200000|100%| S|  |TAMS 0x0000000711100000, 0x0000000711100000| Complete 
| 114|0x0000000711200000, 0x0000000711300000, 0x0000000711300000|100%| S|  |TAMS 0x0000000711200000, 0x0000000711200000| Complete 
| 115|0x0000000711300000, 0x0000000711400000, 0x0000000711400000|100%| S|  |TAMS 0x0000000711300000, 0x0000000711300000| Complete 
| 116|0x0000000711400000, 0x0000000711500000, 0x0000000711500000|100%| S|  |TAMS 0x0000000711400000, 0x0000000711400000| Complete 
| 117|0x0000000711500000, 0x0000000711600000, 0x0000000711600000|100%| S|  |TAMS 0x0000000711500000, 0x0000000711500000| Complete 
| 118|0x0000000711600000, 0x0000000711700000, 0x0000000711700000|100%| S|  |TAMS 0x0000000711600000, 0x0000000711600000| Complete 
| 119|0x0000000711700000, 0x0000000711800000, 0x0000000711800000|100%| E|CS|TAMS 0x0000000711700000, 0x0000000711700000| Complete 
| 120|0x0000000711800000, 0x0000000711900000, 0x0000000711900000|100%| E|CS|TAMS 0x0000000711800000, 0x0000000711800000| Complete 
| 121|0x0000000711900000, 0x0000000711a00000, 0x0000000711a00000|100%| E|CS|TAMS 0x0000000711900000, 0x0000000711900000| Complete 
| 122|0x0000000711a00000, 0x0000000711b00000, 0x0000000711b00000|100%| E|CS|TAMS 0x0000000711a00000, 0x0000000711a00000| Complete 
| 123|0x0000000711b00000, 0x0000000711c00000, 0x0000000711c00000|100%| E|CS|TAMS 0x0000000711b00000, 0x0000000711b00000| Complete 
| 124|0x0000000711c00000, 0x0000000711d00000, 0x0000000711d00000|100%| E|CS|TAMS 0x0000000711c00000, 0x0000000711c00000| Complete 
| 125|0x0000000711d00000, 0x0000000711e00000, 0x0000000711e00000|100%| E|CS|TAMS 0x0000000711d00000, 0x0000000711d00000| Complete 
| 126|0x0000000711e00000, 0x0000000711f00000, 0x0000000711f00000|100%| E|CS|TAMS 0x0000000711e00000, 0x0000000711e00000| Complete 
| 127|0x0000000711f00000, 0x0000000712000000, 0x0000000712000000|100%| E|CS|TAMS 0x0000000711f00000, 0x0000000711f00000| Complete 
| 128|0x0000000712000000, 0x0000000712100000, 0x0000000712100000|100%| E|CS|TAMS 0x0000000712000000, 0x0000000712000000| Complete 
| 129|0x0000000712100000, 0x0000000712200000, 0x0000000712200000|100%| E|CS|TAMS 0x0000000712100000, 0x0000000712100000| Complete 
| 130|0x0000000712200000, 0x0000000712300000, 0x0000000712300000|100%| E|CS|TAMS 0x0000000712200000, 0x0000000712200000| Complete 
| 131|0x0000000712300000, 0x0000000712400000, 0x0000000712400000|100%| E|CS|TAMS 0x0000000712300000, 0x0000000712300000| Complete 
| 132|0x0000000712400000, 0x0000000712500000, 0x0000000712500000|100%| E|CS|TAMS 0x0000000712400000, 0x0000000712400000| Complete 
| 133|0x0000000712500000, 0x0000000712600000, 0x0000000712600000|100%| E|CS|TAMS 0x0000000712500000, 0x0000000712500000| Complete 
| 134|0x0000000712600000, 0x0000000712700000, 0x0000000712700000|100%| E|CS|TAMS 0x0000000712600000, 0x0000000712600000| Complete 
| 135|0x0000000712700000, 0x0000000712800000, 0x0000000712800000|100%| E|CS|TAMS 0x0000000712700000, 0x0000000712700000| Complete 
| 136|0x0000000712800000, 0x0000000712900000, 0x0000000712900000|100%| E|CS|TAMS 0x0000000712800000, 0x0000000712800000| Complete 
| 137|0x0000000712900000, 0x0000000712a00000, 0x0000000712a00000|100%| E|CS|TAMS 0x0000000712900000, 0x0000000712900000| Complete 
| 138|0x0000000712a00000, 0x0000000712b00000, 0x0000000712b00000|100%| E|CS|TAMS 0x0000000712a00000, 0x0000000712a00000| Complete 
| 139|0x0000000712b00000, 0x0000000712c00000, 0x0000000712c00000|100%| E|CS|TAMS 0x0000000712b00000, 0x0000000712b00000| Complete 
| 140|0x0000000712c00000, 0x0000000712d00000, 0x0000000712d00000|100%| E|CS|TAMS 0x0000000712c00000, 0x0000000712c00000| Complete 
| 141|0x0000000712d00000, 0x0000000712d83ea0, 0x0000000712e00000| 51%| E|CS|TAMS 0x0000000712d00000, 0x0000000712d00000| Complete 
| 142|0x0000000712e00000, 0x0000000712f00000, 0x0000000712f00000|100%| E|CS|TAMS 0x0000000712e00000, 0x0000000712e00000| Complete 
| 143|0x0000000712f00000, 0x0000000713000000, 0x0000000713000000|100%| E|CS|TAMS 0x0000000712f00000, 0x0000000712f00000| Complete 
| 144|0x0000000713000000, 0x0000000713100000, 0x0000000713100000|100%| E|CS|TAMS 0x0000000713000000, 0x0000000713000000| Complete 
| 145|0x0000000713100000, 0x0000000713200000, 0x0000000713200000|100%| E|CS|TAMS 0x0000000713100000, 0x0000000713100000| Complete 
| 146|0x0000000713200000, 0x0000000713300000, 0x0000000713300000|100%| E|CS|TAMS 0x0000000713200000, 0x0000000713200000| Complete 
| 147|0x0000000713300000, 0x0000000713400000, 0x0000000713400000|100%| E|CS|TAMS 0x0000000713300000, 0x0000000713300000| Complete 
| 148|0x0000000713400000, 0x0000000713500000, 0x0000000713500000|100%| E|CS|TAMS 0x0000000713400000, 0x0000000713400000| Complete 
| 149|0x0000000713500000, 0x0000000713600000, 0x0000000713600000|100%| E|CS|TAMS 0x0000000713500000, 0x0000000713500000| Complete 
| 150|0x0000000713600000, 0x0000000713700000, 0x0000000713700000|100%| E|CS|TAMS 0x0000000713600000, 0x0000000713600000| Complete 
| 151|0x0000000713700000, 0x0000000713800000, 0x0000000713800000|100%| E|CS|TAMS 0x0000000713700000, 0x0000000713700000| Complete 
| 152|0x0000000713800000, 0x0000000713900000, 0x0000000713900000|100%| E|CS|TAMS 0x0000000713800000, 0x0000000713800000| Complete 
| 153|0x0000000713900000, 0x0000000713a00000, 0x0000000713a00000|100%| E|CS|TAMS 0x0000000713900000, 0x0000000713900000| Complete 
| 154|0x0000000713a00000, 0x0000000713b00000, 0x0000000713b00000|100%| E|CS|TAMS 0x0000000713a00000, 0x0000000713a00000| Complete 
| 155|0x0000000713b00000, 0x0000000713c00000, 0x0000000713c00000|100%| E|CS|TAMS 0x0000000713b00000, 0x0000000713b00000| Complete 
| 156|0x0000000713c00000, 0x0000000713d00000, 0x0000000713d00000|100%| E|CS|TAMS 0x0000000713c00000, 0x0000000713c00000| Complete 
| 157|0x0000000713d00000, 0x0000000713e00000, 0x0000000713e00000|100%| E|CS|TAMS 0x0000000713d00000, 0x0000000713d00000| Complete 
| 158|0x0000000713e00000, 0x0000000713f00000, 0x0000000713f00000|100%| E|CS|TAMS 0x0000000713e00000, 0x0000000713e00000| Complete 
| 159|0x0000000713f00000, 0x0000000714000000, 0x0000000714000000|100%| E|CS|TAMS 0x0000000713f00000, 0x0000000713f00000| Complete 
| 160|0x0000000714000000, 0x0000000714100000, 0x0000000714100000|100%| E|CS|TAMS 0x0000000714000000, 0x0000000714000000| Complete 
| 161|0x0000000714100000, 0x0000000714200000, 0x0000000714200000|100%| E|CS|TAMS 0x0000000714100000, 0x0000000714100000| Complete 
| 162|0x0000000714200000, 0x0000000714300000, 0x0000000714300000|100%| E|CS|TAMS 0x0000000714200000, 0x0000000714200000| Complete 
| 163|0x0000000714300000, 0x0000000714400000, 0x0000000714400000|100%| E|CS|TAMS 0x0000000714300000, 0x0000000714300000| Complete 
| 164|0x0000000714400000, 0x0000000714500000, 0x0000000714500000|100%| E|CS|TAMS 0x0000000714400000, 0x0000000714400000| Complete 
| 165|0x0000000714500000, 0x0000000714600000, 0x0000000714600000|100%| E|CS|TAMS 0x0000000714500000, 0x0000000714500000| Complete 
| 166|0x0000000714600000, 0x0000000714700000, 0x0000000714700000|100%| E|CS|TAMS 0x0000000714600000, 0x0000000714600000| Complete 
| 167|0x0000000714700000, 0x0000000714800000, 0x0000000714800000|100%| E|CS|TAMS 0x0000000714700000, 0x0000000714700000| Complete 
| 168|0x0000000714800000, 0x0000000714900000, 0x0000000714900000|100%| E|CS|TAMS 0x0000000714800000, 0x0000000714800000| Complete 
| 169|0x0000000714900000, 0x0000000714a00000, 0x0000000714a00000|100%| E|CS|TAMS 0x0000000714900000, 0x0000000714900000| Complete 
| 170|0x0000000714a00000, 0x0000000714b00000, 0x0000000714b00000|100%| E|CS|TAMS 0x0000000714a00000, 0x0000000714a00000| Complete 
| 171|0x0000000714b00000, 0x0000000714c00000, 0x0000000714c00000|100%| E|CS|TAMS 0x0000000714b00000, 0x0000000714b00000| Complete 
| 172|0x0000000714c00000, 0x0000000714d00000, 0x0000000714d00000|100%| E|CS|TAMS 0x0000000714c00000, 0x0000000714c00000| Complete 
| 173|0x0000000714d00000, 0x0000000714e00000, 0x0000000714e00000|100%| E|CS|TAMS 0x0000000714d00000, 0x0000000714d00000| Complete 
| 174|0x0000000714e00000, 0x0000000714f00000, 0x0000000714f00000|100%| E|CS|TAMS 0x0000000714e00000, 0x0000000714e00000| Complete 
| 175|0x0000000714f00000, 0x0000000715000000, 0x0000000715000000|100%| E|CS|TAMS 0x0000000714f00000, 0x0000000714f00000| Complete 
| 176|0x0000000715000000, 0x0000000715100000, 0x0000000715100000|100%| E|CS|TAMS 0x0000000715000000, 0x0000000715000000| Complete 
| 177|0x0000000715100000, 0x0000000715200000, 0x0000000715200000|100%| E|CS|TAMS 0x0000000715100000, 0x0000000715100000| Complete 
| 178|0x0000000715200000, 0x0000000715300000, 0x0000000715300000|100%| E|CS|TAMS 0x0000000715200000, 0x0000000715200000| Complete 
| 179|0x0000000715300000, 0x0000000715400000, 0x0000000715400000|100%| E|CS|TAMS 0x0000000715300000, 0x0000000715300000| Complete 
| 180|0x0000000715400000, 0x0000000715500000, 0x0000000715500000|100%| E|CS|TAMS 0x0000000715400000, 0x0000000715400000| Complete 
| 181|0x0000000715500000, 0x0000000715600000, 0x0000000715600000|100%| E|CS|TAMS 0x0000000715500000, 0x0000000715500000| Complete 
| 182|0x0000000715600000, 0x0000000715700000, 0x0000000715700000|100%| E|CS|TAMS 0x0000000715600000, 0x0000000715600000| Complete 
| 183|0x0000000715700000, 0x0000000715800000, 0x0000000715800000|100%| E|CS|TAMS 0x0000000715700000, 0x0000000715700000| Complete 
| 184|0x0000000715800000, 0x0000000715900000, 0x0000000715900000|100%| E|CS|TAMS 0x0000000715800000, 0x0000000715800000| Complete 
| 185|0x0000000715900000, 0x0000000715a00000, 0x0000000715a00000|100%| E|CS|TAMS 0x0000000715900000, 0x0000000715900000| Complete 
| 186|0x0000000715a00000, 0x0000000715b00000, 0x0000000715b00000|100%| E|CS|TAMS 0x0000000715a00000, 0x0000000715a00000| Complete 
| 187|0x0000000715b00000, 0x0000000715c00000, 0x0000000715c00000|100%| E|CS|TAMS 0x0000000715b00000, 0x0000000715b00000| Complete 
| 188|0x0000000715c00000, 0x0000000715d00000, 0x0000000715d00000|100%| E|CS|TAMS 0x0000000715c00000, 0x0000000715c00000| Complete 
| 189|0x0000000715d00000, 0x0000000715e00000, 0x0000000715e00000|100%| E|CS|TAMS 0x0000000715d00000, 0x0000000715d00000| Complete 
| 190|0x0000000715e00000, 0x0000000715f00000, 0x0000000715f00000|100%| E|CS|TAMS 0x0000000715e00000, 0x0000000715e00000| Complete 
| 191|0x0000000715f00000, 0x0000000716000000, 0x0000000716000000|100%| E|CS|TAMS 0x0000000715f00000, 0x0000000715f00000| Complete 
| 192|0x0000000716000000, 0x0000000716100000, 0x0000000716100000|100%| E|CS|TAMS 0x0000000716000000, 0x0000000716000000| Complete 
| 193|0x0000000716100000, 0x0000000716200000, 0x0000000716200000|100%| E|CS|TAMS 0x0000000716100000, 0x0000000716100000| Complete 
| 194|0x0000000716200000, 0x0000000716300000, 0x0000000716300000|100%| E|CS|TAMS 0x0000000716200000, 0x0000000716200000| Complete 
| 195|0x0000000716300000, 0x0000000716400000, 0x0000000716400000|100%| E|CS|TAMS 0x0000000716300000, 0x0000000716300000| Complete 
| 196|0x0000000716400000, 0x0000000716500000, 0x0000000716500000|100%| E|CS|TAMS 0x0000000716400000, 0x0000000716400000| Complete 
| 197|0x0000000716500000, 0x0000000716600000, 0x0000000716600000|100%| E|CS|TAMS 0x0000000716500000, 0x0000000716500000| Complete 
| 198|0x0000000716600000, 0x0000000716700000, 0x0000000716700000|100%| E|CS|TAMS 0x0000000716600000, 0x0000000716600000| Complete 
| 199|0x0000000716700000, 0x0000000716800000, 0x0000000716800000|100%| E|CS|TAMS 0x0000000716700000, 0x0000000716700000| Complete 
| 200|0x0000000716800000, 0x0000000716900000, 0x0000000716900000|100%| E|CS|TAMS 0x0000000716800000, 0x0000000716800000| Complete 
| 201|0x0000000716900000, 0x0000000716a00000, 0x0000000716a00000|100%| E|CS|TAMS 0x0000000716900000, 0x0000000716900000| Complete 
| 202|0x0000000716a00000, 0x0000000716b00000, 0x0000000716b00000|100%| E|CS|TAMS 0x0000000716a00000, 0x0000000716a00000| Complete 
| 203|0x0000000716b00000, 0x0000000716c00000, 0x0000000716c00000|100%| E|CS|TAMS 0x0000000716b00000, 0x0000000716b00000| Complete 
| 204|0x0000000716c00000, 0x0000000716d00000, 0x0000000716d00000|100%| E|CS|TAMS 0x0000000716c00000, 0x0000000716c00000| Complete 
| 205|0x0000000716d00000, 0x0000000716e00000, 0x0000000716e00000|100%| E|CS|TAMS 0x0000000716d00000, 0x0000000716d00000| Complete 
| 206|0x0000000716e00000, 0x0000000716f00000, 0x0000000716f00000|100%| E|CS|TAMS 0x0000000716e00000, 0x0000000716e00000| Complete 
| 207|0x0000000716f00000, 0x0000000717000000, 0x0000000717000000|100%| E|CS|TAMS 0x0000000716f00000, 0x0000000716f00000| Complete 
| 208|0x0000000717000000, 0x0000000717100000, 0x0000000717100000|100%| E|CS|TAMS 0x0000000717000000, 0x0000000717000000| Complete 
| 209|0x0000000717100000, 0x0000000717200000, 0x0000000717200000|100%| E|CS|TAMS 0x0000000717100000, 0x0000000717100000| Complete 
| 210|0x0000000717200000, 0x0000000717300000, 0x0000000717300000|100%| E|CS|TAMS 0x0000000717200000, 0x0000000717200000| Complete 
| 211|0x0000000717300000, 0x0000000717400000, 0x0000000717400000|100%| E|CS|TAMS 0x0000000717300000, 0x0000000717300000| Complete 
| 212|0x0000000717400000, 0x0000000717500000, 0x0000000717500000|100%| E|CS|TAMS 0x0000000717400000, 0x0000000717400000| Complete 
| 213|0x0000000717500000, 0x0000000717600000, 0x0000000717600000|100%| E|CS|TAMS 0x0000000717500000, 0x0000000717500000| Complete 
| 214|0x0000000717600000, 0x0000000717700000, 0x0000000717700000|100%| E|CS|TAMS 0x0000000717600000, 0x0000000717600000| Complete 
| 215|0x0000000717700000, 0x00000007177ff8c0, 0x0000000717800000| 99%| E|CS|TAMS 0x0000000717700000, 0x0000000717700000| Complete 
| 216|0x0000000717800000, 0x0000000717900000, 0x0000000717900000|100%| E|CS|TAMS 0x0000000717800000, 0x0000000717800000| Complete 
| 217|0x0000000717900000, 0x0000000717a00000, 0x0000000717a00000|100%| E|CS|TAMS 0x0000000717900000, 0x0000000717900000| Complete 
| 218|0x0000000717a00000, 0x0000000717b00000, 0x0000000717b00000|100%| E|CS|TAMS 0x0000000717a00000, 0x0000000717a00000| Complete 
| 219|0x0000000717b00000, 0x0000000717c00000, 0x0000000717c00000|100%| E|CS|TAMS 0x0000000717b00000, 0x0000000717b00000| Complete 
| 220|0x0000000717c00000, 0x0000000717d00000, 0x0000000717d00000|100%| E|CS|TAMS 0x0000000717c00000, 0x0000000717c00000| Complete 
| 221|0x0000000717d00000, 0x0000000717e00000, 0x0000000717e00000|100%| E|CS|TAMS 0x0000000717d00000, 0x0000000717d00000| Complete 
| 222|0x0000000717e00000, 0x0000000717f00000, 0x0000000717f00000|100%| E|CS|TAMS 0x0000000717e00000, 0x0000000717e00000| Complete 
| 223|0x0000000717f00000, 0x0000000718000000, 0x0000000718000000|100%| E|CS|TAMS 0x0000000717f00000, 0x0000000717f00000| Complete 
| 224|0x0000000718000000, 0x0000000718100000, 0x0000000718100000|100%| E|CS|TAMS 0x0000000718000000, 0x0000000718000000| Complete 
| 225|0x0000000718100000, 0x0000000718200000, 0x0000000718200000|100%| E|CS|TAMS 0x0000000718100000, 0x0000000718100000| Complete 
| 226|0x0000000718200000, 0x0000000718300000, 0x0000000718300000|100%| E|CS|TAMS 0x0000000718200000, 0x0000000718200000| Complete 
| 227|0x0000000718300000, 0x0000000718400000, 0x0000000718400000|100%| E|CS|TAMS 0x0000000718300000, 0x0000000718300000| Complete 
| 228|0x0000000718400000, 0x0000000718500000, 0x0000000718500000|100%| E|CS|TAMS 0x0000000718400000, 0x0000000718400000| Complete 
| 229|0x0000000718500000, 0x0000000718600000, 0x0000000718600000|100%| E|CS|TAMS 0x0000000718500000, 0x0000000718500000| Complete 
| 230|0x0000000718600000, 0x0000000718700000, 0x0000000718700000|100%| E|CS|TAMS 0x0000000718600000, 0x0000000718600000| Complete 
| 231|0x0000000718700000, 0x0000000718800000, 0x0000000718800000|100%| E|CS|TAMS 0x0000000718700000, 0x0000000718700000| Complete 
| 232|0x0000000718800000, 0x0000000718900000, 0x0000000718900000|100%| E|CS|TAMS 0x0000000718800000, 0x0000000718800000| Complete 
| 233|0x0000000718900000, 0x0000000718a00000, 0x0000000718a00000|100%| E|CS|TAMS 0x0000000718900000, 0x0000000718900000| Complete 
| 234|0x0000000718a00000, 0x0000000718b00000, 0x0000000718b00000|100%| E|CS|TAMS 0x0000000718a00000, 0x0000000718a00000| Complete 
| 235|0x0000000718b00000, 0x0000000718c00000, 0x0000000718c00000|100%| E|CS|TAMS 0x0000000718b00000, 0x0000000718b00000| Complete 
| 236|0x0000000718c00000, 0x0000000718d00000, 0x0000000718d00000|100%| E|CS|TAMS 0x0000000718c00000, 0x0000000718c00000| Complete 
| 237|0x0000000718d00000, 0x0000000718e00000, 0x0000000718e00000|100%| E|CS|TAMS 0x0000000718d00000, 0x0000000718d00000| Complete 
| 238|0x0000000718e00000, 0x0000000718f00000, 0x0000000718f00000|100%| E|CS|TAMS 0x0000000718e00000, 0x0000000718e00000| Complete 
| 239|0x0000000718f00000, 0x0000000719000000, 0x0000000719000000|100%| E|CS|TAMS 0x0000000718f00000, 0x0000000718f00000| Complete 
| 240|0x0000000719000000, 0x0000000719100000, 0x0000000719100000|100%| E|CS|TAMS 0x0000000719000000, 0x0000000719000000| Complete 
| 241|0x0000000719100000, 0x0000000719200000, 0x0000000719200000|100%| E|CS|TAMS 0x0000000719100000, 0x0000000719100000| Complete 
| 242|0x0000000719200000, 0x0000000719300000, 0x0000000719300000|100%| E|CS|TAMS 0x0000000719200000, 0x0000000719200000| Complete 
| 243|0x0000000719300000, 0x0000000719400000, 0x0000000719400000|100%| E|CS|TAMS 0x0000000719300000, 0x0000000719300000| Complete 
| 244|0x0000000719400000, 0x0000000719500000, 0x0000000719500000|100%| E|CS|TAMS 0x0000000719400000, 0x0000000719400000| Complete 
| 245|0x0000000719500000, 0x0000000719600000, 0x0000000719600000|100%| E|CS|TAMS 0x0000000719500000, 0x0000000719500000| Complete 
| 246|0x0000000719600000, 0x0000000719700000, 0x0000000719700000|100%| E|CS|TAMS 0x0000000719600000, 0x0000000719600000| Complete 
| 247|0x0000000719700000, 0x0000000719800000, 0x0000000719800000|100%| E|CS|TAMS 0x0000000719700000, 0x0000000719700000| Complete 
| 248|0x0000000719800000, 0x0000000719900000, 0x0000000719900000|100%| E|CS|TAMS 0x0000000719800000, 0x0000000719800000| Complete 
| 249|0x0000000719900000, 0x0000000719a00000, 0x0000000719a00000|100%| E|CS|TAMS 0x0000000719900000, 0x0000000719900000| Complete 
| 250|0x0000000719a00000, 0x0000000719b00000, 0x0000000719b00000|100%| E|CS|TAMS 0x0000000719a00000, 0x0000000719a00000| Complete 
| 251|0x0000000719b00000, 0x0000000719c00000, 0x0000000719c00000|100%| E|CS|TAMS 0x0000000719b00000, 0x0000000719b00000| Complete 
| 252|0x0000000719c00000, 0x0000000719d00000, 0x0000000719d00000|100%| E|CS|TAMS 0x0000000719c00000, 0x0000000719c00000| Complete 
| 253|0x0000000719d00000, 0x0000000719e00000, 0x0000000719e00000|100%| E|CS|TAMS 0x0000000719d00000, 0x0000000719d00000| Complete 
| 254|0x0000000719e00000, 0x0000000719f00000, 0x0000000719f00000|100%| E|CS|TAMS 0x0000000719e00000, 0x0000000719e00000| Complete 
| 255|0x0000000719f00000, 0x000000071a000000, 0x000000071a000000|100%| E|CS|TAMS 0x0000000719f00000, 0x0000000719f00000| Complete 
| 256|0x000000071a000000, 0x000000071a100000, 0x000000071a100000|100%| E|CS|TAMS 0x000000071a000000, 0x000000071a000000| Complete 
| 257|0x000000071a100000, 0x000000071a200000, 0x000000071a200000|100%| E|CS|TAMS 0x000000071a100000, 0x000000071a100000| Complete 
| 258|0x000000071a200000, 0x000000071a300000, 0x000000071a300000|100%| E|CS|TAMS 0x000000071a200000, 0x000000071a200000| Complete 
| 259|0x000000071a300000, 0x000000071a400000, 0x000000071a400000|100%| E|CS|TAMS 0x000000071a300000, 0x000000071a300000| Complete 
| 260|0x000000071a400000, 0x000000071a500000, 0x000000071a500000|100%| E|CS|TAMS 0x000000071a400000, 0x000000071a400000| Complete 
| 261|0x000000071a500000, 0x000000071a600000, 0x000000071a600000|100%| E|CS|TAMS 0x000000071a500000, 0x000000071a500000| Complete 
| 262|0x000000071a600000, 0x000000071a700000, 0x000000071a700000|100%| E|CS|TAMS 0x000000071a600000, 0x000000071a600000| Complete 
| 263|0x000000071a700000, 0x000000071a800000, 0x000000071a800000|100%| E|CS|TAMS 0x000000071a700000, 0x000000071a700000| Complete 
| 264|0x000000071a800000, 0x000000071a900000, 0x000000071a900000|100%| E|CS|TAMS 0x000000071a800000, 0x000000071a800000| Complete 
| 265|0x000000071a900000, 0x000000071aa00000, 0x000000071aa00000|100%| E|CS|TAMS 0x000000071a900000, 0x000000071a900000| Complete 
| 266|0x000000071aa00000, 0x000000071ab00000, 0x000000071ab00000|100%| E|CS|TAMS 0x000000071aa00000, 0x000000071aa00000| Complete 
| 267|0x000000071ab00000, 0x000000071ac00000, 0x000000071ac00000|100%| E|CS|TAMS 0x000000071ab00000, 0x000000071ab00000| Complete 
| 268|0x000000071ac00000, 0x000000071ad00000, 0x000000071ad00000|100%| E|CS|TAMS 0x000000071ac00000, 0x000000071ac00000| Complete 
| 269|0x000000071ad00000, 0x000000071ae00000, 0x000000071ae00000|100%| E|CS|TAMS 0x000000071ad00000, 0x000000071ad00000| Complete 
| 270|0x000000071ae00000, 0x000000071af00000, 0x000000071af00000|100%| E|CS|TAMS 0x000000071ae00000, 0x000000071ae00000| Complete 
| 271|0x000000071af00000, 0x000000071b000000, 0x000000071b000000|100%| E|CS|TAMS 0x000000071af00000, 0x000000071af00000| Complete 
| 272|0x000000071b000000, 0x000000071b100000, 0x000000071b100000|100%| E|CS|TAMS 0x000000071b000000, 0x000000071b000000| Complete 
| 273|0x000000071b100000, 0x000000071b200000, 0x000000071b200000|100%| E|CS|TAMS 0x000000071b100000, 0x000000071b100000| Complete 
| 274|0x000000071b200000, 0x000000071b300000, 0x000000071b300000|100%| E|CS|TAMS 0x000000071b200000, 0x000000071b200000| Complete 
| 275|0x000000071b300000, 0x000000071b400000, 0x000000071b400000|100%| E|CS|TAMS 0x000000071b300000, 0x000000071b300000| Complete 
| 276|0x000000071b400000, 0x000000071b500000, 0x000000071b500000|100%| E|CS|TAMS 0x000000071b400000, 0x000000071b400000| Complete 
| 277|0x000000071b500000, 0x000000071b600000, 0x000000071b600000|100%| E|CS|TAMS 0x000000071b500000, 0x000000071b500000| Complete 
| 278|0x000000071b600000, 0x000000071b700000, 0x000000071b700000|100%| E|CS|TAMS 0x000000071b600000, 0x000000071b600000| Complete 
| 279|0x000000071b700000, 0x000000071b800000, 0x000000071b800000|100%| E|CS|TAMS 0x000000071b700000, 0x000000071b700000| Complete 
| 280|0x000000071b800000, 0x000000071b900000, 0x000000071b900000|100%| E|CS|TAMS 0x000000071b800000, 0x000000071b800000| Complete 
| 281|0x000000071b900000, 0x000000071ba00000, 0x000000071ba00000|100%| E|CS|TAMS 0x000000071b900000, 0x000000071b900000| Complete 
| 282|0x000000071ba00000, 0x000000071bb00000, 0x000000071bb00000|100%| E|CS|TAMS 0x000000071ba00000, 0x000000071ba00000| Complete 
| 283|0x000000071bb00000, 0x000000071bc00000, 0x000000071bc00000|100%| E|CS|TAMS 0x000000071bb00000, 0x000000071bb00000| Complete 
| 284|0x000000071bc00000, 0x000000071bd00000, 0x000000071bd00000|100%| E|CS|TAMS 0x000000071bc00000, 0x000000071bc00000| Complete 
| 285|0x000000071bd00000, 0x000000071be00000, 0x000000071be00000|100%| E|CS|TAMS 0x000000071bd00000, 0x000000071bd00000| Complete 
| 286|0x000000071be00000, 0x000000071bf00000, 0x000000071bf00000|100%| E|CS|TAMS 0x000000071be00000, 0x000000071be00000| Complete 
| 287|0x000000071bf00000, 0x000000071c000000, 0x000000071c000000|100%| E|CS|TAMS 0x000000071bf00000, 0x000000071bf00000| Complete 
| 288|0x000000071c000000, 0x000000071c100000, 0x000000071c100000|100%| E|CS|TAMS 0x000000071c000000, 0x000000071c000000| Complete 
| 289|0x000000071c100000, 0x000000071c200000, 0x000000071c200000|100%| E|CS|TAMS 0x000000071c100000, 0x000000071c100000| Complete 
| 290|0x000000071c200000, 0x000000071c300000, 0x000000071c300000|100%| E|CS|TAMS 0x000000071c200000, 0x000000071c200000| Complete 
| 291|0x000000071c300000, 0x000000071c400000, 0x000000071c400000|100%| E|CS|TAMS 0x000000071c300000, 0x000000071c300000| Complete 
| 292|0x000000071c400000, 0x000000071c500000, 0x000000071c500000|100%| E|CS|TAMS 0x000000071c400000, 0x000000071c400000| Complete 
| 293|0x000000071c500000, 0x000000071c600000, 0x000000071c600000|100%| E|CS|TAMS 0x000000071c500000, 0x000000071c500000| Complete 
| 294|0x000000071c600000, 0x000000071c700000, 0x000000071c700000|100%| E|CS|TAMS 0x000000071c600000, 0x000000071c600000| Complete 
| 295|0x000000071c700000, 0x000000071c800000, 0x000000071c800000|100%| E|CS|TAMS 0x000000071c700000, 0x000000071c700000| Complete 

Card table byte_map: [0x000002263f900000,0x00000226400b0000] _byte_map_base: 0x000002263c0b0000

Marking Bits (Prev, Next): (CMBitMap*) 0x00000226277fa698, (CMBitMap*) 0x00000226277fa6d0
 Prev Bits: [0x0000022640860000, 0x00000226445e0000)
 Next Bits: [0x00000226445e0000, 0x0000022648360000)

Polling page: 0x00000226255a0000

Metaspace:

Usage:
  Non-class:     39.27 MB capacity,    38.33 MB ( 98%) used,   784.98 KB (  2%) free+waste,   173.75 KB ( <1%) overhead. 
      Class:      6.37 MB capacity,     5.74 MB ( 90%) used,   551.21 KB (  8%) free+waste,    86.13 KB (  1%) overhead. 
       Both:     45.64 MB capacity,    44.08 MB ( 97%) used,     1.30 MB (  3%) free+waste,   259.88 KB ( <1%) overhead. 

Virtual space:
  Non-class space:       40.00 MB reserved,      39.42 MB ( 99%) committed 
      Class space:        1.00 GB reserved,       6.45 MB ( <1%) committed 
             Both:        1.04 GB reserved,      45.87 MB (  4%) committed 

Chunk freelists:
   Non-Class:  3.63 KB
       Class:  1.00 KB
        Both:  4.63 KB

CodeHeap 'non-profiled nmethods': size=238336Kb used=6493Kb max_used=6493Kb free=231842Kb
 bounds [0x0000022630340000, 0x00000226309a0000, 0x000002263ec00000]
CodeHeap 'non-nmethods': size=7424Kb used=1207Kb max_used=1207Kb free=6216Kb
 bounds [0x000002262fc00000, 0x000002262fe70000, 0x0000022630340000]
 total_blobs=4524 nmethods=3974 adapters=475
 compilation: enabled
              stopped_count=0, restarted_count=0
 full_count=0

Compilation events (10 events):
Event: 2.874 Thread 0x000002264b9f7000 3987       1       java.security.Provider$Service::getProvider (5 bytes)
Event: 2.874 Thread 0x000002264b9f7000 nmethod 3987 0x0000022630996490 code [0x0000022630996620, 0x0000022630996738]
Event: 2.874 Thread 0x000002264b9f7000 3991       1       java.security.Provider$UString::toString (5 bytes)
Event: 2.875 Thread 0x000002264b9f7000 nmethod 3991 0x0000022630996790 code [0x0000022630996920, 0x0000022630996a38]
Event: 2.875 Thread 0x000002264b9f7000 3992       1       java.security.Provider$Service::getClassName (5 bytes)
Event: 2.875 Thread 0x000002264b9f7000 nmethod 3992 0x0000022630996a90 code [0x0000022630996c20, 0x0000022630996d38]
Event: 2.875 Thread 0x000002264b9f7000 3993       1       java.util.HashMap::clear (50 bytes)
Event: 2.875 Thread 0x000002264b9f7000 nmethod 3993 0x0000022630996d90 code [0x0000022630996f20, 0x00000226309970b8]
Event: 2.875 Thread 0x000002264b9f7000 3994       1       java.security.Provider::checkInitialized (16 bytes)
Event: 2.875 Thread 0x000002264b9f7000 nmethod 3994 0x0000022630997190 code [0x0000022630997340, 0x0000022630997510]

GC Heap History (10 events):
Event: 0.671 GC heap after
{Heap after GC invocations=1 (full 0):
 garbage-first heap   total 251904K, used 7154K [0x000000070a000000, 0x0000000800000000)
  region size 1024K, 3 young (3072K), 3 survivors (3072K)
 Metaspace       used 14082K, capacity 14427K, committed 14720K, reserved 1062912K
  class space    used 1488K, capacity 1601K, committed 1664K, reserved 1048576K
}
Event: 0.954 GC heap before
{Heap before GC invocations=1 (full 0):
 garbage-first heap   total 251904K, used 69618K [0x000000070a000000, 0x0000000800000000)
  region size 1024K, 65 young (66560K), 3 survivors (3072K)
 Metaspace       used 17942K, capacity 18469K, committed 18688K, reserved 1064960K
  class space    used 2029K, capacity 2236K, committed 2304K, reserved 1048576K
}
Event: 0.958 GC heap after
{Heap after GC invocations=2 (full 0):
 garbage-first heap   total 251904K, used 8469K [0x000000070a000000, 0x0000000800000000)
  region size 1024K, 5 young (5120K), 5 survivors (5120K)
 Metaspace       used 17942K, capacity 18469K, committed 18688K, reserved 1064960K
  class space    used 2029K, capacity 2236K, committed 2304K, reserved 1048576K
}
Event: 1.099 GC heap before
{Heap before GC invocations=2 (full 0):
 garbage-first heap   total 251904K, used 26901K [0x000000070a000000, 0x0000000800000000)
  region size 1024K, 25 young (25600K), 5 survivors (5120K)
 Metaspace       used 20717K, capacity 21256K, committed 21296K, reserved 1069056K
  class space    used 2431K, capacity 2670K, committed 2688K, reserved 1048576K
}
Event: 1.103 GC heap after
{Heap after GC invocations=3 (full 0):
 garbage-first heap   total 251904K, used 9069K [0x000000070a000000, 0x0000000800000000)
  region size 1024K, 5 young (5120K), 5 survivors (5120K)
 Metaspace       used 20717K, capacity 21256K, committed 21296K, reserved 1069056K
  class space    used 2431K, capacity 2670K, committed 2688K, reserved 1048576K
}
Event: 1.341 GC heap before
{Heap before GC invocations=4 (full 0):
 garbage-first heap   total 251904K, used 86893K [0x000000070a000000, 0x0000000800000000)
  region size 1024K, 82 young (83968K), 5 survivors (5120K)
 Metaspace       used 26543K, capacity 27325K, committed 27644K, reserved 1073152K
  class space    used 3225K, capacity 3524K, committed 3660K, reserved 1048576K
}
Event: 1.345 GC heap after
{Heap after GC invocations=5 (full 0):
 garbage-first heap   total 251904K, used 11320K [0x000000070a000000, 0x0000000800000000)
  region size 1024K, 8 young (8192K), 8 survivors (8192K)
 Metaspace       used 26543K, capacity 27325K, committed 27644K, reserved 1073152K
  class space    used 3225K, capacity 3524K, committed 3660K, reserved 1048576K
}
Event: 2.170 GC heap before
{Heap before GC invocations=5 (full 0):
 garbage-first heap   total 251904K, used 97336K [0x000000070a000000, 0x0000000800000000)
  region size 1024K, 93 young (95232K), 8 survivors (8192K)
 Metaspace       used 34520K, capacity 35853K, committed 35964K, reserved 1081344K
  class space    used 4414K, capacity 4963K, committed 5068K, reserved 1048576K
}
Event: 2.182 GC heap after
{Heap after GC invocations=6 (full 0):
 garbage-first heap   total 303104K, used 15874K [0x000000070a000000, 0x0000000800000000)
  region size 1024K, 12 young (12288K), 12 survivors (12288K)
 Metaspace       used 34520K, capacity 35853K, committed 35964K, reserved 1081344K
  class space    used 4414K, capacity 4963K, committed 5068K, reserved 1048576K
}
Event: 2.875 GC heap before
{Heap before GC invocations=7 (full 0):
 garbage-first heap   total 303104K, used 183810K [0x000000070a000000, 0x0000000800000000)
  region size 1024K, 177 young (181248K), 12 survivors (12288K)
 Metaspace       used 45134K, capacity 46731K, committed 46972K, reserved 1089536K
  class space    used 5882K, capacity 6520K, committed 6604K, reserved 1048576K
}

Deoptimization events (0 events):
No events

Classes redefined (0 events):
No events

Internal exceptions (10 events):
Event: 2.531 Thread 0x000002264d0d2800 Exception <a 'java/lang/ClassNotFoundException'{0x0000000715af76f8}: org/springframework/context/ApplicationContextAwareCustomizer> (0x0000000715af76f8) thrown at [./open/src/hotspot/share/classfile/systemDictionary.cpp, line 228]
Event: 2.532 Thread 0x000002264d0d2800 Exception <a 'java/lang/ClassNotFoundException'{0x0000000715908460}: org/springframework/beans/factory/AwareCustomizer> (0x0000000715908460) thrown at [./open/src/hotspot/share/classfile/systemDictionary.cpp, line 228]
Event: 2.532 Thread 0x000002264d0d2800 Exception <a 'java/lang/ClassNotFoundException'{0x0000000715918d48}: org/springframework/web/context/ServletContextAwareCustomizer> (0x0000000715918d48) thrown at [./open/src/hotspot/share/classfile/systemDictionary.cpp, line 228]
Event: 2.533 Thread 0x000002264d0d2800 Exception <a 'java/lang/ClassNotFoundException'{0x0000000715929090}: org/springframework/beans/factory/AwareCustomizer> (0x0000000715929090) thrown at [./open/src/hotspot/share/classfile/systemDictionary.cpp, line 228]
Event: 2.709 Thread 0x000002264d0d2800 Exception <a 'java/lang/IncompatibleClassChangeError'{0x0000000713ff0460}: Found class java.lang.Object, but interface was expected> (0x0000000713ff0460) thrown at [./open/src/hotspot/share/interpreter/linkResolver.cpp, line 838]
Event: 2.748 Thread 0x000002264d0d2800 Exception <a 'java/lang/NoSuchMethodError'{0x0000000713a02e38}: java.lang.invoke.DirectMethodHandle$Holder.invokeStaticInit(Ljava/lang/Object;Ljava/lang/Object;Ljava/lang/Object;Ljava/lang/Object;)I> (0x0000000713a02e38) thrown at [./open/src/hotspot/shar
Event: 2.856 Thread 0x000002264d0d2800 Exception <a 'java/lang/NoSuchMethodError'{0x0000000711da0d68}: java.lang.invoke.DirectMethodHandle$Holder.invokeSpecial(Ljava/lang/Object;Ljava/lang/Object;ILjava/lang/Object;ILjava/lang/Object;)Ljava/lang/Object;> (0x0000000711da0d68) thrown at [./open/
Event: 2.857 Thread 0x000002264d0d2800 Exception <a 'java/lang/NoSuchMethodError'{0x0000000711da84f0}: java.lang.invoke.DirectMethodHandle$Holder.invokeStatic(Ljava/lang/Object;Ljava/lang/Object;ILjava/lang/Object;I)Ljava/lang/Object;> (0x0000000711da84f0) thrown at [./open/src/hotspot/share/i
Event: 2.857 Thread 0x000002264d0d2800 Exception <a 'java/lang/NoSuchMethodError'{0x0000000711dabcc8}: java.lang.invoke.DirectMethodHandle$Holder.invokeSpecial(Ljava/lang/Object;Ljava/lang/Object;Ljava/lang/Object;ILjava/lang/Object;I)Ljava/lang/Object;> (0x0000000711dabcc8) thrown at [./open/
Event: 2.858 Thread 0x000002264d0d2800 Exception <a 'java/lang/NoSuchMethodError'{0x0000000711db88c0}: java.lang.invoke.DirectMethodHandle$Holder.invokeVirtual(Ljava/lang/Object;Ljava/lang/Object;)V> (0x0000000711db88c0) thrown at [./open/src/hotspot/share/interpreter/linkResolver.cpp, line 77

Events (10 events):
Event: 2.874 loading class org/apache/tomcat/util/net/Acceptor done
Event: 2.874 loading class com/sun/crypto/provider/SunJCE done
Event: 2.874 loading class org/apache/tomcat/util/net/Acceptor$AcceptorState
Event: 2.874 loading class org/apache/tomcat/util/net/Acceptor$AcceptorState done
Event: 2.875 Thread 0x000002264f93d800 Thread added: 0x000002264f93d800
Event: 2.875 loading class org/apache/coyote/AbstractProtocol$1
Event: 2.875 loading class org/apache/coyote/AbstractProtocol$1 done
Event: 2.875 loading class org/apache/coyote/AbstractProtocol$2
Event: 2.875 loading class org/apache/coyote/AbstractProtocol$2 done
Event: 2.875 Executing VM operation: G1CollectForAllocation


Dynamic libraries:
0x00007ff691670000 - 0x00007ff69167f000 	C:\Program Files\Java\jdk-11.0.9\bin\java.exe
0x00007ffca13c0000 - 0x00007ffca15b0000 	C:\Windows\SYSTEM32\ntdll.dll
0x00007ffca0270000 - 0x00007ffca0322000 	C:\Windows\System32\KERNEL32.DLL
0x00007ffc9ecc0000 - 0x00007ffc9ef65000 	C:\Windows\System32\KERNELBASE.dll
0x00007ffc9eb60000 - 0x00007ffc9ec5a000 	C:\Windows\System32\ucrtbase.dll
0x00007ffc7a1d0000 - 0x00007ffc7a1e8000 	C:\Program Files\Java\jdk-11.0.9\bin\jli.dll
0x00007ffc6c7a0000 - 0x00007ffc6c7b5000 	C:\Program Files\Java\jdk-11.0.9\bin\VCRUNTIME140.dll
0x00007ffc9ffa0000 - 0x00007ffca0043000 	C:\Windows\System32\ADVAPI32.dll
0x00007ffc9fa80000 - 0x00007ffc9fb1e000 	C:\Windows\System32\msvcrt.dll
0x00007ffc9fc00000 - 0x00007ffc9fc97000 	C:\Windows\System32\sechost.dll
0x00007ffca1260000 - 0x00007ffca1380000 	C:\Windows\System32\RPCRT4.dll
0x00007ffca0420000 - 0x00007ffca05b4000 	C:\Windows\System32\USER32.dll
0x00007ffc9e330000 - 0x00007ffc9e351000 	C:\Windows\System32\win32u.dll
0x00007ffc8cba0000 - 0x00007ffc8ce24000 	C:\Windows\WinSxS\amd64_microsoft.windows.common-controls_6595b64144ccf1df_6.0.18362.1256_none_9e7e379be45e40e2\COMCTL32.dll
0x00007ffca0e70000 - 0x00007ffca11a6000 	C:\Windows\System32\combase.dll
0x00007ffc9fca0000 - 0x00007ffc9fcc6000 	C:\Windows\System32\GDI32.dll
0x00007ffc9f2d0000 - 0x00007ffc9f466000 	C:\Windows\System32\gdi32full.dll
0x00007ffc9f240000 - 0x00007ffc9f2c1000 	C:\Windows\System32\bcryptPrimitives.dll
0x00007ffc9ef70000 - 0x00007ffc9f00e000 	C:\Windows\System32\msvcp_win.dll
0x00007ffc96520000 - 0x00007ffc9652a000 	C:\Windows\SYSTEM32\VERSION.dll
0x00007ffc9f470000 - 0x00007ffc9f49e000 	C:\Windows\System32\IMM32.DLL
0x00007ffc46140000 - 0x00007ffc461db000 	C:\Program Files\Java\jdk-11.0.9\bin\msvcp140.dll
0x00007ffc2ab60000 - 0x00007ffc2b657000 	C:\Program Files\Java\jdk-11.0.9\bin\server\jvm.dll
0x00007ffc9fbf0000 - 0x00007ffc9fbf8000 	C:\Windows\System32\PSAPI.DLL
0x00007ffc8da80000 - 0x00007ffc8da89000 	C:\Windows\SYSTEM32\WSOCK32.dll
0x00007ffc9aee0000 - 0x00007ffc9af04000 	C:\Windows\SYSTEM32\WINMM.dll
0x00007ffca0050000 - 0x00007ffca00bf000 	C:\Windows\System32\WS2_32.dll
0x00007ffc9aeb0000 - 0x00007ffc9aedd000 	C:\Windows\SYSTEM32\winmmbase.dll
0x00007ffc9e380000 - 0x00007ffc9e3ca000 	C:\Windows\System32\cfgmgr32.dll
0x00007ffc9e270000 - 0x00007ffc9e281000 	C:\Windows\System32\kernel.appcore.dll
0x00007ffc80a40000 - 0x00007ffc80a50000 	C:\Program Files\Java\jdk-11.0.9\bin\verify.dll
0x00007ffc95390000 - 0x00007ffc95584000 	C:\Windows\SYSTEM32\DBGHELP.DLL
0x00007ffc8a090000 - 0x00007ffc8a0ba000 	C:\Windows\SYSTEM32\dbgcore.DLL
0x00007ffc6c280000 - 0x00007ffc6c2a8000 	C:\Program Files\Java\jdk-11.0.9\bin\java.dll
0x00007ffc808c0000 - 0x00007ffc808ca000 	C:\Program Files\Java\jdk-11.0.9\bin\jimage.dll
0x00007ffc7b8f0000 - 0x00007ffc7b8fe000 	C:\Program Files\Java\jdk-11.0.9\bin\instrument.dll
0x00007ffc6a510000 - 0x00007ffc6a526000 	C:\Program Files\Java\jdk-11.0.9\bin\zip.dll
0x00007ffca05c0000 - 0x00007ffca0ca7000 	C:\Windows\System32\SHELL32.dll
0x00007ffca0d30000 - 0x00007ffca0dd9000 	C:\Windows\System32\shcore.dll
0x00007ffc9e3d0000 - 0x00007ffc9eb51000 	C:\Windows\System32\windows.storage.dll
0x00007ffc9e2e0000 - 0x00007ffc9e303000 	C:\Windows\System32\profapi.dll
0x00007ffc9e290000 - 0x00007ffc9e2da000 	C:\Windows\System32\powrprof.dll
0x00007ffc9e260000 - 0x00007ffc9e270000 	C:\Windows\System32\UMPDC.dll
0x00007ffc9fcd0000 - 0x00007ffc9fd22000 	C:\Windows\System32\shlwapi.dll
0x00007ffc9e360000 - 0x00007ffc9e377000 	C:\Windows\System32\cryptsp.dll
0x00007ffc6a4f0000 - 0x00007ffc6a509000 	C:\Program Files\Java\jdk-11.0.9\bin\net.dll
0x00007ffc92cc0000 - 0x00007ffc92db0000 	C:\Windows\SYSTEM32\WINHTTP.dll
0x00007ffc9da50000 - 0x00007ffc9dab7000 	C:\Windows\system32\mswsock.dll
0x00007ffc6a4d0000 - 0x00007ffc6a4e2000 	C:\Program Files\Java\jdk-11.0.9\bin\nio.dll
0x00007ffc6a4b0000 - 0x00007ffc6a4ca000 	C:\Program Files\JetBrains\IntelliJ IDEA 2020.3\bin\breakgen64.dll
0x00007ffc9d7a0000 - 0x00007ffc9d86b000 	C:\Windows\SYSTEM32\DNSAPI.dll
0x00007ffc9f600000 - 0x00007ffc9f608000 	C:\Windows\System32\NSI.dll
0x00007ffc9d760000 - 0x00007ffc9d79a000 	C:\Windows\SYSTEM32\IPHLPAPI.DLL
0x00007ffc8e7d0000 - 0x00007ffc8e7da000 	C:\Windows\System32\rasadhlp.dll
0x00007ffc95310000 - 0x00007ffc95387000 	C:\Windows\System32\fwpuclnt.dll
0x00007ffc9f210000 - 0x00007ffc9f236000 	C:\Windows\System32\bcrypt.dll
0x00007ffc7ccb0000 - 0x00007ffc7ccb9000 	C:\Program Files\Java\jdk-11.0.9\bin\management.dll
0x00007ffc7ba20000 - 0x00007ffc7ba2b000 	C:\Program Files\Java\jdk-11.0.9\bin\management_ext.dll
0x00007ffc9d5c0000 - 0x00007ffc9d5f3000 	C:\Windows\system32\rsaenh.dll
0x00007ffc9e140000 - 0x00007ffc9e165000 	C:\Windows\SYSTEM32\USERENV.dll
0x00007ffc9dc20000 - 0x00007ffc9dc2c000 	C:\Windows\SYSTEM32\CRYPTBASE.dll
0x00007ffc956b0000 - 0x00007ffc956c6000 	C:\Windows\SYSTEM32\dhcpcsvc6.DLL
0x00007ffc96500000 - 0x00007ffc9651c000 	C:\Windows\SYSTEM32\dhcpcsvc.DLL
0x00007ffc82440000 - 0x00007ffc82456000 	C:\Windows\system32\napinsp.dll
0x00007ffc829c0000 - 0x00007ffc829da000 	C:\Windows\system32\pnrpnsp.dll
0x00007ffc829b0000 - 0x00007ffc829be000 	C:\Windows\System32\winrnr.dll
0x00007ffc9aa60000 - 0x00007ffc9aa7c000 	C:\Windows\system32\NLAapi.dll
0x00007ffc82420000 - 0x00007ffc82435000 	C:\Windows\system32\wshbth.dll
0x0000000180000000 - 0x0000000180285000 	C:\ProgramData\chocolatey\lib\Tomcat\tools\apache-tomcat-9.0.40\bin\tcnative-1.dll
0x00007ffc9f010000 - 0x00007ffc9f159000 	C:\Windows\System32\CRYPT32.dll
0x00007ffc9e310000 - 0x00007ffc9e322000 	C:\Windows\System32\MSASN1.dll
0x00007ffc69fb0000 - 0x00007ffc69fd5000 	C:\Program Files\Java\jdk-11.0.9\bin\sunec.dll

dbghelp: loaded successfully - version: 4.0.5 - missing functions: none
symbol engine: initialized successfully - sym options: 0x614 - pdb path: .;C:\Program Files\Java\jdk-11.0.9\bin;C:\Windows\SYSTEM32;C:\Windows\WinSxS\amd64_microsoft.windows.common-controls_6595b64144ccf1df_6.0.18362.1256_none_9e7e379be45e40e2;C:\Program Files\Java\jdk-11.0.9\bin\server;C:\Program Files\JetBrains\IntelliJ IDEA 2020.3\bin;C:\ProgramData\chocolatey\lib\Tomcat\tools\apache-tomcat-9.0.40\bin

VM Arguments:
jvm_args: -XX:TieredStopAtLevel=1 -Xverify:none -Dspring.output.ansi.enabled=always -javaagent:C:\Program Files\JetBrains\IntelliJ IDEA 2020.3\lib\idea_rt.jar=53069:C:\Program Files\JetBrains\IntelliJ IDEA 2020.3\bin -Dcom.sun.management.jmxremote -Dspring.jmx.enabled=true -Dspring.liveBeansView.mbeanDomain -Dspring.application.admin.enabled=true -Dfile.encoding=UTF-8 
java_command: com.cg.employeepayrollspring.EmployeePayrollSpringApplication
java_class_path (initial): C:\Users\AVinash\IdeaProjects\employeepayrollspringapplication\build\classes\java\main;C:\Users\AVinash\IdeaProjects\employeepayrollspringapplication\build\resources\main;C:\Users\AVinash\.gradle\caches\modules-2\files-2.1\org.projectlombok\lombok\1.18.16\6dc192c7f93ec1853f70d59d8a6dcf94eb42866\lombok-1.18.16.jar;C:\Users\AVinash\.gradle\caches\modules-2\files-2.1\org.springframework.boot\spring-boot-starter-data-jpa\2.4.0\fd0c82c6582c09f9525e40d79e06c314d81daa9d\spring-boot-starter-data-jpa-2.4.0.jar;C:\Users\AVinash\.gradle\caches\modules-2\files-2.1\org.springframework.boot\spring-boot-starter-validation\2.4.0\739a3c3d0b08be3c8dfbed08c26b6a633148e186\spring-boot-starter-validation-2.4.0.jar;C:\Users\AVinash\.gradle\caches\modules-2\files-2.1\org.springframework.boot\spring-boot-starter-web\2.4.0\4bdd422c370d1d66ffc12ecafdecc70cad406367\spring-boot-starter-web-2.4.0.jar;C:\Users\AVinash\.gradle\caches\modules-2\files-2.1\org.springframework.boot\spring-boot-starter-aop\2.4.0\27e4f5d5d1ccd6dff2c02e52b36b673257da1d9e\spring-boot-starter-aop-2.4.0.jar;C:\Users\AVinash\.gradle\caches\modules-2\files-2.1\org.springframework.boot\spring-boot-starter-jdbc\2.4.0\536d4d8b20619286d00609743048fca313160498\spring-boot-starter-jdbc-2.4.0.jar;C:\Users\AVinash\.gradle\caches\modules-2\files-2.1\jakarta.transaction\jakarta.transaction-api\1.3.3\c4179d48720a1e87202115fbed6089bdc4195405\jakarta.transaction-api-1.3.3.jar;C:\Users\AVinash\.gradle\caches\modules-2\files-2.1\jakarta.persistence\jakarta.persistence-api\2.2.3\8f6ea5daedc614f07a3654a455660145286f024e\jakarta.persistence-api-2.2.3.jar;C:\Users\AVinash\.gradle\caches\modules-2\files-2.1\org.hibernate\hibernate-core\5.4.23.Final\a0a0eaafeab33ebd42a1df1390070a3bd26db7c0\hibernate-core-5.4.23.Final.jar;C:\Users\AVinash\.gradle\caches\modules-2\files-2.1\org.springframework.data\spring-data-jpa\2.4.1\ad179735be540e3514bda3cda6a4aa36f86f663e\spring-data-jpa-2.4.1.jar;C:\Users\AVinash\.gradle\caches\m
Launcher Type: SUN_STANDARD

[Global flags]
     bool BytecodeVerificationLocal                = false                                     {product} {command line}
     bool BytecodeVerificationRemote               = false                                     {product} {command line}
     intx CICompilerCount                          = 4                                         {product} {ergonomic}
     uint ConcGCThreads                            = 3                                         {product} {ergonomic}
     uint G1ConcRefinementThreads                  = 10                                        {product} {ergonomic}
   size_t G1HeapRegionSize                         = 1048576                                   {product} {ergonomic}
    uintx GCDrainStackTargetSize                   = 64                                        {product} {ergonomic}
   size_t InitialHeapSize                          = 257949696                                 {product} {ergonomic}
     bool ManagementServer                         = true                                      {product} {command line}
   size_t MarkStackSize                            = 4194304                                   {product} {ergonomic}
   size_t MaxHeapSize                              = 4127195136                                {product} {ergonomic}
   size_t MaxNewSize                               = 2475687936                                {product} {ergonomic}
   size_t MinHeapDeltaBytes                        = 1048576                                   {product} {ergonomic}
    uintx NonNMethodCodeHeapSize                   = 7549744                                {pd product} {ergonomic}
    uintx NonProfiledCodeHeapSize                  = 244108496                              {pd product} {ergonomic}
    uintx ProfiledCodeHeapSize                     = 0                                      {pd product} {ergonomic}
    uintx ReservedCodeCacheSize                    = 251658240                              {pd product} {ergonomic}
     bool SegmentedCodeCache                       = true                                      {product} {ergonomic}
     intx TieredStopAtLevel                        = 1                                         {product} {command line}
     bool UseCompressedClassPointers               = true                                 {lp64_product} {ergonomic}
     bool UseCompressedOops                        = true                                 {lp64_product} {ergonomic}
     bool UseG1GC                                  = true                                      {product} {ergonomic}
     bool UseLargePagesIndividualAllocation        = false                                  {pd product} {ergonomic}

Logging:
Log output configuration:
 #0: stdout all=warning uptime,level,tags
 #1: stderr all=off uptime,level,tags

Environment Variables:
JAVA_HOME=C:\Program Files\OpenJDK\openjdk-11.0.9_11
JRE_HOME=C:\Program Files\Java\jdk-11.0.9
PATH=C:\Program Files\Common Files\Oracle\Java\javapath;C:\Windows\system32;C:\Windows;C:\Windows\System32\Wbem;C:\Windows\System32\WindowsPowerShell\v1.0\;C:\Windows\System32\OpenSSH\;C:\Program Files\NVIDIA Corporation\NVIDIA NvDLISR;C:\Program Files (x86)\NVIDIA Corporation\PhysX\Common;C:\Program Files\Git\cmd;C:\ProgramData\chocolatey\bin;C:\Program Files\OpenJDK\openjdk-11.0.9_11\bin;C:\Program Files\nodejs\;C:\ProgramData\chocolatey\lib\Tomcat\tools\apache-tomcat-9.0.40\bin;C:\Program Files\MySQL\MySQL Shell 8.0\bin\;C:\Users\AVinash\AppData\Local\Microsoft\WindowsApps;;C:\Users\AVinash\AppData\Local\Programs\Microsoft VS Code\bin;C:\Users\AVinash\AppData\Roaming\npm
USERNAME=AVinash
OS=Windows_NT
PROCESSOR_IDENTIFIER=AMD64 Family 23 Model 96 Stepping 1, AuthenticAMD



---------------  S Y S T E M  ---------------

OS: Windows 10 , 64 bit Build 18362 (10.0.18362.1110)

CPU:total 12 (initial active 12) (12 cores per cpu, 2 threads per core) family 23 model 96 stepping 1, cmov, cx8, fxsr, mmx, sse, sse2, sse3, ssse3, sse4.1, sse4.2, popcnt, avx, avx2, aes, clmul, mmxext, 3dnowpref, lzcnt, sse4a, ht, tsc, tscinvbit, tscinv, bmi1, bmi2, adx, sha, fma

Memory: 4k page, system-wide physical 15741M (9136M free)
TotalPageFile size 18685M (AvailPageFile size 8422M)
current process WorkingSet (physical memory assigned to process): 302M, peak: 302M
current process commit charge ("private bytes"): 457M, peak: 457M

vm_info: Java HotSpot(TM) 64-Bit Server VM (11.0.9+7-LTS) for windows-amd64 JRE (11.0.9+7-LTS), built on Sep 15 2020 16:47:03 by "mach5one" with MS VC++ 15.9 (VS2017)

END.
