#
# A fatal error has been detected by the Java Runtime Environment:
#
#  EXCEPTION_ACCESS_VIOLATION (0xc0000005) at pc=0x00007ff8a33e5633, pid=15196, tid=15308
#
# JRE version: Java(TM) SE Runtime Environment 18.9 (11.0.9+7) (build 11.0.9+7-LTS)
# Java VM: Java HotSpot(TM) 64-Bit Server VM 18.9 (11.0.9+7-LTS, mixed mode, tiered, compressed oops, g1 gc, windows-amd64)
# Problematic frame:
# V  [jvm.dll+0x345633]
#
# No core dump will be written. Minidumps are not enabled by default on client versions of Windows
#
# If you would like to submit a bug report, please visit:
#   https://bugreport.java.com/bugreport/crash.jsp
#

---------------  S U M M A R Y ------------

Command Line: --add-opens=java.base/java.util=ALL-UNNAMED --add-opens=java.base/java.lang=ALL-UNNAMED --add-opens=java.base/java.lang.invoke=ALL-UNNAMED --add-opens=java.prefs/java.util.prefs=ALL-UNNAMED -XX:MaxMetaspaceSize=256m -XX:+HeapDumpOnOutOfMemoryError -Xms256m -Xmx512m -Dfile.encoding=windows-1252 -Duser.country=IN -Duser.language=en -Duser.variant org.gradle.launcher.daemon.bootstrap.GradleDaemon 6.6.1

Host: AMD Ryzen 5 4600H with Radeon Graphics         , 12 cores, 15G,  Windows 10 , 64 bit Build 18362 (10.0.18362.1110)
Time: Fri Dec 11 12:13:12 2020 India Standard Time elapsed time: 644.868610 seconds (0d 0h 10m 44s)

---------------  T H R E A D  ---------------

Current thread (0x000002cbc91dc800):  JavaThread "C2 CompilerThread0" daemon [_thread_in_native, id=15308, stack(0x000000ddebc00000,0x000000ddebd00000)]


Current CompileTask:
C2: 644868 7491       4       org.gradle.api.internal.artifacts.ivyservice.modulecache.ModuleMetadataSerializer$Reader::readMavenDependency (142 bytes)

Stack: [0x000000ddebc00000,0x000000ddebd00000],  sp=0x000000ddebcfba10,  free space=1006k
Native frames: (J=compiled Java code, j=interpreted, Vv=VM code, C=native code)
V  [jvm.dll+0x345633]
V  [jvm.dll+0x34495a]
V  [jvm.dll+0x193dc0]
V  [jvm.dll+0x1fd5a2]
V  [jvm.dll+0x1fc64f]
V  [jvm.dll+0x17f08c]
V  [jvm.dll+0x20bc54]
V  [jvm.dll+0x209d2b]
V  [jvm.dll+0x7103d9]
V  [jvm.dll+0x709114]
V  [jvm.dll+0x610cb6]
C  [ucrtbase.dll+0x210b2]
C  [KERNEL32.DLL+0x17c24]
C  [ntdll.dll+0x6d4d1]


siginfo: EXCEPTION_ACCESS_VIOLATION (0xc0000005), reading address 0x000002cbd2f6c4e8


Register to memory mapping:

RIP=0x00007ff8a33e5633 jvm.dll
RAX=0x00000000000010d6 is an unknown value
RBX=0x00000000000009d6 is an unknown value
RCX=0x0000000000000005 is an unknown value
RDX=0x000002cbd2f6c460 is an unknown value
RSP=0x000000ddebcfba10 is pointing into the stack for thread: 0x000002cbc91dc800
RBP=0x00007ff8a30a0000 jvm.dll
RSI=0x000000ddebcfbfc0 is pointing into the stack for thread: 0x000002cbc91dc800
RDI=0x000002cbd2f26460 points into unknown readable memory: 00 00 00 00 00 00 00 00
R8 =0x000000ddebcfbc10 is pointing into the stack for thread: 0x000002cbc91dc800
R9 =0x00000000000010d6 is an unknown value
R10=0x00007ff8a30a0000 jvm.dll
R11=0x000002cbd139ddc0 points into unknown readable memory: 06 00 00 00 cb 02 00 00
R12=0x00000000000009d6 is an unknown value
R13=0x0000000000000004 is an unknown value
R14=0x0000000000000002 is an unknown value
R15=0x000000ddebcfbfc0 is pointing into the stack for thread: 0x000002cbc91dc800


Registers:
RAX=0x00000000000010d6, RBX=0x00000000000009d6, RCX=0x0000000000000005, RDX=0x000002cbd2f6c460
RSP=0x000000ddebcfba10, RBP=0x00007ff8a30a0000, RSI=0x000000ddebcfbfc0, RDI=0x000002cbd2f26460
R8 =0x000000ddebcfbc10, R9 =0x00000000000010d6, R10=0x00007ff8a30a0000, R11=0x000002cbd139ddc0
R12=0x00000000000009d6, R13=0x0000000000000004, R14=0x0000000000000002, R15=0x000000ddebcfbfc0
RIP=0x00007ff8a33e5633, EFLAGS=0x0000000000010206

Top of Stack: (sp=0x000000ddebcfba10)
0x000000ddebcfba10:   00000000000009d6 00007ff8a30a0000
0x000000ddebcfba20:   000000ddebcfbfc0 000002cbd13a2500
0x000000ddebcfba30:   000010d900000010 00007ff800000007
0x000000ddebcfba40:   000002cbd10e5c40 00007ff800000011
0x000000ddebcfba50:   000002cbd2716940 0000000000000011
0x000000ddebcfba60:   000002cbd1399a40 000002cbce227790
0x000000ddebcfba70:   0000000000000016 00007ff8a33e495a
0x000000ddebcfba80:   000002cbcd385f08 000002cbd22436b0
0x000000ddebcfba90:   000002cbd1399a40 000000ddebcfbad0
0x000000ddebcfbaa0:   0000000000000000 0000000000000000
0x000000ddebcfbab0:   0000000500000000 0000000000000000
0x000000ddebcfbac0:   000002cbd366caa0 00007ff8a38f9438
0x000000ddebcfbad0:   0000000000000000 0000000000000000
0x000000ddebcfbae0:   0000000000000000 00007ff8a38f9438
0x000000ddebcfbaf0:   000002cbd2f64500 000002cbcef232d0
0x000000ddebcfbb00:   00000000000003d8 000002cbcef232d0 

Instructions: (pc=0x00007ff8a33e5633)
0x00007ff8a33e5613:   c9 0f 84 60 01 00 00 66 0f 1f 44 00 00 4c 8b 46
0x00007ff8a33e5623:   70 41 8b c1 48 8d 14 80 48 c1 e2 05 49 03 50 20
0x00007ff8a33e5633:   8b 8a 88 00 00 00 23 8f 88 00 00 00 8b 82 84 00
0x00007ff8a33e5643:   00 00 23 87 84 00 00 00 0b c8 8b 82 80 00 00 00 


Stack slot to memory mapping:
stack at sp + 0 slots: 0x00000000000009d6 is an unknown value
stack at sp + 1 slots: 0x00007ff8a30a0000 jvm.dll
stack at sp + 2 slots: 0x000000ddebcfbfc0 is pointing into the stack for thread: 0x000002cbc91dc800
stack at sp + 3 slots: 0x000002cbd13a2500 points into unknown readable memory: 17 00 00 00 cb 02 00 00
stack at sp + 4 slots: 0x000010d900000010 is an unknown value
stack at sp + 5 slots: 0x00007ff800000007 is an unknown value
stack at sp + 6 slots: 0x000002cbd10e5c40 points into unknown readable memory: 00 00 00 00 00 00 00 00
stack at sp + 7 slots: 0x00007ff800000011 is an unknown value


---------------  P R O C E S S  ---------------

Threads class SMR info:
_java_thread_list=0x000002cbcbb896e0, length=75, elements={
0x000002cbacf09800, 0x000002cbc8879000, 0x000002cbc8882000, 0x000002cbc91d8800,
0x000002cbc91db800, 0x000002cbc91dc800, 0x000002cbc91e0000, 0x000002cbc91e3000,
0x000002cbc934f000, 0x000002cbc9360000, 0x000002cbcb135000, 0x000002cbc9d2f000,
0x000002cbca876000, 0x000002cbcb23a800, 0x000002cbcb23e000, 0x000002cbcb23e800,
0x000002cbce0ec800, 0x000002cbce0ea000, 0x000002cbcef50000, 0x000002cbcef48800,
0x000002cbcef47000, 0x000002cbcef49800, 0x000002cbcef4c000, 0x000002cbcef4a000,
0x000002cbcef4b000, 0x000002cbcef4c800, 0x000002cbcef4d800, 0x000002cbcef47800,
0x000002cbcef51800, 0x000002cbcef54000, 0x000002cbd1260800, 0x000002cbcef4e000,
0x000002cbcef4f000, 0x000002cbcef52800, 0x000002cbcef50800, 0x000002cbcef55000,
0x000002cbcef53000, 0x000002cbcef55800, 0x000002cbce0e9800, 0x000002cbce0f0000,
0x000002cbce0ef000, 0x000002cbce0eb000, 0x000002cbce0f1800, 0x000002cbce0f1000,
0x000002cbce0ec000, 0x000002cbce0f3000, 0x000002cbce0f8000, 0x000002cbce0f2800,
0x000002cbce0f4000, 0x000002cbce0f5000, 0x000002cbce0f5800, 0x000002cbce0f6800,
0x000002cbce0f7800, 0x000002cbcb23f800, 0x000002cbcb240000, 0x000002cbcb241000,
0x000002cbcb23b800, 0x000002cbcb23c000, 0x000002cbcb23d000, 0x000002cbd135e000,
0x000002cbd135f800, 0x000002cbd135f000, 0x000002cbd1361800, 0x000002cbd135d000,
0x000002cbd1362000, 0x000002cbd135c800, 0x000002cbd1363000, 0x000002cbd1364000,
0x000002cbd1364800, 0x000002cbd1365800, 0x000002cbd1366000, 0x000002cbd1360800,
0x000002cbd1367000, 0x000002cbd136a800, 0x000002cbd112a800
}

Java Threads: ( => current thread )
  0x000002cbacf09800 JavaThread "main" [_thread_blocked, id=15264, stack(0x000000ddeb100000,0x000000ddeb200000)]
  0x000002cbc8879000 JavaThread "Reference Handler" daemon [_thread_blocked, id=15292, stack(0x000000ddeb800000,0x000000ddeb900000)]
  0x000002cbc8882000 JavaThread "Finalizer" daemon [_thread_blocked, id=15296, stack(0x000000ddeb900000,0x000000ddeba00000)]
  0x000002cbc91d8800 JavaThread "Signal Dispatcher" daemon [_thread_blocked, id=15300, stack(0x000000ddeba00000,0x000000ddebb00000)]
  0x000002cbc91db800 JavaThread "Attach Listener" daemon [_thread_blocked, id=15304, stack(0x000000ddebb00000,0x000000ddebc00000)]
=>0x000002cbc91dc800 JavaThread "C2 CompilerThread0" daemon [_thread_in_native, id=15308, stack(0x000000ddebc00000,0x000000ddebd00000)]
  0x000002cbc91e0000 JavaThread "C1 CompilerThread0" daemon [_thread_blocked, id=15312, stack(0x000000ddebd00000,0x000000ddebe00000)]
  0x000002cbc91e3000 JavaThread "Sweeper thread" daemon [_thread_blocked, id=15316, stack(0x000000ddebe00000,0x000000ddebf00000)]
  0x000002cbc934f000 JavaThread "Common-Cleaner" daemon [_thread_blocked, id=15320, stack(0x000000ddebf00000,0x000000ddec000000)]
  0x000002cbc9360000 JavaThread "Service Thread" daemon [_thread_blocked, id=15324, stack(0x000000ddec000000,0x000000ddec100000)]
  0x000002cbcb135000 JavaThread "Daemon health stats" [_thread_blocked, id=14376, stack(0x000000ddec900000,0x000000ddeca00000)]
  0x000002cbc9d2f000 JavaThread "Incoming local TCP Connector on port 49825" [_thread_in_native, id=11200, stack(0x000000ddeca00000,0x000000ddecb00000)]
  0x000002cbca876000 JavaThread "Daemon periodic checks" [_thread_blocked, id=5864, stack(0x000000ddecb00000,0x000000ddecc00000)]
  0x000002cbcb23a800 JavaThread "Cache worker for file hash cache (C:\Users\AVinash\.gradle\caches\6.6.1\fileHashes)" [_thread_blocked, id=1100, stack(0x000000dded400000,0x000000dded500000)]
  0x000002cbcb23e000 JavaThread "File lock request listener" [_thread_in_native, id=1560, stack(0x000000dded500000,0x000000dded600000)]
  0x000002cbcb23e800 JavaThread "Cache worker for journal cache (C:\Users\AVinash\.gradle\caches\journal-1)" [_thread_blocked, id=6252, stack(0x000000ddedb00000,0x000000ddedc00000)]
  0x000002cbce0ec800 JavaThread "Cache worker for execution history cache (C:\Users\AVinash\.gradle\caches\6.6.1\executionHistory)" [_thread_blocked, id=14368, stack(0x000000ddee100000,0x000000ddee200000)]
  0x000002cbce0ea000 JavaThread "Cache worker for file content cache (C:\Users\AVinash\.gradle\caches\6.6.1\fileContent)" [_thread_blocked, id=14372, stack(0x000000ddee300000,0x000000ddee400000)]
  0x000002cbcef50000 JavaThread "Memory manager" [_thread_blocked, id=12660, stack(0x000000ddf0200000,0x000000ddf0300000)]
  0x000002cbcef48800 JavaThread "Daemon Thread 2" [_thread_blocked, id=4296, stack(0x000000ddeae00000,0x000000ddeaf00000)]
  0x000002cbcef47000 JavaThread "Handler for socket connection from /127.0.0.1:49825 to /127.0.0.1:50096" [_thread_in_native, id=6496, stack(0x000000ddeaf00000,0x000000ddeb000000)]
  0x000002cbcef49800 JavaThread "Cancel handler" [_thread_blocked, id=1128, stack(0x000000ddeb000000,0x000000ddeb100000)]
  0x000002cbcef4c000 JavaThread "Daemon worker Thread 2" [_thread_blocked, id=3100, stack(0x000000ddec200000,0x000000ddec300000)]
  0x000002cbcef4a000 JavaThread "Asynchronous log dispatcher for DefaultDaemonConnection: socket connection from /127.0.0.1:49825 to /127.0.0.1:50096" [_thread_blocked, id=1300, stack(0x000000ddec800000,0x000000ddec900000)]
  0x000002cbcef4b000 JavaThread "Stdin handler" [_thread_blocked, id=4908, stack(0x000000ddecc00000,0x000000ddecd00000)]
  0x000002cbcef4c800 JavaThread "Thread-68" [_thread_blocked, id=7668, stack(0x000000ddecd00000,0x000000ddece00000)]
  0x000002cbcef4d800 JavaThread "Cache worker for file hash cache (C:\Users\AVinash\IdeaProjects\employeepayrollspringapplication\.gradle\6.6.1\fileHashes)" [_thread_blocked, id=6572, stack(0x000000ddece00000,0x000000ddecf00000)]
  0x000002cbcef47800 JavaThread "Cache worker for checksums cache (C:\Users\AVinash\IdeaProjects\employeepayrollspringapplication\.gradle\checksums)" [_thread_blocked, id=3332, stack(0x000000ddecf00000,0x000000dded000000)]
  0x000002cbcef51800 JavaThread "Cache worker for cache directory md-supplier (C:\Users\AVinash\.gradle\caches\6.6.1\md-supplier)" [_thread_blocked, id=11368, stack(0x000000dded000000,0x000000dded100000)]
  0x000002cbcef54000 JavaThread "Cache worker for cache directory md-rule (C:\Users\AVinash\.gradle\caches\6.6.1\md-rule)" [_thread_blocked, id=6388, stack(0x000000dded200000,0x000000dded300000)]
  0x000002cbd1260800 JavaThread "C2 CompilerThread1" daemon [_thread_in_native, id=4856, stack(0x000000dded300000,0x000000dded400000)]
  0x000002cbcef4e000 JavaThread "Cache worker for Build Output Cleanup Cache (C:\Users\AVinash\IdeaProjects\employeepayrollspringapplication\.gradle\buildOutputCleanup)" [_thread_blocked, id=8620, stack(0x000000ddedc00000,0x000000ddedd00000)]
  0x000002cbcef4f000 JavaThread "Build operations" [_thread_blocked, id=13800, stack(0x000000ddedd00000,0x000000ddede00000)]
  0x000002cbcef52800 JavaThread "Build operations Thread 2" [_thread_blocked, id=644, stack(0x000000ddede00000,0x000000ddedf00000)]
  0x000002cbcef50800 JavaThread "Build operations Thread 3" [_thread_blocked, id=9028, stack(0x000000ddedf00000,0x000000ddee000000)]
  0x000002cbcef55000 JavaThread "Build operations Thread 4" [_thread_blocked, id=2108, stack(0x000000ddee000000,0x000000ddee100000)]
  0x000002cbcef53000 JavaThread "Build operations Thread 5" [_thread_blocked, id=15248, stack(0x000000ddee200000,0x000000ddee300000)]
  0x000002cbcef55800 JavaThread "Build operations Thread 6" [_thread_blocked, id=3816, stack(0x000000ddee400000,0x000000ddee500000)]
  0x000002cbce0e9800 JavaThread "Build operations Thread 7" [_thread_blocked, id=10656, stack(0x000000ddee500000,0x000000ddee600000)]
  0x000002cbce0f0000 JavaThread "Build operations Thread 8" [_thread_blocked, id=10092, stack(0x000000ddee600000,0x000000ddee700000)]
  0x000002cbce0ef000 JavaThread "Build operations Thread 9" [_thread_blocked, id=15208, stack(0x000000ddee700000,0x000000ddee800000)]
  0x000002cbce0eb000 JavaThread "Build operations Thread 10" [_thread_blocked, id=13892, stack(0x000000ddee800000,0x000000ddee900000)]
  0x000002cbce0f1800 JavaThread "Build operations Thread 11" [_thread_blocked, id=4708, stack(0x000000ddee900000,0x000000ddeea00000)]
  0x000002cbce0f1000 JavaThread "Build operations Thread 12" [_thread_blocked, id=5332, stack(0x000000ddeea00000,0x000000ddeeb00000)]
  0x000002cbce0ec000 JavaThread "jar transforms Thread 18" [_thread_blocked, id=5988, stack(0x000000ddeeb00000,0x000000ddeec00000)]
  0x000002cbce0f3000 JavaThread "jar transforms Thread 19" [_thread_blocked, id=13556, stack(0x000000ddeec00000,0x000000ddeed00000)]
  0x000002cbce0f8000 JavaThread "jar transforms Thread 20" [_thread_blocked, id=1152, stack(0x000000ddeed00000,0x000000ddeee00000)]
  0x000002cbce0f2800 JavaThread "jar transforms Thread 21" [_thread_blocked, id=4716, stack(0x000000ddeee00000,0x000000ddeef00000)]
  0x000002cbce0f4000 JavaThread "jar transforms Thread 22" [_thread_blocked, id=3672, stack(0x000000ddeef00000,0x000000ddef000000)]
  0x000002cbce0f5000 JavaThread "jar transforms Thread 23" [_thread_blocked, id=1096, stack(0x000000ddef000000,0x000000ddef100000)]
  0x000002cbce0f5800 JavaThread "jar transforms Thread 24" [_thread_blocked, id=13720, stack(0x000000ddef100000,0x000000ddef200000)]
  0x000002cbce0f6800 JavaThread "jar transforms Thread 25" [_thread_blocked, id=9344, stack(0x000000ddef200000,0x000000ddef300000)]
  0x000002cbce0f7800 JavaThread "jar transforms Thread 26" [_thread_blocked, id=12532, stack(0x000000ddef300000,0x000000ddef400000)]
  0x000002cbcb23f800 JavaThread "jar transforms Thread 27" [_thread_blocked, id=6892, stack(0x000000ddef400000,0x000000ddef500000)]
  0x000002cbcb240000 JavaThread "jar transforms Thread 28" [_thread_blocked, id=13984, stack(0x000000ddef500000,0x000000ddef600000)]
  0x000002cbcb241000 JavaThread "jar transforms Thread 29" [_thread_blocked, id=4884, stack(0x000000ddef600000,0x000000ddef700000)]
  0x000002cbcb23b800 JavaThread "jar transforms Thread 30" [_thread_blocked, id=3476, stack(0x000000ddef700000,0x000000ddef800000)]
  0x000002cbcb23c000 JavaThread "jar transforms Thread 31" [_thread_blocked, id=12196, stack(0x000000ddef800000,0x000000ddef900000)]
  0x000002cbcb23d000 JavaThread "jar transforms Thread 32" [_thread_blocked, id=3356, stack(0x000000ddef900000,0x000000ddefa00000)]
  0x000002cbd135e000 JavaThread "jar transforms Thread 33" [_thread_blocked, id=2288, stack(0x000000ddefa00000,0x000000ddefb00000)]
  0x000002cbd135f800 JavaThread "jar transforms Thread 34" [_thread_blocked, id=14648, stack(0x000000ddefb00000,0x000000ddefc00000)]
  0x000002cbd135f000 JavaThread "Cache worker for file content cache (C:\Users\AVinash\IdeaProjects\employeepayrollspringapplication\.gradle\6.6.1\fileContent)" [_thread_blocked, id=1008, stack(0x000000ddefc00000,0x000000ddefd00000)]
  0x000002cbd1361800 JavaThread "Execution worker for ':'" [_thread_in_Java, id=13888, stack(0x000000ddefd00000,0x000000ddefe00000)]
  0x000002cbd135d000 JavaThread "Execution worker for ':' Thread 2" [_thread_blocked, id=3528, stack(0x000000ddefe00000,0x000000ddeff00000)]
  0x000002cbd1362000 JavaThread "Execution worker for ':' Thread 3" [_thread_blocked, id=7304, stack(0x000000ddeff00000,0x000000ddf0000000)]
  0x000002cbd135c800 JavaThread "Execution worker for ':' Thread 4" [_thread_blocked, id=12424, stack(0x000000ddf0000000,0x000000ddf0100000)]
  0x000002cbd1363000 JavaThread "Execution worker for ':' Thread 5" [_thread_blocked, id=2228, stack(0x000000ddf0100000,0x000000ddf0200000)]
  0x000002cbd1364000 JavaThread "Execution worker for ':' Thread 6" [_thread_blocked, id=3632, stack(0x000000ddf0300000,0x000000ddf0400000)]
  0x000002cbd1364800 JavaThread "Execution worker for ':' Thread 7" [_thread_blocked, id=4748, stack(0x000000ddf0400000,0x000000ddf0500000)]
  0x000002cbd1365800 JavaThread "Execution worker for ':' Thread 8" [_thread_blocked, id=13960, stack(0x000000ddf0500000,0x000000ddf0600000)]
  0x000002cbd1366000 JavaThread "Execution worker for ':' Thread 9" [_thread_blocked, id=14532, stack(0x000000ddf0600000,0x000000ddf0700000)]
  0x000002cbd1360800 JavaThread "Execution worker for ':' Thread 10" [_thread_blocked, id=14516, stack(0x000000ddf0700000,0x000000ddf0800000)]
  0x000002cbd1367000 JavaThread "Execution worker for ':' Thread 11" [_thread_blocked, id=9248, stack(0x000000ddf0800000,0x000000ddf0900000)]
  0x000002cbd136a800 JavaThread "Cache worker for execution history cache (C:\Users\AVinash\IdeaProjects\employeepayrollspringapplication\.gradle\6.6.1\executionHistory)" [_thread_blocked, id=4172, stack(0x000000ddf0900000,0x000000ddf0a00000)]
  0x000002cbd112a800 JavaThread "C2 CompilerThread2" daemon [_thread_in_native, id=5292, stack(0x000000ddf0a00000,0x000000ddf0b00000)]

Other Threads:
  0x000002cbc8854800 VMThread "VM Thread" [stack: 0x000000ddeb700000,0x000000ddeb800000] [id=15288]
  0x000002cbc9389800 WatcherThread [stack: 0x000000ddec100000,0x000000ddec200000] [id=15328]
  0x000002cbacf1f800 GCTaskThread "GC Thread#0" [stack: 0x000000ddeb200000,0x000000ddeb300000] [id=15268]
  0x000002cbc9a92000 GCTaskThread "GC Thread#1" [stack: 0x000000ddec300000,0x000000ddec400000] [id=15336]
  0x000002cbc9d88000 GCTaskThread "GC Thread#2" [stack: 0x000000ddec400000,0x000000ddec500000] [id=15340]
  0x000002cbc9d88800 GCTaskThread "GC Thread#3" [stack: 0x000000ddec500000,0x000000ddec600000] [id=15344]
  0x000002cbca033800 GCTaskThread "GC Thread#4" [stack: 0x000000ddec600000,0x000000ddec700000] [id=15348]
  0x000002cbca034000 GCTaskThread "GC Thread#5" [stack: 0x000000ddec700000,0x000000ddec800000] [id=15352]
  0x000002cbcaaa3800 GCTaskThread "GC Thread#6" [stack: 0x000000dded100000,0x000000dded200000] [id=1376]
  0x000002cbc9b12000 GCTaskThread "GC Thread#7" [stack: 0x000000dded600000,0x000000dded700000] [id=12392]
  0x000002cbcb452800 GCTaskThread "GC Thread#8" [stack: 0x000000dded700000,0x000000dded800000] [id=8656]
  0x000002cbcada4800 GCTaskThread "GC Thread#9" [stack: 0x000000dded800000,0x000000dded900000] [id=11648]
  0x000002cbacf32000 ConcurrentGCThread "G1 Main Marker" [stack: 0x000000ddeb300000,0x000000ddeb400000] [id=15272]
  0x000002cbacf33800 ConcurrentGCThread "G1 Conc#0" [stack: 0x000000ddeb400000,0x000000ddeb500000] [id=15276]
  0x000002cbcb0b1000 ConcurrentGCThread "G1 Conc#1" [stack: 0x000000dded900000,0x000000ddeda00000] [id=10516]
  0x000002cbcab37800 ConcurrentGCThread "G1 Conc#2" [stack: 0x000000ddeda00000,0x000000ddedb00000] [id=2408]
  0x000002cbacfdd800 ConcurrentGCThread "G1 Refine#0" [stack: 0x000000ddeb500000,0x000000ddeb600000] [id=15280]
  0x000002cbacfde800 ConcurrentGCThread "G1 Young RemSet Sampling" [stack: 0x000000ddeb600000,0x000000ddeb700000] [id=15284]

Threads with active compile tasks:
C2 CompilerThread0 644909 7491       4       org.gradle.api.internal.artifacts.ivyservice.modulecache.ModuleMetadataSerializer$Reader::readMavenDependency (142 bytes)
C1 CompilerThread0 644909 7781       3       org.gradle.api.internal.artifacts.DefaultImmutableModuleIdentifierFactory::moduleWithVersion (16 bytes)
C2 CompilerThread1 644909 7578       4       io.spring.gradle.dependencymanagement.org.apache.maven.model.interpolation.ProblemDetectingValueSource::getValue (131 bytes)
C2 CompilerThread2 644909 7351       4       org.gradle.api.internal.artifacts.ivyservice.resolveengine.result.DesugaredAttributeContainerSerializer::read (155 bytes)

VM state:not at safepoint (normal execution)

VM Mutex/Monitor currently owned by a thread: None

Heap address: 0x00000000e0000000, size: 512 MB, Compressed Oops mode: 32-bit
Narrow klass base: 0x0000000000000000, Narrow klass shift: 3
Compressed class space size: 260046848 Address: 0x0000000100000000

Heap:
 garbage-first heap   total 262144K, used 62245K [0x00000000e0000000, 0x0000000100000000)
  region size 1024K, 37 young (37888K), 17 survivors (17408K)
 Metaspace       used 55109K, capacity 56641K, committed 56832K, reserved 303104K
  class space    used 7018K, capacity 7614K, committed 7680K, reserved 253952K
Heap Regions: E=young(eden), S=young(survivor), O=old, HS=humongous(starts), HC=humongous(continues), CS=collection set, F=free, A=archive, TAMS=top-at-mark-start (previous, next)
|   0|0x00000000e0000000, 0x00000000e0100000, 0x00000000e0100000|100%| O|  |TAMS 0x00000000e0100000, 0x00000000e0000000| Untracked 
|   1|0x00000000e0100000, 0x00000000e0200000, 0x00000000e0200000|100%| O|  |TAMS 0x00000000e0200000, 0x00000000e0100000| Untracked 
|   2|0x00000000e0200000, 0x00000000e0300000, 0x00000000e0300000|100%| O|  |TAMS 0x00000000e0300000, 0x00000000e0200000| Untracked 
|   3|0x00000000e0300000, 0x00000000e0400000, 0x00000000e0400000|100%|HS|  |TAMS 0x00000000e0400000, 0x00000000e0300000| Complete 
|   4|0x00000000e0400000, 0x00000000e0500000, 0x00000000e0500000|100%|HC|  |TAMS 0x00000000e0500000, 0x00000000e0400000| Complete 
|   5|0x00000000e0500000, 0x00000000e0600000, 0x00000000e0600000|100%|HC|  |TAMS 0x00000000e0600000, 0x00000000e0500000| Complete 
|   6|0x00000000e0600000, 0x00000000e0700000, 0x00000000e0700000|100%| O|  |TAMS 0x00000000e0700000, 0x00000000e0600000| Untracked 
|   7|0x00000000e0700000, 0x00000000e0800000, 0x00000000e0800000|100%| O|  |TAMS 0x00000000e0800000, 0x00000000e0700000| Untracked 
|   8|0x00000000e0800000, 0x00000000e0900000, 0x00000000e0900000|100%| O|  |TAMS 0x00000000e0900000, 0x00000000e0800000| Untracked 
|   9|0x00000000e0900000, 0x00000000e0a00000, 0x00000000e0a00000|100%| O|  |TAMS 0x00000000e0a00000, 0x00000000e0900000| Untracked 
|  10|0x00000000e0a00000, 0x00000000e0b00000, 0x00000000e0b00000|100%| O|  |TAMS 0x00000000e0b00000, 0x00000000e0a00000| Untracked 
|  11|0x00000000e0b00000, 0x00000000e0c00000, 0x00000000e0c00000|100%| O|  |TAMS 0x00000000e0c00000, 0x00000000e0b00000| Untracked 
|  12|0x00000000e0c00000, 0x00000000e0d00000, 0x00000000e0d00000|100%| O|  |TAMS 0x00000000e0d00000, 0x00000000e0c00000| Untracked 
|  13|0x00000000e0d00000, 0x00000000e0e00000, 0x00000000e0e00000|100%| O|  |TAMS 0x00000000e0e00000, 0x00000000e0d00000| Untracked 
|  14|0x00000000e0e00000, 0x00000000e0f00000, 0x00000000e0f00000|100%| O|  |TAMS 0x00000000e0f00000, 0x00000000e0e00000| Untracked 
|  15|0x00000000e0f00000, 0x00000000e1000000, 0x00000000e1000000|100%| O|  |TAMS 0x00000000e0f57e00, 0x00000000e0f00000| Untracked 
|  16|0x00000000e1000000, 0x00000000e1100000, 0x00000000e1100000|100%| O|  |TAMS 0x00000000e1000000, 0x00000000e1000000| Untracked 
|  17|0x00000000e1100000, 0x00000000e1200000, 0x00000000e1200000|100%| O|  |TAMS 0x00000000e1100000, 0x00000000e1100000| Untracked 
|  18|0x00000000e1200000, 0x00000000e1300000, 0x00000000e1300000|100%| O|  |TAMS 0x00000000e1200000, 0x00000000e1200000| Untracked 
|  19|0x00000000e1300000, 0x00000000e1400000, 0x00000000e1400000|100%| O|  |TAMS 0x00000000e1300000, 0x00000000e1300000| Untracked 
|  20|0x00000000e1400000, 0x00000000e1500000, 0x00000000e1500000|100%| O|  |TAMS 0x00000000e1400000, 0x00000000e1400000| Untracked 
|  21|0x00000000e1500000, 0x00000000e1600000, 0x00000000e1600000|100%| O|  |TAMS 0x00000000e1500000, 0x00000000e1500000| Untracked 
|  22|0x00000000e1600000, 0x00000000e1700000, 0x00000000e1700000|100%| O|  |TAMS 0x00000000e1600000, 0x00000000e1600000| Untracked 
|  23|0x00000000e1700000, 0x00000000e1800000, 0x00000000e1800000|100%| O|  |TAMS 0x00000000e1700000, 0x00000000e1700000| Untracked 
|  24|0x00000000e1800000, 0x00000000e1900000, 0x00000000e1900000|100%| O|  |TAMS 0x00000000e1800000, 0x00000000e1800000| Untracked 
|  25|0x00000000e1900000, 0x00000000e198ee00, 0x00000000e1a00000| 55%| O|  |TAMS 0x00000000e1900000, 0x00000000e1900000| Untracked 
|  26|0x00000000e1a00000, 0x00000000e1a00000, 0x00000000e1b00000|  0%| F|  |TAMS 0x00000000e1a00000, 0x00000000e1a00000| Untracked 
|  27|0x00000000e1b00000, 0x00000000e1b00000, 0x00000000e1c00000|  0%| F|  |TAMS 0x00000000e1b00000, 0x00000000e1b00000| Untracked 
|  28|0x00000000e1c00000, 0x00000000e1c00000, 0x00000000e1d00000|  0%| F|  |TAMS 0x00000000e1c00000, 0x00000000e1c00000| Untracked 
|  29|0x00000000e1d00000, 0x00000000e1d00000, 0x00000000e1e00000|  0%| F|  |TAMS 0x00000000e1d00000, 0x00000000e1d00000| Untracked 
|  30|0x00000000e1e00000, 0x00000000e1e00000, 0x00000000e1f00000|  0%| F|  |TAMS 0x00000000e1e00000, 0x00000000e1e00000| Untracked 
|  31|0x00000000e1f00000, 0x00000000e1f00000, 0x00000000e2000000|  0%| F|  |TAMS 0x00000000e1f00000, 0x00000000e1f00000| Untracked 
|  32|0x00000000e2000000, 0x00000000e2000000, 0x00000000e2100000|  0%| F|  |TAMS 0x00000000e2000000, 0x00000000e2000000| Untracked 
|  33|0x00000000e2100000, 0x00000000e2100000, 0x00000000e2200000|  0%| F|  |TAMS 0x00000000e2100000, 0x00000000e2100000| Untracked 
|  34|0x00000000e2200000, 0x00000000e2200000, 0x00000000e2300000|  0%| F|  |TAMS 0x00000000e2200000, 0x00000000e2200000| Untracked 
|  35|0x00000000e2300000, 0x00000000e2300000, 0x00000000e2400000|  0%| F|  |TAMS 0x00000000e2300000, 0x00000000e2300000| Untracked 
|  36|0x00000000e2400000, 0x00000000e2400000, 0x00000000e2500000|  0%| F|  |TAMS 0x00000000e2400000, 0x00000000e2400000| Untracked 
|  37|0x00000000e2500000, 0x00000000e2500000, 0x00000000e2600000|  0%| F|  |TAMS 0x00000000e2500000, 0x00000000e2500000| Untracked 
|  38|0x00000000e2600000, 0x00000000e2600000, 0x00000000e2700000|  0%| F|  |TAMS 0x00000000e2600000, 0x00000000e2600000| Untracked 
|  39|0x00000000e2700000, 0x00000000e2700000, 0x00000000e2800000|  0%| F|  |TAMS 0x00000000e2700000, 0x00000000e2700000| Untracked 
|  40|0x00000000e2800000, 0x00000000e2800000, 0x00000000e2900000|  0%| F|  |TAMS 0x00000000e2800000, 0x00000000e2800000| Untracked 
|  41|0x00000000e2900000, 0x00000000e2900000, 0x00000000e2a00000|  0%| F|  |TAMS 0x00000000e2900000, 0x00000000e2900000| Untracked 
|  42|0x00000000e2a00000, 0x00000000e2a00000, 0x00000000e2b00000|  0%| F|  |TAMS 0x00000000e2a00000, 0x00000000e2a00000| Untracked 
|  43|0x00000000e2b00000, 0x00000000e2b00000, 0x00000000e2c00000|  0%| F|  |TAMS 0x00000000e2b00000, 0x00000000e2b00000| Untracked 
|  44|0x00000000e2c00000, 0x00000000e2c00000, 0x00000000e2d00000|  0%| F|  |TAMS 0x00000000e2c00000, 0x00000000e2c00000| Untracked 
|  45|0x00000000e2d00000, 0x00000000e2d00000, 0x00000000e2e00000|  0%| F|  |TAMS 0x00000000e2d00000, 0x00000000e2d00000| Untracked 
|  46|0x00000000e2e00000, 0x00000000e2e00000, 0x00000000e2f00000|  0%| F|  |TAMS 0x00000000e2e00000, 0x00000000e2e00000| Untracked 
|  47|0x00000000e2f00000, 0x00000000e2f00000, 0x00000000e3000000|  0%| F|  |TAMS 0x00000000e2f00000, 0x00000000e2f00000| Untracked 
|  48|0x00000000e3000000, 0x00000000e3000000, 0x00000000e3100000|  0%| F|  |TAMS 0x00000000e3000000, 0x00000000e3000000| Untracked 
|  49|0x00000000e3100000, 0x00000000e3100000, 0x00000000e3200000|  0%| F|  |TAMS 0x00000000e3100000, 0x00000000e3100000| Untracked 
|  50|0x00000000e3200000, 0x00000000e3200000, 0x00000000e3300000|  0%| F|  |TAMS 0x00000000e3200000, 0x00000000e3200000| Untracked 
|  51|0x00000000e3300000, 0x00000000e3300000, 0x00000000e3400000|  0%| F|  |TAMS 0x00000000e3300000, 0x00000000e3300000| Untracked 
|  52|0x00000000e3400000, 0x00000000e3400000, 0x00000000e3500000|  0%| F|  |TAMS 0x00000000e3400000, 0x00000000e3400000| Untracked 
|  53|0x00000000e3500000, 0x00000000e3500000, 0x00000000e3600000|  0%| F|  |TAMS 0x00000000e3500000, 0x00000000e3500000| Untracked 
|  54|0x00000000e3600000, 0x00000000e3600000, 0x00000000e3700000|  0%| F|  |TAMS 0x00000000e3600000, 0x00000000e3600000| Untracked 
|  55|0x00000000e3700000, 0x00000000e3700000, 0x00000000e3800000|  0%| F|  |TAMS 0x00000000e3700000, 0x00000000e3700000| Untracked 
|  56|0x00000000e3800000, 0x00000000e3800000, 0x00000000e3900000|  0%| F|  |TAMS 0x00000000e3800000, 0x00000000e3800000| Untracked 
|  57|0x00000000e3900000, 0x00000000e3900000, 0x00000000e3a00000|  0%| F|  |TAMS 0x00000000e3900000, 0x00000000e3900000| Untracked 
|  58|0x00000000e3a00000, 0x00000000e3a00000, 0x00000000e3b00000|  0%| F|  |TAMS 0x00000000e3a00000, 0x00000000e3a00000| Untracked 
|  59|0x00000000e3b00000, 0x00000000e3b00000, 0x00000000e3c00000|  0%| F|  |TAMS 0x00000000e3b00000, 0x00000000e3b00000| Untracked 
|  60|0x00000000e3c00000, 0x00000000e3c00000, 0x00000000e3d00000|  0%| F|  |TAMS 0x00000000e3c00000, 0x00000000e3c00000| Untracked 
|  61|0x00000000e3d00000, 0x00000000e3d00000, 0x00000000e3e00000|  0%| F|  |TAMS 0x00000000e3d00000, 0x00000000e3d00000| Untracked 
|  62|0x00000000e3e00000, 0x00000000e3e00000, 0x00000000e3f00000|  0%| F|  |TAMS 0x00000000e3e00000, 0x00000000e3e00000| Untracked 
|  63|0x00000000e3f00000, 0x00000000e3f00000, 0x00000000e4000000|  0%| F|  |TAMS 0x00000000e3f00000, 0x00000000e3f00000| Untracked 
|  64|0x00000000e4000000, 0x00000000e4000000, 0x00000000e4100000|  0%| F|  |TAMS 0x00000000e4000000, 0x00000000e4000000| Untracked 
|  65|0x00000000e4100000, 0x00000000e4100000, 0x00000000e4200000|  0%| F|  |TAMS 0x00000000e4100000, 0x00000000e4100000| Untracked 
|  66|0x00000000e4200000, 0x00000000e4200000, 0x00000000e4300000|  0%| F|  |TAMS 0x00000000e4200000, 0x00000000e4200000| Untracked 
|  67|0x00000000e4300000, 0x00000000e4300000, 0x00000000e4400000|  0%| F|  |TAMS 0x00000000e4300000, 0x00000000e4300000| Untracked 
|  68|0x00000000e4400000, 0x00000000e4400000, 0x00000000e4500000|  0%| F|  |TAMS 0x00000000e4400000, 0x00000000e4400000| Untracked 
|  69|0x00000000e4500000, 0x00000000e4500000, 0x00000000e4600000|  0%| F|  |TAMS 0x00000000e4500000, 0x00000000e4500000| Untracked 
|  70|0x00000000e4600000, 0x00000000e4600000, 0x00000000e4700000|  0%| F|  |TAMS 0x00000000e4600000, 0x00000000e4600000| Untracked 
|  71|0x00000000e4700000, 0x00000000e4700000, 0x00000000e4800000|  0%| F|  |TAMS 0x00000000e4700000, 0x00000000e4700000| Untracked 
|  72|0x00000000e4800000, 0x00000000e4800000, 0x00000000e4900000|  0%| F|  |TAMS 0x00000000e4800000, 0x00000000e4800000| Untracked 
|  73|0x00000000e4900000, 0x00000000e4900000, 0x00000000e4a00000|  0%| F|  |TAMS 0x00000000e4900000, 0x00000000e4900000| Untracked 
|  74|0x00000000e4a00000, 0x00000000e4a00000, 0x00000000e4b00000|  0%| F|  |TAMS 0x00000000e4a00000, 0x00000000e4a00000| Untracked 
|  75|0x00000000e4b00000, 0x00000000e4b00000, 0x00000000e4c00000|  0%| F|  |TAMS 0x00000000e4b00000, 0x00000000e4b00000| Untracked 
|  76|0x00000000e4c00000, 0x00000000e4c00000, 0x00000000e4d00000|  0%| F|  |TAMS 0x00000000e4c00000, 0x00000000e4c00000| Untracked 
|  77|0x00000000e4d00000, 0x00000000e4d00000, 0x00000000e4e00000|  0%| F|  |TAMS 0x00000000e4d00000, 0x00000000e4d00000| Untracked 
|  78|0x00000000e4e00000, 0x00000000e4e00000, 0x00000000e4f00000|  0%| F|  |TAMS 0x00000000e4e00000, 0x00000000e4e00000| Untracked 
|  79|0x00000000e4f00000, 0x00000000e4f00000, 0x00000000e5000000|  0%| F|  |TAMS 0x00000000e4f00000, 0x00000000e4f00000| Untracked 
|  80|0x00000000e5000000, 0x00000000e5000000, 0x00000000e5100000|  0%| F|  |TAMS 0x00000000e5000000, 0x00000000e5000000| Untracked 
|  81|0x00000000e5100000, 0x00000000e5100000, 0x00000000e5200000|  0%| F|  |TAMS 0x00000000e5100000, 0x00000000e5100000| Untracked 
|  82|0x00000000e5200000, 0x00000000e5200000, 0x00000000e5300000|  0%| F|  |TAMS 0x00000000e5200000, 0x00000000e5200000| Untracked 
|  83|0x00000000e5300000, 0x00000000e5300000, 0x00000000e5400000|  0%| F|  |TAMS 0x00000000e5300000, 0x00000000e5300000| Untracked 
|  84|0x00000000e5400000, 0x00000000e5400000, 0x00000000e5500000|  0%| F|  |TAMS 0x00000000e5400000, 0x00000000e5400000| Untracked 
|  85|0x00000000e5500000, 0x00000000e5500000, 0x00000000e5600000|  0%| F|  |TAMS 0x00000000e5500000, 0x00000000e5500000| Untracked 
|  86|0x00000000e5600000, 0x00000000e563a708, 0x00000000e5700000| 22%| S|CS|TAMS 0x00000000e5600000, 0x00000000e5600000| Complete 
|  87|0x00000000e5700000, 0x00000000e5800000, 0x00000000e5800000|100%| S|CS|TAMS 0x00000000e5700000, 0x00000000e5700000| Complete 
|  88|0x00000000e5800000, 0x00000000e5900000, 0x00000000e5900000|100%| S|CS|TAMS 0x00000000e5800000, 0x00000000e5800000| Complete 
|  89|0x00000000e5900000, 0x00000000e5a00000, 0x00000000e5a00000|100%| S|CS|TAMS 0x00000000e5900000, 0x00000000e5900000| Complete 
|  90|0x00000000e5a00000, 0x00000000e5b00000, 0x00000000e5b00000|100%| S|CS|TAMS 0x00000000e5a00000, 0x00000000e5a00000| Complete 
|  91|0x00000000e5b00000, 0x00000000e5c00000, 0x00000000e5c00000|100%| S|CS|TAMS 0x00000000e5b00000, 0x00000000e5b00000| Complete 
|  92|0x00000000e5c00000, 0x00000000e5d00000, 0x00000000e5d00000|100%| S|CS|TAMS 0x00000000e5c00000, 0x00000000e5c00000| Complete 
|  93|0x00000000e5d00000, 0x00000000e5e00000, 0x00000000e5e00000|100%| S|CS|TAMS 0x00000000e5d00000, 0x00000000e5d00000| Complete 
|  94|0x00000000e5e00000, 0x00000000e5f00000, 0x00000000e5f00000|100%| S|CS|TAMS 0x00000000e5e00000, 0x00000000e5e00000| Complete 
|  95|0x00000000e5f00000, 0x00000000e6000000, 0x00000000e6000000|100%| S|CS|TAMS 0x00000000e5f00000, 0x00000000e5f00000| Complete 
|  96|0x00000000e6000000, 0x00000000e6100000, 0x00000000e6100000|100%| S|CS|TAMS 0x00000000e6000000, 0x00000000e6000000| Complete 
|  97|0x00000000e6100000, 0x00000000e6200000, 0x00000000e6200000|100%| S|CS|TAMS 0x00000000e6100000, 0x00000000e6100000| Complete 
|  98|0x00000000e6200000, 0x00000000e6300000, 0x00000000e6300000|100%| S|CS|TAMS 0x00000000e6200000, 0x00000000e6200000| Complete 
|  99|0x00000000e6300000, 0x00000000e6400000, 0x00000000e6400000|100%| S|CS|TAMS 0x00000000e6300000, 0x00000000e6300000| Complete 
| 100|0x00000000e6400000, 0x00000000e6500000, 0x00000000e6500000|100%| S|CS|TAMS 0x00000000e6400000, 0x00000000e6400000| Complete 
| 101|0x00000000e6500000, 0x00000000e6600000, 0x00000000e6600000|100%| S|CS|TAMS 0x00000000e6500000, 0x00000000e6500000| Complete 
| 102|0x00000000e6600000, 0x00000000e6700000, 0x00000000e6700000|100%| S|CS|TAMS 0x00000000e6600000, 0x00000000e6600000| Complete 
| 103|0x00000000e6700000, 0x00000000e6700000, 0x00000000e6800000|  0%| F|  |TAMS 0x00000000e6700000, 0x00000000e6700000| Untracked 
| 104|0x00000000e6800000, 0x00000000e6800000, 0x00000000e6900000|  0%| F|  |TAMS 0x00000000e6800000, 0x00000000e6800000| Untracked 
| 105|0x00000000e6900000, 0x00000000e6900000, 0x00000000e6a00000|  0%| F|  |TAMS 0x00000000e6900000, 0x00000000e6900000| Untracked 
| 106|0x00000000e6a00000, 0x00000000e6a00000, 0x00000000e6b00000|  0%| F|  |TAMS 0x00000000e6a00000, 0x00000000e6a00000| Untracked 
| 107|0x00000000e6b00000, 0x00000000e6b00000, 0x00000000e6c00000|  0%| F|  |TAMS 0x00000000e6b00000, 0x00000000e6b00000| Untracked 
| 108|0x00000000e6c00000, 0x00000000e6c00000, 0x00000000e6d00000|  0%| F|  |TAMS 0x00000000e6c00000, 0x00000000e6c00000| Untracked 
| 109|0x00000000e6d00000, 0x00000000e6d00000, 0x00000000e6e00000|  0%| F|  |TAMS 0x00000000e6d00000, 0x00000000e6d00000| Untracked 
| 110|0x00000000e6e00000, 0x00000000e6e00000, 0x00000000e6f00000|  0%| F|  |TAMS 0x00000000e6e00000, 0x00000000e6e00000| Untracked 
| 111|0x00000000e6f00000, 0x00000000e6f00000, 0x00000000e7000000|  0%| F|  |TAMS 0x00000000e6f00000, 0x00000000e6f00000| Untracked 
| 112|0x00000000e7000000, 0x00000000e7000000, 0x00000000e7100000|  0%| F|  |TAMS 0x00000000e7000000, 0x00000000e7000000| Untracked 
| 113|0x00000000e7100000, 0x00000000e7100000, 0x00000000e7200000|  0%| F|  |TAMS 0x00000000e7100000, 0x00000000e7100000| Untracked 
| 114|0x00000000e7200000, 0x00000000e7200000, 0x00000000e7300000|  0%| F|  |TAMS 0x00000000e7200000, 0x00000000e7200000| Untracked 
| 115|0x00000000e7300000, 0x00000000e7300000, 0x00000000e7400000|  0%| F|  |TAMS 0x00000000e7300000, 0x00000000e7300000| Untracked 
| 116|0x00000000e7400000, 0x00000000e7400000, 0x00000000e7500000|  0%| F|  |TAMS 0x00000000e7400000, 0x00000000e7400000| Untracked 
| 117|0x00000000e7500000, 0x00000000e7500000, 0x00000000e7600000|  0%| F|  |TAMS 0x00000000e7500000, 0x00000000e7500000| Untracked 
| 118|0x00000000e7600000, 0x00000000e7600000, 0x00000000e7700000|  0%| F|  |TAMS 0x00000000e7600000, 0x00000000e7600000| Untracked 
| 119|0x00000000e7700000, 0x00000000e7700000, 0x00000000e7800000|  0%| F|  |TAMS 0x00000000e7700000, 0x00000000e7700000| Untracked 
| 120|0x00000000e7800000, 0x00000000e7800000, 0x00000000e7900000|  0%| F|  |TAMS 0x00000000e7800000, 0x00000000e7800000| Untracked 
| 121|0x00000000e7900000, 0x00000000e7900000, 0x00000000e7a00000|  0%| F|  |TAMS 0x00000000e7900000, 0x00000000e7900000| Untracked 
| 122|0x00000000e7a00000, 0x00000000e7a00000, 0x00000000e7b00000|  0%| F|  |TAMS 0x00000000e7a00000, 0x00000000e7a00000| Untracked 
| 123|0x00000000e7b00000, 0x00000000e7b00000, 0x00000000e7c00000|  0%| F|  |TAMS 0x00000000e7b00000, 0x00000000e7b00000| Untracked 
| 124|0x00000000e7c00000, 0x00000000e7c00000, 0x00000000e7d00000|  0%| F|  |TAMS 0x00000000e7c00000, 0x00000000e7c00000| Untracked 
| 125|0x00000000e7d00000, 0x00000000e7d00000, 0x00000000e7e00000|  0%| F|  |TAMS 0x00000000e7d00000, 0x00000000e7d00000| Untracked 
| 126|0x00000000e7e00000, 0x00000000e7e00000, 0x00000000e7f00000|  0%| F|  |TAMS 0x00000000e7e00000, 0x00000000e7e00000| Untracked 
| 127|0x00000000e7f00000, 0x00000000e7f00000, 0x00000000e8000000|  0%| F|  |TAMS 0x00000000e7f00000, 0x00000000e7f00000| Untracked 
| 128|0x00000000e8000000, 0x00000000e8000000, 0x00000000e8100000|  0%| F|  |TAMS 0x00000000e8000000, 0x00000000e8000000| Untracked 
| 129|0x00000000e8100000, 0x00000000e8100000, 0x00000000e8200000|  0%| F|  |TAMS 0x00000000e8100000, 0x00000000e8100000| Untracked 
| 130|0x00000000e8200000, 0x00000000e8200000, 0x00000000e8300000|  0%| F|  |TAMS 0x00000000e8200000, 0x00000000e8200000| Untracked 
| 131|0x00000000e8300000, 0x00000000e8300000, 0x00000000e8400000|  0%| F|  |TAMS 0x00000000e8300000, 0x00000000e8300000| Untracked 
| 132|0x00000000e8400000, 0x00000000e8400000, 0x00000000e8500000|  0%| F|  |TAMS 0x00000000e8400000, 0x00000000e8400000| Untracked 
| 133|0x00000000e8500000, 0x00000000e8500000, 0x00000000e8600000|  0%| F|  |TAMS 0x00000000e8500000, 0x00000000e8500000| Untracked 
| 134|0x00000000e8600000, 0x00000000e8600000, 0x00000000e8700000|  0%| F|  |TAMS 0x00000000e8600000, 0x00000000e8600000| Untracked 
| 135|0x00000000e8700000, 0x00000000e8700000, 0x00000000e8800000|  0%| F|  |TAMS 0x00000000e8700000, 0x00000000e8700000| Untracked 
| 136|0x00000000e8800000, 0x00000000e8800000, 0x00000000e8900000|  0%| F|  |TAMS 0x00000000e8800000, 0x00000000e8800000| Untracked 
| 137|0x00000000e8900000, 0x00000000e8900000, 0x00000000e8a00000|  0%| F|  |TAMS 0x00000000e8900000, 0x00000000e8900000| Untracked 
| 138|0x00000000e8a00000, 0x00000000e8a00000, 0x00000000e8b00000|  0%| F|  |TAMS 0x00000000e8a00000, 0x00000000e8a00000| Untracked 
| 139|0x00000000e8b00000, 0x00000000e8b00000, 0x00000000e8c00000|  0%| F|  |TAMS 0x00000000e8b00000, 0x00000000e8b00000| Untracked 
| 140|0x00000000e8c00000, 0x00000000e8c00000, 0x00000000e8d00000|  0%| F|  |TAMS 0x00000000e8c00000, 0x00000000e8c00000| Untracked 
| 141|0x00000000e8d00000, 0x00000000e8d00000, 0x00000000e8e00000|  0%| F|  |TAMS 0x00000000e8d00000, 0x00000000e8d00000| Untracked 
| 142|0x00000000e8e00000, 0x00000000e8e00000, 0x00000000e8f00000|  0%| F|  |TAMS 0x00000000e8e00000, 0x00000000e8e00000| Untracked 
| 143|0x00000000e8f00000, 0x00000000e8f00000, 0x00000000e9000000|  0%| F|  |TAMS 0x00000000e8f00000, 0x00000000e8f00000| Untracked 
| 144|0x00000000e9000000, 0x00000000e9000000, 0x00000000e9100000|  0%| F|  |TAMS 0x00000000e9000000, 0x00000000e9000000| Untracked 
| 145|0x00000000e9100000, 0x00000000e9100000, 0x00000000e9200000|  0%| F|  |TAMS 0x00000000e9100000, 0x00000000e9100000| Untracked 
| 146|0x00000000e9200000, 0x00000000e9200000, 0x00000000e9300000|  0%| F|  |TAMS 0x00000000e9200000, 0x00000000e9200000| Untracked 
| 147|0x00000000e9300000, 0x00000000e9300000, 0x00000000e9400000|  0%| F|  |TAMS 0x00000000e9300000, 0x00000000e9300000| Untracked 
| 148|0x00000000e9400000, 0x00000000e9400000, 0x00000000e9500000|  0%| F|  |TAMS 0x00000000e9400000, 0x00000000e9400000| Untracked 
| 149|0x00000000e9500000, 0x00000000e9500000, 0x00000000e9600000|  0%| F|  |TAMS 0x00000000e9500000, 0x00000000e9500000| Untracked 
| 150|0x00000000e9600000, 0x00000000e9600000, 0x00000000e9700000|  0%| F|  |TAMS 0x00000000e9600000, 0x00000000e9600000| Untracked 
| 151|0x00000000e9700000, 0x00000000e9700000, 0x00000000e9800000|  0%| F|  |TAMS 0x00000000e9700000, 0x00000000e9700000| Untracked 
| 152|0x00000000e9800000, 0x00000000e9800000, 0x00000000e9900000|  0%| F|  |TAMS 0x00000000e9800000, 0x00000000e9800000| Untracked 
| 153|0x00000000e9900000, 0x00000000e9900000, 0x00000000e9a00000|  0%| F|  |TAMS 0x00000000e9900000, 0x00000000e9900000| Untracked 
| 154|0x00000000e9a00000, 0x00000000e9a00000, 0x00000000e9b00000|  0%| F|  |TAMS 0x00000000e9a00000, 0x00000000e9a00000| Untracked 
| 155|0x00000000e9b00000, 0x00000000e9b00000, 0x00000000e9c00000|  0%| F|  |TAMS 0x00000000e9b00000, 0x00000000e9b00000| Untracked 
| 156|0x00000000e9c00000, 0x00000000e9c00000, 0x00000000e9d00000|  0%| F|  |TAMS 0x00000000e9c00000, 0x00000000e9c00000| Untracked 
| 157|0x00000000e9d00000, 0x00000000e9d00000, 0x00000000e9e00000|  0%| F|  |TAMS 0x00000000e9d00000, 0x00000000e9d00000| Untracked 
| 158|0x00000000e9e00000, 0x00000000e9e00000, 0x00000000e9f00000|  0%| F|  |TAMS 0x00000000e9e00000, 0x00000000e9e00000| Untracked 
| 159|0x00000000e9f00000, 0x00000000e9f00000, 0x00000000ea000000|  0%| F|  |TAMS 0x00000000e9f00000, 0x00000000e9f00000| Untracked 
| 160|0x00000000ea000000, 0x00000000ea000000, 0x00000000ea100000|  0%| F|  |TAMS 0x00000000ea000000, 0x00000000ea000000| Untracked 
| 161|0x00000000ea100000, 0x00000000ea100000, 0x00000000ea200000|  0%| F|  |TAMS 0x00000000ea100000, 0x00000000ea100000| Untracked 
| 162|0x00000000ea200000, 0x00000000ea200000, 0x00000000ea300000|  0%| F|  |TAMS 0x00000000ea200000, 0x00000000ea200000| Untracked 
| 163|0x00000000ea300000, 0x00000000ea300000, 0x00000000ea400000|  0%| F|  |TAMS 0x00000000ea300000, 0x00000000ea300000| Untracked 
| 164|0x00000000ea400000, 0x00000000ea400000, 0x00000000ea500000|  0%| F|  |TAMS 0x00000000ea400000, 0x00000000ea400000| Untracked 
| 165|0x00000000ea500000, 0x00000000ea500000, 0x00000000ea600000|  0%| F|  |TAMS 0x00000000ea500000, 0x00000000ea500000| Untracked 
| 166|0x00000000ea600000, 0x00000000ea600000, 0x00000000ea700000|  0%| F|  |TAMS 0x00000000ea600000, 0x00000000ea600000| Untracked 
| 167|0x00000000ea700000, 0x00000000ea700000, 0x00000000ea800000|  0%| F|  |TAMS 0x00000000ea700000, 0x00000000ea700000| Untracked 
| 168|0x00000000ea800000, 0x00000000ea800000, 0x00000000ea900000|  0%| F|  |TAMS 0x00000000ea800000, 0x00000000ea800000| Untracked 
| 169|0x00000000ea900000, 0x00000000ea900000, 0x00000000eaa00000|  0%| F|  |TAMS 0x00000000ea900000, 0x00000000ea900000| Untracked 
| 170|0x00000000eaa00000, 0x00000000eaa00000, 0x00000000eab00000|  0%| F|  |TAMS 0x00000000eaa00000, 0x00000000eaa00000| Untracked 
| 171|0x00000000eab00000, 0x00000000eab00000, 0x00000000eac00000|  0%| F|  |TAMS 0x00000000eab00000, 0x00000000eab00000| Untracked 
| 172|0x00000000eac00000, 0x00000000eac00000, 0x00000000ead00000|  0%| F|  |TAMS 0x00000000eac00000, 0x00000000eac00000| Untracked 
| 173|0x00000000ead00000, 0x00000000ead00000, 0x00000000eae00000|  0%| F|  |TAMS 0x00000000ead00000, 0x00000000ead00000| Untracked 
| 174|0x00000000eae00000, 0x00000000eae00000, 0x00000000eaf00000|  0%| F|  |TAMS 0x00000000eae00000, 0x00000000eae00000| Untracked 
| 175|0x00000000eaf00000, 0x00000000eaf00000, 0x00000000eb000000|  0%| F|  |TAMS 0x00000000eaf00000, 0x00000000eaf00000| Untracked 
| 176|0x00000000eb000000, 0x00000000eb000000, 0x00000000eb100000|  0%| F|  |TAMS 0x00000000eb000000, 0x00000000eb000000| Untracked 
| 177|0x00000000eb100000, 0x00000000eb100000, 0x00000000eb200000|  0%| F|  |TAMS 0x00000000eb100000, 0x00000000eb100000| Untracked 
| 178|0x00000000eb200000, 0x00000000eb200000, 0x00000000eb300000|  0%| F|  |TAMS 0x00000000eb200000, 0x00000000eb200000| Untracked 
| 179|0x00000000eb300000, 0x00000000eb300000, 0x00000000eb400000|  0%| F|  |TAMS 0x00000000eb300000, 0x00000000eb300000| Untracked 
| 180|0x00000000eb400000, 0x00000000eb400000, 0x00000000eb500000|  0%| F|  |TAMS 0x00000000eb400000, 0x00000000eb400000| Untracked 
| 181|0x00000000eb500000, 0x00000000eb500000, 0x00000000eb600000|  0%| F|  |TAMS 0x00000000eb500000, 0x00000000eb500000| Untracked 
| 182|0x00000000eb600000, 0x00000000eb600000, 0x00000000eb700000|  0%| F|  |TAMS 0x00000000eb600000, 0x00000000eb600000| Untracked 
| 183|0x00000000eb700000, 0x00000000eb700000, 0x00000000eb800000|  0%| F|  |TAMS 0x00000000eb700000, 0x00000000eb700000| Untracked 
| 184|0x00000000eb800000, 0x00000000eb800000, 0x00000000eb900000|  0%| F|  |TAMS 0x00000000eb800000, 0x00000000eb800000| Untracked 
| 185|0x00000000eb900000, 0x00000000eb900000, 0x00000000eba00000|  0%| F|  |TAMS 0x00000000eb900000, 0x00000000eb900000| Untracked 
| 186|0x00000000eba00000, 0x00000000eba00000, 0x00000000ebb00000|  0%| F|  |TAMS 0x00000000eba00000, 0x00000000eba00000| Untracked 
| 187|0x00000000ebb00000, 0x00000000ebb00000, 0x00000000ebc00000|  0%| F|  |TAMS 0x00000000ebb00000, 0x00000000ebb00000| Untracked 
| 188|0x00000000ebc00000, 0x00000000ebc00000, 0x00000000ebd00000|  0%| F|  |TAMS 0x00000000ebc00000, 0x00000000ebc00000| Untracked 
| 189|0x00000000ebd00000, 0x00000000ebd00000, 0x00000000ebe00000|  0%| F|  |TAMS 0x00000000ebd00000, 0x00000000ebd00000| Untracked 
| 190|0x00000000ebe00000, 0x00000000ebe00000, 0x00000000ebf00000|  0%| F|  |TAMS 0x00000000ebe00000, 0x00000000ebe00000| Untracked 
| 191|0x00000000ebf00000, 0x00000000ebf00000, 0x00000000ec000000|  0%| F|  |TAMS 0x00000000ebf00000, 0x00000000ebf00000| Untracked 
| 192|0x00000000ec000000, 0x00000000ec000000, 0x00000000ec100000|  0%| F|  |TAMS 0x00000000ec000000, 0x00000000ec000000| Untracked 
| 193|0x00000000ec100000, 0x00000000ec100000, 0x00000000ec200000|  0%| F|  |TAMS 0x00000000ec100000, 0x00000000ec100000| Untracked 
| 194|0x00000000ec200000, 0x00000000ec200000, 0x00000000ec300000|  0%| F|  |TAMS 0x00000000ec200000, 0x00000000ec200000| Untracked 
| 195|0x00000000ec300000, 0x00000000ec300000, 0x00000000ec400000|  0%| F|  |TAMS 0x00000000ec300000, 0x00000000ec300000| Untracked 
| 196|0x00000000ec400000, 0x00000000ec400000, 0x00000000ec500000|  0%| F|  |TAMS 0x00000000ec400000, 0x00000000ec400000| Untracked 
| 197|0x00000000ec500000, 0x00000000ec500000, 0x00000000ec600000|  0%| F|  |TAMS 0x00000000ec500000, 0x00000000ec500000| Untracked 
| 198|0x00000000ec600000, 0x00000000ec600000, 0x00000000ec700000|  0%| F|  |TAMS 0x00000000ec600000, 0x00000000ec600000| Untracked 
| 199|0x00000000ec700000, 0x00000000ec700000, 0x00000000ec800000|  0%| F|  |TAMS 0x00000000ec700000, 0x00000000ec700000| Untracked 
| 200|0x00000000ec800000, 0x00000000ec800000, 0x00000000ec900000|  0%| F|  |TAMS 0x00000000ec800000, 0x00000000ec800000| Untracked 
| 201|0x00000000ec900000, 0x00000000ec900000, 0x00000000eca00000|  0%| F|  |TAMS 0x00000000ec900000, 0x00000000ec900000| Untracked 
| 202|0x00000000eca00000, 0x00000000eca00000, 0x00000000ecb00000|  0%| F|  |TAMS 0x00000000eca00000, 0x00000000eca00000| Untracked 
| 203|0x00000000ecb00000, 0x00000000ecb00000, 0x00000000ecc00000|  0%| F|  |TAMS 0x00000000ecb00000, 0x00000000ecb00000| Untracked 
| 204|0x00000000ecc00000, 0x00000000ecc00000, 0x00000000ecd00000|  0%| F|  |TAMS 0x00000000ecc00000, 0x00000000ecc00000| Untracked 
| 205|0x00000000ecd00000, 0x00000000ecd00000, 0x00000000ece00000|  0%| F|  |TAMS 0x00000000ecd00000, 0x00000000ecd00000| Untracked 
| 206|0x00000000ece00000, 0x00000000ece00000, 0x00000000ecf00000|  0%| F|  |TAMS 0x00000000ece00000, 0x00000000ece00000| Untracked 
| 207|0x00000000ecf00000, 0x00000000ecf00000, 0x00000000ed000000|  0%| F|  |TAMS 0x00000000ecf00000, 0x00000000ecf00000| Untracked 
| 208|0x00000000ed000000, 0x00000000ed000000, 0x00000000ed100000|  0%| F|  |TAMS 0x00000000ed000000, 0x00000000ed000000| Untracked 
| 209|0x00000000ed100000, 0x00000000ed100000, 0x00000000ed200000|  0%| F|  |TAMS 0x00000000ed100000, 0x00000000ed100000| Untracked 
| 210|0x00000000ed200000, 0x00000000ed200000, 0x00000000ed300000|  0%| F|  |TAMS 0x00000000ed200000, 0x00000000ed200000| Untracked 
| 211|0x00000000ed300000, 0x00000000ed300000, 0x00000000ed400000|  0%| F|  |TAMS 0x00000000ed300000, 0x00000000ed300000| Untracked 
| 212|0x00000000ed400000, 0x00000000ed400000, 0x00000000ed500000|  0%| F|  |TAMS 0x00000000ed400000, 0x00000000ed400000| Untracked 
| 213|0x00000000ed500000, 0x00000000ed500000, 0x00000000ed600000|  0%| F|  |TAMS 0x00000000ed500000, 0x00000000ed500000| Untracked 
| 214|0x00000000ed600000, 0x00000000ed600000, 0x00000000ed700000|  0%| F|  |TAMS 0x00000000ed600000, 0x00000000ed600000| Untracked 
| 215|0x00000000ed700000, 0x00000000ed700000, 0x00000000ed800000|  0%| F|  |TAMS 0x00000000ed700000, 0x00000000ed700000| Untracked 
| 216|0x00000000ed800000, 0x00000000ed800000, 0x00000000ed900000|  0%| F|  |TAMS 0x00000000ed800000, 0x00000000ed800000| Untracked 
| 217|0x00000000ed900000, 0x00000000ed900000, 0x00000000eda00000|  0%| F|  |TAMS 0x00000000ed900000, 0x00000000ed900000| Untracked 
| 218|0x00000000eda00000, 0x00000000eda00000, 0x00000000edb00000|  0%| F|  |TAMS 0x00000000eda00000, 0x00000000eda00000| Untracked 
| 219|0x00000000edb00000, 0x00000000edb00000, 0x00000000edc00000|  0%| F|  |TAMS 0x00000000edb00000, 0x00000000edb00000| Untracked 
| 220|0x00000000edc00000, 0x00000000edc00000, 0x00000000edd00000|  0%| F|  |TAMS 0x00000000edc00000, 0x00000000edc00000| Untracked 
| 221|0x00000000edd00000, 0x00000000edd00000, 0x00000000ede00000|  0%| F|  |TAMS 0x00000000edd00000, 0x00000000edd00000| Untracked 
| 222|0x00000000ede00000, 0x00000000ede00000, 0x00000000edf00000|  0%| F|  |TAMS 0x00000000ede00000, 0x00000000ede00000| Untracked 
| 223|0x00000000edf00000, 0x00000000edf00000, 0x00000000ee000000|  0%| F|  |TAMS 0x00000000edf00000, 0x00000000edf00000| Untracked 
| 224|0x00000000ee000000, 0x00000000ee000000, 0x00000000ee100000|  0%| F|  |TAMS 0x00000000ee000000, 0x00000000ee000000| Untracked 
| 225|0x00000000ee100000, 0x00000000ee100000, 0x00000000ee200000|  0%| F|  |TAMS 0x00000000ee100000, 0x00000000ee100000| Untracked 
| 226|0x00000000ee200000, 0x00000000ee200000, 0x00000000ee300000|  0%| F|  |TAMS 0x00000000ee200000, 0x00000000ee200000| Untracked 
| 227|0x00000000ee300000, 0x00000000ee300000, 0x00000000ee400000|  0%| F|  |TAMS 0x00000000ee300000, 0x00000000ee300000| Untracked 
| 228|0x00000000ee400000, 0x00000000ee400000, 0x00000000ee500000|  0%| F|  |TAMS 0x00000000ee400000, 0x00000000ee400000| Untracked 
| 229|0x00000000ee500000, 0x00000000ee500000, 0x00000000ee600000|  0%| F|  |TAMS 0x00000000ee500000, 0x00000000ee500000| Untracked 
| 230|0x00000000ee600000, 0x00000000ee600000, 0x00000000ee700000|  0%| F|  |TAMS 0x00000000ee600000, 0x00000000ee600000| Untracked 
| 231|0x00000000ee700000, 0x00000000ee700000, 0x00000000ee800000|  0%| F|  |TAMS 0x00000000ee700000, 0x00000000ee700000| Untracked 
| 232|0x00000000ee800000, 0x00000000ee800000, 0x00000000ee900000|  0%| F|  |TAMS 0x00000000ee800000, 0x00000000ee800000| Untracked 
| 233|0x00000000ee900000, 0x00000000ee900000, 0x00000000eea00000|  0%| F|  |TAMS 0x00000000ee900000, 0x00000000ee900000| Untracked 
| 234|0x00000000eea00000, 0x00000000eea00000, 0x00000000eeb00000|  0%| F|  |TAMS 0x00000000eea00000, 0x00000000eea00000| Untracked 
| 235|0x00000000eeb00000, 0x00000000eeb00000, 0x00000000eec00000|  0%| F|  |TAMS 0x00000000eeb00000, 0x00000000eeb00000| Untracked 
| 236|0x00000000eec00000, 0x00000000eed00000, 0x00000000eed00000|100%| E|  |TAMS 0x00000000eec00000, 0x00000000eec00000| Complete 
| 237|0x00000000eed00000, 0x00000000eee00000, 0x00000000eee00000|100%| E|CS|TAMS 0x00000000eed00000, 0x00000000eed00000| Complete 
| 238|0x00000000eee00000, 0x00000000eef00000, 0x00000000eef00000|100%| E|CS|TAMS 0x00000000eee00000, 0x00000000eee00000| Complete 
| 239|0x00000000eef00000, 0x00000000ef000000, 0x00000000ef000000|100%| E|CS|TAMS 0x00000000eef00000, 0x00000000eef00000| Complete 
| 240|0x00000000ef000000, 0x00000000ef100000, 0x00000000ef100000|100%| E|CS|TAMS 0x00000000ef000000, 0x00000000ef000000| Complete 
| 241|0x00000000ef100000, 0x00000000ef200000, 0x00000000ef200000|100%| E|CS|TAMS 0x00000000ef100000, 0x00000000ef100000| Complete 
| 242|0x00000000ef200000, 0x00000000ef300000, 0x00000000ef300000|100%| E|CS|TAMS 0x00000000ef200000, 0x00000000ef200000| Complete 
| 243|0x00000000ef300000, 0x00000000ef400000, 0x00000000ef400000|100%| E|CS|TAMS 0x00000000ef300000, 0x00000000ef300000| Complete 
| 244|0x00000000ef400000, 0x00000000ef500000, 0x00000000ef500000|100%| E|CS|TAMS 0x00000000ef400000, 0x00000000ef400000| Complete 
| 245|0x00000000ef500000, 0x00000000ef600000, 0x00000000ef600000|100%| E|CS|TAMS 0x00000000ef500000, 0x00000000ef500000| Complete 
| 246|0x00000000ef600000, 0x00000000ef700000, 0x00000000ef700000|100%| E|CS|TAMS 0x00000000ef600000, 0x00000000ef600000| Complete 
| 247|0x00000000ef700000, 0x00000000ef800000, 0x00000000ef800000|100%| E|CS|TAMS 0x00000000ef700000, 0x00000000ef700000| Complete 
| 248|0x00000000ef800000, 0x00000000ef900000, 0x00000000ef900000|100%| E|CS|TAMS 0x00000000ef800000, 0x00000000ef800000| Complete 
| 249|0x00000000ef900000, 0x00000000efa00000, 0x00000000efa00000|100%| E|CS|TAMS 0x00000000ef900000, 0x00000000ef900000| Complete 
| 250|0x00000000efa00000, 0x00000000efb00000, 0x00000000efb00000|100%| E|CS|TAMS 0x00000000efa00000, 0x00000000efa00000| Complete 
| 251|0x00000000efb00000, 0x00000000efc00000, 0x00000000efc00000|100%| E|CS|TAMS 0x00000000efb00000, 0x00000000efb00000| Complete 
| 252|0x00000000efc00000, 0x00000000efd00000, 0x00000000efd00000|100%| E|CS|TAMS 0x00000000efc00000, 0x00000000efc00000| Complete 
| 253|0x00000000efd00000, 0x00000000efe00000, 0x00000000efe00000|100%| E|CS|TAMS 0x00000000efd00000, 0x00000000efd00000| Complete 
| 254|0x00000000efe00000, 0x00000000eff00000, 0x00000000eff00000|100%| E|CS|TAMS 0x00000000efe00000, 0x00000000efe00000| Complete 
| 255|0x00000000eff00000, 0x00000000f0000000, 0x00000000f0000000|100%| E|CS|TAMS 0x00000000eff00000, 0x00000000eff00000| Complete 

Card table byte_map: [0x000002cbc49d0000,0x000002cbc4ad0000] _byte_map_base: 0x000002cbc42d0000

Marking Bits (Prev, Next): (CMBitMap*) 0x000002cbacf2f208, (CMBitMap*) 0x000002cbacf2f240
 Prev Bits: [0x000002cbc4bd0000, 0x000002cbc53d0000)
 Next Bits: [0x000002cbc53d0000, 0x000002cbc5bd0000)

Polling page: 0x000002cbaae90000

Metaspace:

Usage:
  Non-class:     47.88 MB capacity,    46.97 MB ( 98%) used,   779.65 KB (  2%) free+waste,   152.75 KB ( <1%) overhead. 
      Class:      7.44 MB capacity,     6.85 MB ( 92%) used,   523.42 KB (  7%) free+waste,    71.69 KB ( <1%) overhead. 
       Both:     55.31 MB capacity,    53.82 MB ( 97%) used,     1.27 MB (  2%) free+waste,   224.44 KB ( <1%) overhead. 

Virtual space:
  Non-class space:       48.00 MB reserved,      48.00 MB (100%) committed 
      Class space:      248.00 MB reserved,       7.50 MB (  3%) committed 
             Both:      296.00 MB reserved,      55.50 MB ( 19%) committed 

Chunk freelists:
   Non-Class:  7.50 KB
       Class:  256 bytes
        Both:  7.75 KB

CodeHeap 'non-profiled nmethods': size=120000Kb used=4020Kb max_used=4187Kb free=115979Kb
 bounds [0x000002cbbce50000, 0x000002cbbd270000, 0x000002cbc4380000]
CodeHeap 'profiled nmethods': size=120000Kb used=14213Kb max_used=14213Kb free=105786Kb
 bounds [0x000002cbb5920000, 0x000002cbb6720000, 0x000002cbbce50000]
CodeHeap 'non-nmethods': size=5760Kb used=2219Kb max_used=2276Kb free=3540Kb
 bounds [0x000002cbb5380000, 0x000002cbb55f0000, 0x000002cbb5920000]
 total_blobs=7635 nmethods=6853 adapters=693
 compilation: enabled
              stopped_count=0, restarted_count=0
 full_count=0

Compilation events (10 events):
Event: 644.860 Thread 0x000002cbc91e0000 7732       3       io.spring.gradle.dependencymanagement.org.apache.maven.model.inheritance.DefaultInheritanceAssembler::getChildPathAdjustment (193 bytes)
Event: 644.862 Thread 0x000002cbc91e0000 nmethod 7732 0x000002cbb66feb10 code [0x000002cbb66fef20, 0x000002cbb6700af0]
Event: 644.862 Thread 0x000002cbc91e0000 7731       3       io.spring.gradle.dependencymanagement.org.apache.maven.model.inheritance.DefaultInheritanceAssembler::assembleModelInheritance (38 bytes)
Event: 644.863 Thread 0x000002cbc91e0000 nmethod 7731 0x000002cbb6701590 code [0x000002cbb67017a0, 0x000002cbb6701dc0]
Event: 644.863 Thread 0x000002cbc91e0000 7735       1       io.spring.gradle.dependencymanagement.org.apache.maven.model.IssueManagement::getSystem (5 bytes)
Event: 644.863 Thread 0x000002cbc91e0000 nmethod 7735 0x000002cbbd0b8b10 code [0x000002cbbd0b8ca0, 0x000002cbbd0b8db8]
Event: 644.863 Thread 0x000002cbc91e0000 7733       1       io.spring.gradle.dependencymanagement.org.apache.maven.model.DistributionManagement::setSnapshotRepository (6 bytes)
Event: 644.863 Thread 0x000002cbc91e0000 nmethod 7733 0x000002cbbd0c0f90 code [0x000002cbbd0c1120, 0x000002cbbd0c1278]
Event: 644.863 Thread 0x000002cbc91e0000 7734       1       io.spring.gradle.dependencymanagement.org.apache.maven.model.DependencyManagement::setDependencies (6 bytes)
Event: 644.863 Thread 0x000002cbc91e0000 nmethod 7734 0x000002cbbd0c0c10 code [0x000002cbbd0c0da0, 0x000002cbbd0c0ef8]

GC Heap History (10 events):
Event: 2.713 GC heap before
{Heap before GC invocations=3 (full 0):
 garbage-first heap   total 262144K, used 45323K [0x00000000e0000000, 0x0000000100000000)
  region size 1024K, 39 young (39936K), 10 survivors (10240K)
 Metaspace       used 24070K, capacity 24612K, committed 24832K, reserved 276480K
  class space    used 3079K, capacity 3265K, committed 3328K, reserved 253952K
}
Event: 2.718 GC heap after
{Heap after GC invocations=4 (full 0):
 garbage-first heap   total 262144K, used 17573K [0x00000000e0000000, 0x0000000100000000)
  region size 1024K, 2 young (2048K), 2 survivors (2048K)
 Metaspace       used 24070K, capacity 24612K, committed 24832K, reserved 276480K
  class space    used 3079K, capacity 3265K, committed 3328K, reserved 253952K
}
Event: 3.719 GC heap before
{Heap before GC invocations=4 (full 0):
 garbage-first heap   total 262144K, used 85157K [0x00000000e0000000, 0x0000000100000000)
  region size 1024K, 69 young (70656K), 2 survivors (2048K)
 Metaspace       used 35056K, capacity 35705K, committed 35840K, reserved 286720K
  class space    used 4535K, capacity 4791K, committed 4864K, reserved 253952K
}
Event: 3.724 GC heap after
{Heap after GC invocations=5 (full 0):
 garbage-first heap   total 262144K, used 21632K [0x00000000e0000000, 0x0000000100000000)
  region size 1024K, 6 young (6144K), 6 survivors (6144K)
 Metaspace       used 35056K, capacity 35705K, committed 35840K, reserved 286720K
  class space    used 4535K, capacity 4791K, committed 4864K, reserved 253952K
}
Event: 4.995 GC heap before
{Heap before GC invocations=6 (full 0):
 garbage-first heap   total 262144K, used 116864K [0x00000000e0000000, 0x0000000100000000)
  region size 1024K, 96 young (98304K), 6 survivors (6144K)
 Metaspace       used 44614K, capacity 45583K, committed 45696K, reserved 294912K
  class space    used 5775K, capacity 6162K, committed 6272K, reserved 253952K
}
Event: 5.002 GC heap after
{Heap after GC invocations=7 (full 0):
 garbage-first heap   total 262144K, used 26233K [0x00000000e0000000, 0x0000000100000000)
  region size 1024K, 11 young (11264K), 11 survivors (11264K)
 Metaspace       used 44614K, capacity 45583K, committed 45696K, reserved 294912K
  class space    used 5775K, capacity 6162K, committed 6272K, reserved 253952K
}
Event: 6.502 GC heap before
{Heap before GC invocations=7 (full 0):
 garbage-first heap   total 262144K, used 138873K [0x00000000e0000000, 0x0000000100000000)
  region size 1024K, 122 young (124928K), 11 survivors (11264K)
 Metaspace       used 52372K, capacity 53751K, committed 54016K, reserved 301056K
  class space    used 6820K, capacity 7349K, committed 7424K, reserved 253952K
}
Event: 6.514 GC heap after
{Heap after GC invocations=8 (full 0):
 garbage-first heap   total 262144K, used 35605K [0x00000000e0000000, 0x0000000100000000)
  region size 1024K, 14 young (14336K), 14 survivors (14336K)
 Metaspace       used 52372K, capacity 53751K, committed 54016K, reserved 301056K
  class space    used 6820K, capacity 7349K, committed 7424K, reserved 253952K
}
Event: 644.699 GC heap before
{Heap before GC invocations=8 (full 0):
 garbage-first heap   total 262144K, used 176917K [0x00000000e0000000, 0x0000000100000000)
  region size 1024K, 153 young (156672K), 14 survivors (14336K)
 Metaspace       used 55026K, capacity 56577K, committed 56832K, reserved 303104K
  class space    used 7018K, capacity 7614K, committed 7680K, reserved 253952K
}
Event: 644.718 GC heap after
{Heap after GC invocations=9 (full 0):
 garbage-first heap   total 262144K, used 42789K [0x00000000e0000000, 0x0000000100000000)
  region size 1024K, 17 young (17408K), 17 survivors (17408K)
 Metaspace       used 55026K, capacity 56577K, committed 56832K, reserved 303104K
  class space    used 7018K, capacity 7614K, committed 7680K, reserved 253952K
}

Deoptimization events (10 events):
Event: 644.143 Thread 0x000002cbd1361800 Uncommon trap: reason=profile_predicate action=maybe_recompile pc=0x000002cbbd1fdf24 method=io.spring.gradle.dependencymanagement.org.apache.maven.model.interpolation.StringSearchModelInterpolator$InterpolateObjectAction.interpolateMapField(Ljava/lang/Obj
Event: 644.389 Thread 0x000002cbd1361800 Uncommon trap: reason=speculate_null_assert action=make_not_entrant pc=0x000002cbbd1f72a8 method=io.spring.gradle.dependencymanagement.internal.Exclusions.add(Ljava/lang/String;Ljava/util/Collection;)V @ 15 c2
Event: 644.488 Thread 0x000002cbd1361800 Uncommon trap: reason=class_check action=maybe_recompile pc=0x000002cbbd24cb7c method=java.util.stream.ReferencePipeline$7$1.accept(Ljava/lang/Object;)V @ 8 c2
Event: 644.488 Thread 0x000002cbd1361800 Uncommon trap: reason=bimorphic_or_optimized_type_check action=maybe_recompile pc=0x000002cbbd24bd20 method=java.util.stream.ReferencePipeline$Head.forEach(Ljava/util/function/Consumer;)V @ 12 c2
Event: 644.488 Thread 0x000002cbd1361800 Uncommon trap: reason=class_check action=maybe_recompile pc=0x000002cbbd24cb7c method=java.util.stream.ReferencePipeline$7$1.accept(Ljava/lang/Object;)V @ 8 c2
Event: 644.488 Thread 0x000002cbd1361800 Uncommon trap: reason=bimorphic_or_optimized_type_check action=maybe_recompile pc=0x000002cbbd24bd20 method=java.util.stream.ReferencePipeline$Head.forEach(Ljava/util/function/Consumer;)V @ 12 c2
Event: 644.510 Thread 0x000002cbd1361800 Uncommon trap: reason=class_check action=maybe_recompile pc=0x000002cbbd24cb7c method=java.util.stream.ReferencePipeline$7$1.accept(Ljava/lang/Object;)V @ 8 c2
Event: 644.510 Thread 0x000002cbd1361800 Uncommon trap: reason=bimorphic_or_optimized_type_check action=maybe_recompile pc=0x000002cbbd24bd20 method=java.util.stream.ReferencePipeline$Head.forEach(Ljava/util/function/Consumer;)V @ 12 c2
Event: 644.510 Thread 0x000002cbd1361800 Uncommon trap: reason=class_check action=maybe_recompile pc=0x000002cbbd24cb7c method=java.util.stream.ReferencePipeline$7$1.accept(Ljava/lang/Object;)V @ 8 c2
Event: 644.510 Thread 0x000002cbd1361800 Uncommon trap: reason=bimorphic_or_optimized_type_check action=maybe_recompile pc=0x000002cbbd24bd20 method=java.util.stream.ReferencePipeline$Head.forEach(Ljava/util/function/Consumer;)V @ 12 c2

Classes redefined (0 events):
No events

Internal exceptions (10 events):
Event: 5.723 Thread 0x000002cbcb240000 Exception <a 'java/lang/NoSuchMethodError'{0x00000000ebe61ba0}: static Lorg/gradle/internal/build/event/types/AbstractProgressEvent;.<clinit>()V> (0x00000000ebe61ba0) thrown at [./open/src/hotspot/share/prims/jni.cpp, line 1362]
Event: 5.724 Thread 0x000002cbcb240000 Exception <a 'java/lang/NoSuchMethodError'{0x00000000ebe6b2a0}: static Lorg/gradle/internal/build/event/types/DefaultTaskDescriptor;.<clinit>()V> (0x00000000ebe6b2a0) thrown at [./open/src/hotspot/share/prims/jni.cpp, line 1362]
Event: 5.726 Thread 0x000002cbcb240000 Exception <a 'java/lang/NoSuchMethodError'{0x00000000ebe9b0e8}: static Lorg/gradle/internal/operations/OperationIdentifier;.<clinit>()V> (0x00000000ebe9b0e8) thrown at [./open/src/hotspot/share/prims/jni.cpp, line 1362]
Event: 5.726 Thread 0x000002cbcb240000 Exception <a 'java/lang/NoSuchMethodError'{0x00000000ebea3070}: static Lorg/gradle/internal/build/event/types/DefaultBinaryPluginIdentifier;.<clinit>()V> (0x00000000ebea3070) thrown at [./open/src/hotspot/share/prims/jni.cpp, line 1362]
Event: 5.784 Thread 0x000002cbcef54000 Exception <a 'java/lang/NoSuchMethodError'{0x00000000ebb63728}: java.lang.invoke.DirectMethodHandle$Holder.invokeStatic(Ljava/lang/Object;Ljava/lang/Object;Ljava/lang/Object;Ljava/lang/Object;Ljava/lang/Object;Ljava/lang/Object;Ljava/lang/Object;)V> (0x00
Event: 7.085 Thread 0x000002cbcef54000 Exception <a 'java/lang/NoSuchMethodError'{0x00000000ebdcd0d8}: java.lang.invoke.DirectMethodHandle$Holder.invokeStatic(Ljava/lang/Object;Ljava/lang/Object;Ljava/lang/Object;Ljava/lang/Object;ILjava/lang/Object;)V> (0x00000000ebdcd0d8) thrown at [./open/s
Event: 7.104 Thread 0x000002cbcb240000 Exception <a 'java/lang/NoSuchMethodError'{0x00000000eff8c2e0}: static Lorg/gradle/internal/build/event/types/DefaultTaskFinishedProgressEvent;.<clinit>()V> (0x00000000eff8c2e0) thrown at [./open/src/hotspot/share/prims/jni.cpp, line 1362]
Event: 7.105 Thread 0x000002cbcb240000 Exception <a 'java/lang/NoSuchMethodError'{0x00000000eba15e80}: static Lorg/gradle/internal/build/event/types/DefaultTaskSuccessResult;.<clinit>()V> (0x00000000eba15e80) thrown at [./open/src/hotspot/share/prims/jni.cpp, line 1362]
Event: 7.105 Thread 0x000002cbcb240000 Exception <a 'java/lang/NoSuchMethodError'{0x00000000eba174e8}: static Lorg/gradle/internal/build/event/types/AbstractTaskResult;.<clinit>()V> (0x00000000eba174e8) thrown at [./open/src/hotspot/share/prims/jni.cpp, line 1362]
Event: 7.105 Thread 0x000002cbcb240000 Exception <a 'java/lang/NoSuchMethodError'{0x00000000eba18ab8}: static Lorg/gradle/internal/build/event/types/AbstractResult;.<clinit>()V> (0x00000000eba18ab8) thrown at [./open/src/hotspot/share/prims/jni.cpp, line 1362]

Events (10 events):
Event: 644.510 Thread 0x000002cbd1361800 Uncommon trap: trap_request=0xffffffde fr.pc=0x000002cbbd24cb7c relative=0x00000000000008bc
Event: 644.510 Thread 0x000002cbd1361800 DEOPT PACKING pc=0x000002cbbd24cb7c sp=0x000000ddefdf9c10
Event: 644.510 Thread 0x000002cbd1361800 DEOPT UNPACKING pc=0x000002cbb53a8f2f sp=0x000000ddefdf9bc0 mode 2
Event: 644.510 Thread 0x000002cbd1361800 Uncommon trap: trap_request=0xffffffc6 fr.pc=0x000002cbbd24bd20 relative=0x0000000000000260
Event: 644.510 Thread 0x000002cbd1361800 DEOPT PACKING pc=0x000002cbbd24bd20 sp=0x000000ddefdf9b70
Event: 644.510 Thread 0x000002cbd1361800 DEOPT UNPACKING pc=0x000002cbb53a8f2f sp=0x000000ddefdf9b48 mode 2
Event: 644.607 Executing VM operation: ICBufferFull
Event: 644.607 Executing VM operation: ICBufferFull done
Event: 644.699 Executing VM operation: G1CollectForAllocation
Event: 644.718 Executing VM operation: G1CollectForAllocation done


Dynamic libraries:
0x00007ff6966d0000 - 0x00007ff6966df000 	C:\Program Files\Java\jdk-11.0.9\bin\java.exe
0x00007ff8d9820000 - 0x00007ff8d9a10000 	C:\Windows\SYSTEM32\ntdll.dll
0x00007ff8d7b30000 - 0x00007ff8d7be2000 	C:\Windows\System32\KERNEL32.DLL
0x00007ff8d6870000 - 0x00007ff8d6b15000 	C:\Windows\System32\KERNELBASE.dll
0x00007ff8d7580000 - 0x00007ff8d767a000 	C:\Windows\System32\ucrtbase.dll
0x00007ff8d1d30000 - 0x00007ff8d1d45000 	C:\Program Files\Java\jdk-11.0.9\bin\VCRUNTIME140.dll
0x00007ff8d1d10000 - 0x00007ff8d1d28000 	C:\Program Files\Java\jdk-11.0.9\bin\jli.dll
0x00007ff8d7c20000 - 0x00007ff8d7cc3000 	C:\Windows\System32\ADVAPI32.dll
0x00007ff8d78d0000 - 0x00007ff8d796e000 	C:\Windows\System32\msvcrt.dll
0x00007ff8d87a0000 - 0x00007ff8d8837000 	C:\Windows\System32\sechost.dll
0x00007ff8d7e80000 - 0x00007ff8d7fa0000 	C:\Windows\System32\RPCRT4.dll
0x00007ff8d8c00000 - 0x00007ff8d8d94000 	C:\Windows\System32\USER32.dll
0x00007ff8c4c40000 - 0x00007ff8c4ec4000 	C:\Windows\WinSxS\amd64_microsoft.windows.common-controls_6595b64144ccf1df_6.0.18362.1256_none_9e7e379be45e40e2\COMCTL32.dll
0x00007ff8d6b70000 - 0x00007ff8d6b91000 	C:\Windows\System32\win32u.dll
0x00007ff8d7bf0000 - 0x00007ff8d7c16000 	C:\Windows\System32\GDI32.dll
0x00007ff8d8da0000 - 0x00007ff8d90d6000 	C:\Windows\System32\combase.dll
0x00007ff8d6ba0000 - 0x00007ff8d6d36000 	C:\Windows\System32\gdi32full.dll
0x00007ff8d74d0000 - 0x00007ff8d7551000 	C:\Windows\System32\bcryptPrimitives.dll
0x00007ff8d7830000 - 0x00007ff8d78ce000 	C:\Windows\System32\msvcp_win.dll
0x00007ff8ce410000 - 0x00007ff8ce41a000 	C:\Windows\SYSTEM32\VERSION.dll
0x00007ff8d85c0000 - 0x00007ff8d85ee000 	C:\Windows\System32\IMM32.DLL
0x00007ff8d11b0000 - 0x00007ff8d124b000 	C:\Program Files\Java\jdk-11.0.9\bin\msvcp140.dll
0x00007ff8a30a0000 - 0x00007ff8a3b97000 	C:\Program Files\Java\jdk-11.0.9\bin\server\jvm.dll
0x00007ff8d85f0000 - 0x00007ff8d85f8000 	C:\Windows\System32\PSAPI.DLL
0x00007ff8b46d0000 - 0x00007ff8b46d9000 	C:\Windows\SYSTEM32\WSOCK32.dll
0x00007ff8d41b0000 - 0x00007ff8d41d4000 	C:\Windows\SYSTEM32\WINMM.dll
0x00007ff8d8730000 - 0x00007ff8d879f000 	C:\Windows\System32\WS2_32.dll
0x00007ff8d3fa0000 - 0x00007ff8d3fcd000 	C:\Windows\SYSTEM32\WINMMBASE.dll
0x00007ff8d6b20000 - 0x00007ff8d6b6a000 	C:\Windows\System32\cfgmgr32.dll
0x00007ff8d6750000 - 0x00007ff8d6761000 	C:\Windows\System32\kernel.appcore.dll
0x00007ff8d3180000 - 0x00007ff8d3190000 	C:\Program Files\Java\jdk-11.0.9\bin\verify.dll
0x00007ff8cb700000 - 0x00007ff8cb8f4000 	C:\Windows\SYSTEM32\DBGHELP.DLL
0x00007ff8c2760000 - 0x00007ff8c278a000 	C:\Windows\SYSTEM32\dbgcore.DLL
0x00007ff8d1ce0000 - 0x00007ff8d1d08000 	C:\Program Files\Java\jdk-11.0.9\bin\java.dll
0x00007ff8d1ca0000 - 0x00007ff8d1caa000 	C:\Program Files\Java\jdk-11.0.9\bin\jimage.dll
0x00007ff8d1c40000 - 0x00007ff8d1c56000 	C:\Program Files\Java\jdk-11.0.9\bin\zip.dll
0x00007ff8d90e0000 - 0x00007ff8d97c7000 	C:\Windows\System32\SHELL32.dll
0x00007ff8d8680000 - 0x00007ff8d8729000 	C:\Windows\System32\shcore.dll
0x00007ff8d6d40000 - 0x00007ff8d74c1000 	C:\Windows\System32\windows.storage.dll
0x00007ff8d6720000 - 0x00007ff8d6743000 	C:\Windows\System32\profapi.dll
0x00007ff8d66d0000 - 0x00007ff8d671a000 	C:\Windows\System32\powrprof.dll
0x00007ff8d66c0000 - 0x00007ff8d66d0000 	C:\Windows\System32\UMPDC.dll
0x00007ff8d89a0000 - 0x00007ff8d89f2000 	C:\Windows\System32\shlwapi.dll
0x00007ff8d7560000 - 0x00007ff8d7577000 	C:\Windows\System32\cryptsp.dll
0x00007ff8d1c20000 - 0x00007ff8d1c39000 	C:\Program Files\Java\jdk-11.0.9\bin\net.dll
0x00007ff8cb1e0000 - 0x00007ff8cb2d0000 	C:\Windows\SYSTEM32\WINHTTP.dll
0x00007ff8d5eb0000 - 0x00007ff8d5f17000 	C:\Windows\system32\mswsock.dll
0x00007ff8d1c00000 - 0x00007ff8d1c12000 	C:\Program Files\Java\jdk-11.0.9\bin\nio.dll
0x00007ff8d1cb0000 - 0x00007ff8d1cd7000 	C:\Users\AVinash\.gradle\native\9f2fa17c089eee584f3420100432f77ec4c098959e4bf121a4d6054c26537dfb\windows-amd64\native-platform.dll
0x00007ff8d1c90000 - 0x00007ff8d1c99000 	C:\Program Files\Java\jdk-11.0.9\bin\management.dll
0x00007ff8d11a0000 - 0x00007ff8d11ab000 	C:\Program Files\Java\jdk-11.0.9\bin\management_ext.dll
0x00007ff8d5a20000 - 0x00007ff8d5a53000 	C:\Windows\system32\rsaenh.dll
0x00007ff8d6790000 - 0x00007ff8d67b6000 	C:\Windows\System32\bcrypt.dll
0x00007ff8d65a0000 - 0x00007ff8d65c5000 	C:\Windows\SYSTEM32\USERENV.dll
0x00007ff8d6080000 - 0x00007ff8d608c000 	C:\Windows\SYSTEM32\CRYPTBASE.dll
0x00007ff8d5bc0000 - 0x00007ff8d5bfa000 	C:\Windows\SYSTEM32\IPHLPAPI.DLL
0x00007ff8d97d0000 - 0x00007ff8d97d8000 	C:\Windows\System32\NSI.dll
0x00007ff8ce360000 - 0x00007ff8ce376000 	C:\Windows\SYSTEM32\dhcpcsvc6.DLL
0x00007ff8ce1e0000 - 0x00007ff8ce1fc000 	C:\Windows\SYSTEM32\dhcpcsvc.DLL
0x00007ff8d5c00000 - 0x00007ff8d5ccb000 	C:\Windows\SYSTEM32\DNSAPI.dll
0x00007ff8cf520000 - 0x00007ff8cf52b000 	C:\Windows\SYSTEM32\WINNSI.DLL
0x00007ff8d1000000 - 0x00007ff8d1196000 	C:\Users\AVinash\.gradle\native\9f2fa17c089eee584f3420100432f77ec4c098959e4bf121a4d6054c26537dfb\windows-amd64\native-platform-file-events.dll

dbghelp: loaded successfully - version: 4.0.5 - missing functions: none
symbol engine: initialized successfully - sym options: 0x614 - pdb path: .;C:\Program Files\Java\jdk-11.0.9\bin;C:\Windows\SYSTEM32;C:\Windows\WinSxS\amd64_microsoft.windows.common-controls_6595b64144ccf1df_6.0.18362.1256_none_9e7e379be45e40e2;C:\Program Files\Java\jdk-11.0.9\bin\server;C:\Users\AVinash\.gradle\native\9f2fa17c089eee584f3420100432f77ec4c098959e4bf121a4d6054c26537dfb\windows-amd64

VM Arguments:
jvm_args: --add-opens=java.base/java.util=ALL-UNNAMED --add-opens=java.base/java.lang=ALL-UNNAMED --add-opens=java.base/java.lang.invoke=ALL-UNNAMED --add-opens=java.prefs/java.util.prefs=ALL-UNNAMED -XX:MaxMetaspaceSize=256m -XX:+HeapDumpOnOutOfMemoryError -Xms256m -Xmx512m -Dfile.encoding=windows-1252 -Duser.country=IN -Duser.language=en -Duser.variant 
java_command: org.gradle.launcher.daemon.bootstrap.GradleDaemon 6.6.1
java_class_path (initial): C:\Users\AVinash\.gradle\wrapper\dists\gradle-6.6.1-bin\du4tvj86lhti6iga1v8h7pckb\gradle-6.6.1\lib\gradle-launcher-6.6.1.jar
Launcher Type: SUN_STANDARD

[Global flags]
     intx CICompilerCount                          = 4                                         {product} {ergonomic}
   size_t CompressedClassSpaceSize                 = 260046848                                 {product} {ergonomic}
     uint ConcGCThreads                            = 3                                         {product} {ergonomic}
     uint G1ConcRefinementThreads                  = 10                                        {product} {ergonomic}
   size_t G1HeapRegionSize                         = 1048576                                   {product} {ergonomic}
    uintx GCDrainStackTargetSize                   = 64                                        {product} {ergonomic}
     bool HeapDumpOnOutOfMemoryError               = true                                   {manageable} {command line}
   size_t InitialHeapSize                          = 268435456                                 {product} {command line}
   size_t MarkStackSize                            = 4194304                                   {product} {ergonomic}
   size_t MaxHeapSize                              = 536870912                                 {product} {command line}
   size_t MaxMetaspaceSize                         = 268435456                                 {product} {command line}
   size_t MaxNewSize                               = 321912832                                 {product} {ergonomic}
   size_t MinHeapDeltaBytes                        = 1048576                                   {product} {ergonomic}
    uintx NonNMethodCodeHeapSize                   = 5836300                                {pd product} {ergonomic}
    uintx NonProfiledCodeHeapSize                  = 122910970                              {pd product} {ergonomic}
    uintx ProfiledCodeHeapSize                     = 122910970                              {pd product} {ergonomic}
    uintx ReservedCodeCacheSize                    = 251658240                              {pd product} {ergonomic}
     bool SegmentedCodeCache                       = true                                      {product} {ergonomic}
     bool UseCompressedClassPointers               = true                                 {lp64_product} {ergonomic}
     bool UseCompressedOops                        = true                                 {lp64_product} {ergonomic}
     bool UseG1GC                                  = true                                      {product} {ergonomic}
     bool UseLargePagesIndividualAllocation        = false                                  {pd product} {ergonomic}

Logging:
Log output configuration:
 #0: stdout all=warning uptime,level,tags
 #1: stderr all=off uptime,level,tags

Environment Variables:
JAVA_HOME=C:\Program Files\OpenJDK\openjdk-11.0.9_11
JRE_HOME=C:\Program Files\Java\jdk-11.0.9
PATH=C:\Program Files\Common Files\Oracle\Java\javapath;C:\Windows\system32;C:\Windows;C:\Windows\System32\Wbem;C:\Windows\System32\WindowsPowerShell\v1.0\;C:\Windows\System32\OpenSSH\;C:\Program Files\NVIDIA Corporation\NVIDIA NvDLISR;C:\Program Files (x86)\NVIDIA Corporation\PhysX\Common;C:\Program Files\Git\cmd;C:\ProgramData\chocolatey\bin;C:\Program Files\OpenJDK\openjdk-11.0.9_11\bin;C:\Program Files\nodejs\;C:\ProgramData\chocolatey\lib\Tomcat\tools\apache-tomcat-9.0.40\bin;C:\Program Files\MySQL\MySQL Shell 8.0\bin\;C:\Users\AVinash\AppData\Local\Microsoft\WindowsApps;;C:\Users\AVinash\AppData\Local\Programs\Microsoft VS Code\bin;C:\Users\AVinash\AppData\Roaming\npm
USERNAME=AVinash
OS=Windows_NT
PROCESSOR_IDENTIFIER=AMD64 Family 23 Model 96 Stepping 1, AuthenticAMD



---------------  S Y S T E M  ---------------

OS: Windows 10 , 64 bit Build 18362 (10.0.18362.1110)

CPU:total 12 (initial active 12) (12 cores per cpu, 2 threads per core) family 23 model 96 stepping 1, cmov, cx8, fxsr, mmx, sse, sse2, sse3, ssse3, sse4.1, sse4.2, popcnt, avx, avx2, aes, clmul, mmxext, 3dnowpref, lzcnt, sse4a, ht, tsc, tscinvbit, tscinv, bmi1, bmi2, adx, sha, fma

Memory: 4k page, system-wide physical 15741M (9969M free)
TotalPageFile size 18685M (AvailPageFile size 8932M)
current process WorkingSet (physical memory assigned to process): 385M, peak: 392M
current process commit charge ("private bytes"): 510M, peak: 519M

vm_info: Java HotSpot(TM) 64-Bit Server VM (11.0.9+7-LTS) for windows-amd64 JRE (11.0.9+7-LTS), built on Sep 15 2020 16:47:03 by "mach5one" with MS VC++ 15.9 (VS2017)

END.
