#
# A fatal error has been detected by the Java Runtime Environment:
#
#  EXCEPTION_ACCESS_VIOLATION (0xc0000005) at pc=0x00007ffc2b06f867, pid=10424, tid=13436
#
# JRE version: Java(TM) SE Runtime Environment 18.9 (11.0.9+7) (build 11.0.9+7-LTS)
# Java VM: Java HotSpot(TM) 64-Bit Server VM 18.9 (11.0.9+7-LTS, mixed mode, tiered, compressed oops, g1 gc, windows-amd64)
# Problematic frame:
# V  [jvm.dll+0x50f867]
#
# No core dump will be written. Minidumps are not enabled by default on client versions of Windows
#
# If you would like to submit a bug report, please visit:
#   https://bugreport.java.com/bugreport/crash.jsp
#

---------------  S U M M A R Y ------------

Command Line: --add-opens=java.base/java.util=ALL-UNNAMED --add-opens=java.base/java.lang=ALL-UNNAMED --add-opens=java.base/java.lang.invoke=ALL-UNNAMED --add-opens=java.prefs/java.util.prefs=ALL-UNNAMED -XX:MaxMetaspaceSize=256m -XX:+HeapDumpOnOutOfMemoryError -Xms256m -Xmx512m -Dfile.encoding=windows-1252 -Duser.country=IN -Duser.language=en -Duser.variant org.gradle.launcher.daemon.bootstrap.GradleDaemon 6.6.1

Host: AMD Ryzen 5 4600H with Radeon Graphics         , 12 cores, 15G,  Windows 10 , 64 bit Build 18362 (10.0.18362.1110)
Time: Fri Dec 11 11:19:55 2020 India Standard Time elapsed time: 40.525186 seconds (0d 0h 0m 40s)

---------------  T H R E A D  ---------------

Current thread (0x0000023000aa1000):  JavaThread "C2 CompilerThread2" daemon [_thread_in_native, id=13436, stack(0x0000008608400000,0x0000008608500000)]


Current CompileTask:
C2:  40525 8861       4       org.gradle.api.internal.artifacts.ModuleComponentSelectorSerializer::read (50 bytes)

Stack: [0x0000008608400000,0x0000008608500000],  sp=0x00000086084fbb00,  free space=1006k
Native frames: (J=compiled Java code, j=interpreted, Vv=VM code, C=native code)
V  [jvm.dll+0x50f867]
V  [jvm.dll+0x510022]
V  [jvm.dll+0x193ce3]
V  [jvm.dll+0x1fd5a2]
V  [jvm.dll+0x1fc64f]
V  [jvm.dll+0x17f08c]
V  [jvm.dll+0x20bc54]
V  [jvm.dll+0x209d2b]
V  [jvm.dll+0x7103d9]
V  [jvm.dll+0x709114]
V  [jvm.dll+0x610cb6]
C  [ucrtbase.dll+0x210b2]
C  [KERNEL32.DLL+0x17c24]
C  [ntdll.dll+0x6d4d1]


siginfo: EXCEPTION_ACCESS_VIOLATION (0xc0000005), reading address 0x0000000000000004


Register to memory mapping:

RIP=0x00007ffc2b06f867 jvm.dll
RAX=0x0000000000000220 is an unknown value
RBX=0x0000000000000220 is an unknown value
RCX=0x0 is NULL
RDX=0x0 is NULL
RSP=0x00000086084fbb00 is pointing into the stack for thread: 0x0000023000aa1000
RBP=0x0000000000000001 is an unknown value
RSI=0x0000000000000001 is an unknown value
RDI=0x0000023006725820 points into unknown readable memory: 09 00 00 00 00 00 00 00
R8 =0x0000000000000220 is an unknown value
R9 =0x00000086084fbb30 is pointing into the stack for thread: 0x0000023000aa1000
R10=0x00007ffc2b587108 jvm.dll
R11=0x00007ffc2ab60000 jvm.dll
R12=0x0000000000000001 is an unknown value
R13=0x0000023000f56200 points into unknown readable memory: 00 00 00 00 00 00 00 00
R14=0x0000000000000010 is an unknown value
R15=0x0000023002eb9480 points into unknown readable memory: 09 00 00 00 00 00 00 00


Registers:
RAX=0x0000000000000220, RBX=0x0000000000000220, RCX=0x0000000000000000, RDX=0x0000000000000000
RSP=0x00000086084fbb00, RBP=0x0000000000000001, RSI=0x0000000000000001, RDI=0x0000023006725820
R8 =0x0000000000000220, R9 =0x00000086084fbb30, R10=0x00007ffc2b587108, R11=0x00007ffc2ab60000
R12=0x0000000000000001, R13=0x0000023000f56200, R14=0x0000000000000010, R15=0x0000023002eb9480
RIP=0x00007ffc2b06f867, EFLAGS=0x0000000000010246

Top of Stack: (sp=0x00000086084fbb00)
0x00000086084fbb00:   00000000000001f6 0000000000400000
0x00000086084fbb10:   0000000000000007 0000000000000001
0x00000086084fbb20:   0000023000f56200 0000000000000000
0x00000086084fbb30:   0000022100000001 00007ffc00000002
0x00000086084fbb40:   00000230015e9c80 00007ffc00000003
0x00000086084fbb50:   0000023006726370 000000000000000e
0x00000086084fbb60:   0000023006726360 00007ffc2abcb9d4
0x00000086084fbb70:   0000000000000001 0000023004f09540
0x00000086084fbb80:   0000023005b8d0a0 0000000000000000
0x00000086084fbb90:   0000023006726360 0000000000000001
0x00000086084fbba0:   0000000000000008 00007ffc2b070022
0x00000086084fbbb0:   00000086084fbdb0 0000023004f09540
0x00000086084fbbc0:   00000086084fbdb0 00000086084fbc00
0x00000086084fbbd0:   0000000000000008 00000230038b4390
0x00000086084fbbe0:   0000023002ed70d0 0000000000243920
0x00000086084fbbf0:   0000023002edde00 0000023002edf0b8 

Instructions: (pc=0x00007ffc2b06f867)
0x00007ffc2b06f847:   e8 b4 a8 e3 ff 48 8b d0 4c 8d 15 b2 78 51 00 48
0x00007ffc2b06f857:   c1 ee 05 8b cb 83 e6 07 83 e1 1f 41 8b ec d3 e5
0x00007ffc2b06f867:   8b 0c b2 8b c1 0b c5 89 04 b2 23 cd 75 03 41 ff
0x00007ffc2b06f877:   07 4c 8d 1d 81 07 af ff 85 c9 0f 85 39 ff ff ff 


Stack slot to memory mapping:
stack at sp + 0 slots: 0x00000000000001f6 is an unknown value
stack at sp + 1 slots: 0x0000000000400000 is an unknown value
stack at sp + 2 slots: 0x0000000000000007 is an unknown value
stack at sp + 3 slots: 0x0000000000000001 is an unknown value
stack at sp + 4 slots: 0x0000023000f56200 points into unknown readable memory: 00 00 00 00 00 00 00 00
stack at sp + 5 slots: 0x0 is NULL
stack at sp + 6 slots: 0x0000022100000001 is an unknown value
stack at sp + 7 slots: 0x00007ffc00000002 is an unknown value


---------------  P R O C E S S  ---------------

Threads class SMR info:
_java_thread_list=0x00000230065c8490, length=76, elements={
0x0000023062c2e800, 0x000002307e56d800, 0x000002307eda8800, 0x000002307e59a000,
0x000002307e59c000, 0x000002307e59d000, 0x000002307e59e000, 0x000002307ee02000,
0x000002307ef9a000, 0x000002307ef9c800, 0x00000230015a7800, 0x000002300061e000,
0x000002307f99b000, 0x0000023000d79000, 0x0000023000d75000, 0x0000023000d6b000,
0x0000023000d6e000, 0x0000023000d6f000, 0x0000023000d6c800, 0x0000023004ced000,
0x0000023004cea800, 0x0000023004cf4800, 0x0000023004cf6000, 0x0000023006098800,
0x0000023006094800, 0x0000023006099000, 0x0000023006093800, 0x000002300609a000,
0x000002300609b000, 0x0000023006095000, 0x000002300609b800, 0x0000023006096000,
0x000002300609c800, 0x0000023006096800, 0x000002300609d800, 0x0000023006097800,
0x000002300609f000, 0x00000230060a0800, 0x0000023005cb2800, 0x0000023005cae000,
0x0000023005cb0000, 0x0000023005cac000, 0x0000023005caa800, 0x0000023005cb1000,
0x0000023005cae800, 0x0000023005cab800, 0x0000023005caf800, 0x0000023005cb2000,
0x0000023005cad000, 0x0000023005cb6000, 0x0000023005cb9000, 0x0000023005cb7000,
0x0000023005cb7800, 0x0000023005cb3800, 0x0000023005cb8800, 0x0000023005cb4800,
0x0000023005cb5000, 0x0000023004cef800, 0x0000023004ceb800, 0x0000023004cee800,
0x0000023004cf2000, 0x0000023001532000, 0x0000023004cf0000, 0x0000023004cf2800,
0x0000023004cf3800, 0x0000023004cee000, 0x0000023004cf7800, 0x0000023004cf8800,
0x0000023004cf7000, 0x0000023004cf9000, 0x0000023004cf5000, 0x0000023000d70000,
0x0000023000d6d800, 0x0000023000d70800, 0x0000023000d71800, 0x0000023000aa1000
}

Java Threads: ( => current thread )
  0x0000023062c2e800 JavaThread "main" [_thread_blocked, id=9092, stack(0x0000008602700000,0x0000008602800000)]
  0x000002307e56d800 JavaThread "Reference Handler" daemon [_thread_blocked, id=6088, stack(0x0000008602e00000,0x0000008602f00000)]
  0x000002307eda8800 JavaThread "Finalizer" daemon [_thread_blocked, id=4260, stack(0x0000008602f00000,0x0000008603000000)]
  0x000002307e59a000 JavaThread "Signal Dispatcher" daemon [_thread_blocked, id=10032, stack(0x0000008603000000,0x0000008603100000)]
  0x000002307e59c000 JavaThread "Attach Listener" daemon [_thread_blocked, id=5504, stack(0x0000008603100000,0x0000008603200000)]
  0x000002307e59d000 JavaThread "C2 CompilerThread0" daemon [_thread_in_native, id=11820, stack(0x0000008603200000,0x0000008603300000)]
  0x000002307e59e000 JavaThread "C1 CompilerThread0" daemon [_thread_blocked, id=6320, stack(0x0000008603300000,0x0000008603400000)]
  0x000002307ee02000 JavaThread "Sweeper thread" daemon [_thread_blocked, id=5952, stack(0x0000008603400000,0x0000008603500000)]
  0x000002307ef9a000 JavaThread "Common-Cleaner" daemon [_thread_blocked, id=6488, stack(0x0000008603500000,0x0000008603600000)]
  0x000002307ef9c800 JavaThread "Service Thread" daemon [_thread_blocked, id=11120, stack(0x0000008603700000,0x0000008603800000)]
  0x00000230015a7800 JavaThread "Daemon health stats" [_thread_blocked, id=1788, stack(0x0000008603e00000,0x0000008603f00000)]
  0x000002300061e000 JavaThread "Incoming local TCP Connector on port 53063" [_thread_in_native, id=4620, stack(0x0000008603600000,0x0000008603700000)]
  0x000002307f99b000 JavaThread "Daemon periodic checks" [_thread_blocked, id=1984, stack(0x0000008604100000,0x0000008604200000)]
  0x0000023000d79000 JavaThread "Daemon" [_thread_blocked, id=9696, stack(0x0000008604200000,0x0000008604300000)]
  0x0000023000d75000 JavaThread "Daemon worker" [_thread_blocked, id=3132, stack(0x0000008604500000,0x0000008604600000)]
  0x0000023000d6b000 JavaThread "Cache worker for file hash cache (C:\Users\AVinash\.gradle\caches\6.6.1\fileHashes)" [_thread_blocked, id=12552, stack(0x0000008604900000,0x0000008604a00000)]
  0x0000023000d6e000 JavaThread "File lock request listener" [_thread_in_native, id=9260, stack(0x0000008604a00000,0x0000008604b00000)]
  0x0000023000d6f000 JavaThread "Cache worker for journal cache (C:\Users\AVinash\.gradle\caches\journal-1)" [_thread_blocked, id=1212, stack(0x0000008605100000,0x0000008605200000)]
  0x0000023000d6c800 JavaThread "Cache worker for execution history cache (C:\Users\AVinash\.gradle\caches\6.6.1\executionHistory)" [_thread_blocked, id=3644, stack(0x0000008605800000,0x0000008605900000)]
  0x0000023004ced000 JavaThread "jar transforms" [_thread_blocked, id=11020, stack(0x0000008605900000,0x0000008605a00000)]
  0x0000023004cea800 JavaThread "Cache worker for file content cache (C:\Users\AVinash\.gradle\caches\6.6.1\fileContent)" [_thread_blocked, id=3508, stack(0x0000008605a00000,0x0000008605b00000)]
  0x0000023004cf4800 JavaThread "jar transforms Thread 2" [_thread_blocked, id=11156, stack(0x0000008606800000,0x0000008606900000)]
  0x0000023004cf6000 JavaThread "jar transforms Thread 3" [_thread_blocked, id=3288, stack(0x0000008606900000,0x0000008606a00000)]
  0x0000023006098800 JavaThread "jar transforms Thread 4" [_thread_blocked, id=2348, stack(0x0000008606a00000,0x0000008606b00000)]
  0x0000023006094800 JavaThread "jar transforms Thread 5" [_thread_blocked, id=7192, stack(0x0000008606b00000,0x0000008606c00000)]
  0x0000023006099000 JavaThread "jar transforms Thread 6" [_thread_blocked, id=2616, stack(0x0000008606c00000,0x0000008606d00000)]
  0x0000023006093800 JavaThread "jar transforms Thread 7" [_thread_blocked, id=10820, stack(0x0000008606d00000,0x0000008606e00000)]
  0x000002300609a000 JavaThread "jar transforms Thread 8" [_thread_blocked, id=5420, stack(0x0000008606e00000,0x0000008606f00000)]
  0x000002300609b000 JavaThread "jar transforms Thread 9" [_thread_blocked, id=10416, stack(0x0000008606f00000,0x0000008607000000)]
  0x0000023006095000 JavaThread "jar transforms Thread 10" [_thread_blocked, id=10724, stack(0x0000008607000000,0x0000008607100000)]
  0x000002300609b800 JavaThread "jar transforms Thread 11" [_thread_blocked, id=14004, stack(0x0000008607100000,0x0000008607200000)]
  0x0000023006096000 JavaThread "jar transforms Thread 12" [_thread_blocked, id=4860, stack(0x0000008607200000,0x0000008607300000)]
  0x000002300609c800 JavaThread "jar transforms Thread 13" [_thread_blocked, id=2080, stack(0x0000008607300000,0x0000008607400000)]
  0x0000023006096800 JavaThread "jar transforms Thread 14" [_thread_blocked, id=13320, stack(0x0000008607400000,0x0000008607500000)]
  0x000002300609d800 JavaThread "jar transforms Thread 15" [_thread_blocked, id=1940, stack(0x0000008607500000,0x0000008607600000)]
  0x0000023006097800 JavaThread "jar transforms Thread 16" [_thread_blocked, id=9320, stack(0x0000008607600000,0x0000008607700000)]
  0x000002300609f000 JavaThread "jar transforms Thread 17" [_thread_blocked, id=13716, stack(0x0000008607700000,0x0000008607800000)]
  0x00000230060a0800 JavaThread "Memory manager" [_thread_blocked, id=5372, stack(0x0000008607800000,0x0000008607900000)]
  0x0000023005cb2800 JavaThread "Cache worker for Java compile cache (C:\Users\AVinash\.gradle\caches\6.6.1\javaCompile)" [_thread_blocked, id=10800, stack(0x0000008608600000,0x0000008608700000)]
  0x0000023005cae000 JavaThread "Handler for socket connection from /127.0.0.1:53063 to /127.0.0.1:53082" [_thread_in_native, id=13836, stack(0x0000008602500000,0x0000008602600000)]
  0x0000023005cb0000 JavaThread "Cancel handler" [_thread_blocked, id=2324, stack(0x0000008604300000,0x0000008604400000)]
  0x0000023005cac000 JavaThread "Asynchronous log dispatcher for DefaultDaemonConnection: socket connection from /127.0.0.1:53063 to /127.0.0.1:53082" [_thread_blocked, id=11344, stack(0x0000008604400000,0x0000008604500000)]
  0x0000023005caa800 JavaThread "Stdin handler" [_thread_blocked, id=11664, stack(0x0000008604600000,0x0000008604700000)]
  0x0000023005cb1000 JavaThread "Thread-68" [_thread_blocked, id=11896, stack(0x0000008604700000,0x0000008604800000)]
  0x0000023005cae800 JavaThread "Cache worker for file hash cache (C:\Users\AVinash\IdeaProjects\employeepayrollspringapplication\.gradle\6.6.1\fileHashes)" [_thread_blocked, id=11404, stack(0x0000008604800000,0x0000008604900000)]
  0x0000023005cab800 JavaThread "Cache worker for checksums cache (C:\Users\AVinash\IdeaProjects\employeepayrollspringapplication\.gradle\checksums)" [_thread_blocked, id=7580, stack(0x0000008605200000,0x0000008605300000)]
  0x0000023005caf800 JavaThread "Cache worker for cache directory md-supplier (C:\Users\AVinash\.gradle\caches\6.6.1\md-supplier)" [_thread_blocked, id=5316, stack(0x0000008605300000,0x0000008605400000)]
  0x0000023005cb2000 JavaThread "Cache worker for cache directory md-rule (C:\Users\AVinash\.gradle\caches\6.6.1\md-rule)" [_thread_blocked, id=3848, stack(0x0000008605400000,0x0000008605500000)]
  0x0000023005cad000 JavaThread "Cache worker for Build Output Cleanup Cache (C:\Users\AVinash\IdeaProjects\employeepayrollspringapplication\.gradle\buildOutputCleanup)" [_thread_blocked, id=4256, stack(0x0000008605500000,0x0000008605600000)]
  0x0000023005cb6000 JavaThread "Build operations" [_thread_blocked, id=7672, stack(0x0000008605600000,0x0000008605700000)]
  0x0000023005cb9000 JavaThread "Build operations Thread 2" [_thread_blocked, id=12768, stack(0x0000008605700000,0x0000008605800000)]
  0x0000023005cb7000 JavaThread "Build operations Thread 3" [_thread_blocked, id=7080, stack(0x0000008605b00000,0x0000008605c00000)]
  0x0000023005cb7800 JavaThread "Build operations Thread 4" [_thread_blocked, id=10640, stack(0x0000008605c00000,0x0000008605d00000)]
  0x0000023005cb3800 JavaThread "Build operations Thread 5" [_thread_blocked, id=10216, stack(0x0000008605d00000,0x0000008605e00000)]
  0x0000023005cb8800 JavaThread "Build operations Thread 6" [_thread_blocked, id=13964, stack(0x0000008605e00000,0x0000008605f00000)]
  0x0000023005cb4800 JavaThread "Build operations Thread 7" [_thread_blocked, id=8768, stack(0x0000008605f00000,0x0000008606000000)]
  0x0000023005cb5000 JavaThread "Build operations Thread 8" [_thread_blocked, id=4212, stack(0x0000008606000000,0x0000008606100000)]
  0x0000023004cef800 JavaThread "Build operations Thread 9" [_thread_blocked, id=2676, stack(0x0000008606100000,0x0000008606200000)]
  0x0000023004ceb800 JavaThread "Build operations Thread 10" [_thread_blocked, id=1800, stack(0x0000008606200000,0x0000008606300000)]
  0x0000023004cee800 JavaThread "Build operations Thread 11" [_thread_blocked, id=9268, stack(0x0000008606300000,0x0000008606400000)]
  0x0000023004cf2000 JavaThread "Build operations Thread 12" [_thread_blocked, id=6380, stack(0x0000008606400000,0x0000008606500000)]
  0x0000023001532000 JavaThread "C2 CompilerThread1" daemon [_thread_in_native, id=3840, stack(0x0000008606500000,0x0000008606600000)]
  0x0000023004cf0000 JavaThread "Cache worker for file content cache (C:\Users\AVinash\IdeaProjects\employeepayrollspringapplication\.gradle\6.6.1\fileContent)" [_thread_blocked, id=11296, stack(0x0000008606600000,0x0000008606700000)]
  0x0000023004cf2800 JavaThread "Execution worker for ':'" [_thread_in_Java, id=2432, stack(0x0000008606700000,0x0000008606800000)]
  0x0000023004cf3800 JavaThread "Execution worker for ':' Thread 2" [_thread_blocked, id=9352, stack(0x0000008607900000,0x0000008607a00000)]
  0x0000023004cee000 JavaThread "Execution worker for ':' Thread 3" [_thread_blocked, id=10720, stack(0x0000008607a00000,0x0000008607b00000)]
  0x0000023004cf7800 JavaThread "Execution worker for ':' Thread 4" [_thread_blocked, id=4060, stack(0x0000008607b00000,0x0000008607c00000)]
  0x0000023004cf8800 JavaThread "Execution worker for ':' Thread 5" [_thread_blocked, id=1680, stack(0x0000008607c00000,0x0000008607d00000)]
  0x0000023004cf7000 JavaThread "Execution worker for ':' Thread 6" [_thread_blocked, id=8352, stack(0x0000008607d00000,0x0000008607e00000)]
  0x0000023004cf9000 JavaThread "Execution worker for ':' Thread 7" [_thread_blocked, id=12160, stack(0x0000008607e00000,0x0000008607f00000)]
  0x0000023004cf5000 JavaThread "Execution worker for ':' Thread 8" [_thread_blocked, id=13036, stack(0x0000008607f00000,0x0000008608000000)]
  0x0000023000d70000 JavaThread "Execution worker for ':' Thread 9" [_thread_blocked, id=1540, stack(0x0000008608000000,0x0000008608100000)]
  0x0000023000d6d800 JavaThread "Execution worker for ':' Thread 10" [_thread_blocked, id=8624, stack(0x0000008608100000,0x0000008608200000)]
  0x0000023000d70800 JavaThread "Execution worker for ':' Thread 11" [_thread_blocked, id=8756, stack(0x0000008608200000,0x0000008608300000)]
  0x0000023000d71800 JavaThread "Cache worker for execution history cache (C:\Users\AVinash\IdeaProjects\employeepayrollspringapplication\.gradle\6.6.1\executionHistory)" [_thread_blocked, id=4872, stack(0x0000008608300000,0x0000008608400000)]
=>0x0000023000aa1000 JavaThread "C2 CompilerThread2" daemon [_thread_in_native, id=13436, stack(0x0000008608400000,0x0000008608500000)]

Other Threads:
  0x000002307e569800 VMThread "VM Thread" [stack: 0x0000008602d00000,0x0000008602e00000] [id=12972]
  0x000002307efa1000 WatcherThread [stack: 0x0000008603800000,0x0000008603900000] [id=3032]
  0x0000023062c46800 GCTaskThread "GC Thread#0" [stack: 0x0000008602800000,0x0000008602900000] [id=2400]
  0x0000023000092800 GCTaskThread "GC Thread#1" [stack: 0x0000008603900000,0x0000008603a00000] [id=10420]
  0x000002307fa7b800 GCTaskThread "GC Thread#2" [stack: 0x0000008603a00000,0x0000008603b00000] [id=4908]
  0x000002307fa7c800 GCTaskThread "GC Thread#3" [stack: 0x0000008603b00000,0x0000008603c00000] [id=10768]
  0x000002307fa7d000 GCTaskThread "GC Thread#4" [stack: 0x0000008603c00000,0x0000008603d00000] [id=14000]
  0x000002300019e000 GCTaskThread "GC Thread#5" [stack: 0x0000008603d00000,0x0000008603e00000] [id=9804]
  0x0000023000847000 GCTaskThread "GC Thread#6" [stack: 0x0000008604b00000,0x0000008604c00000] [id=9484]
  0x0000023000330000 GCTaskThread "GC Thread#7" [stack: 0x0000008604c00000,0x0000008604d00000] [id=5308]
  0x0000023001392800 GCTaskThread "GC Thread#8" [stack: 0x0000008604d00000,0x0000008604e00000] [id=1600]
  0x00000230013a7000 GCTaskThread "GC Thread#9" [stack: 0x0000008604e00000,0x0000008604f00000] [id=1304]
  0x0000023062c59800 ConcurrentGCThread "G1 Main Marker" [stack: 0x0000008602900000,0x0000008602a00000] [id=10592]
  0x0000023062c5b000 ConcurrentGCThread "G1 Conc#0" [stack: 0x0000008602a00000,0x0000008602b00000] [id=12648]
  0x00000230013fb000 ConcurrentGCThread "G1 Conc#1" [stack: 0x0000008604f00000,0x0000008605000000] [id=8516]
  0x0000023001109000 ConcurrentGCThread "G1 Conc#2" [stack: 0x0000008605000000,0x0000008605100000] [id=1764]
  0x0000023062cfe800 ConcurrentGCThread "G1 Refine#0" [stack: 0x0000008602b00000,0x0000008602c00000] [id=5328]
  0x0000023005df1000 ConcurrentGCThread "G1 Refine#1" [stack: 0x0000008608800000,0x0000008608900000] [id=2256]
  0x0000023004c5a000 ConcurrentGCThread "G1 Refine#2" [stack: 0x0000008608900000,0x0000008608a00000] [id=2784]
  0x00000230044b5000 ConcurrentGCThread "G1 Refine#3" [stack: 0x0000008608a00000,0x0000008608b00000] [id=5268]
  0x000002307e408800 ConcurrentGCThread "G1 Young RemSet Sampling" [stack: 0x0000008602c00000,0x0000008602d00000] [id=11024]

Threads with active compile tasks:
C2 CompilerThread0  40550 9199       4       java.util.ArrayList::toArray (57 bytes)
C2 CompilerThread1  40551 8818       4       org.gradle.api.internal.artifacts.ivyservice.resolveengine.result.DesugaredAttributeContainerSerializer::read (155 bytes)
C2 CompilerThread2  40551 8861       4       org.gradle.api.internal.artifacts.ModuleComponentSelectorSerializer::read (50 bytes)

VM state:not at safepoint (normal execution)

VM Mutex/Monitor currently owned by a thread: None

Heap address: 0x00000000e0000000, size: 512 MB, Compressed Oops mode: 32-bit
Narrow klass base: 0x0000000000000000, Narrow klass shift: 3
Compressed class space size: 260046848 Address: 0x0000000100000000

Heap:
 garbage-first heap   total 262144K, used 94303K [0x00000000e0000000, 0x0000000100000000)
  region size 1024K, 30 young (30720K), 7 survivors (7168K)
 Metaspace       used 67000K, capacity 68815K, committed 68864K, reserved 315392K
  class space    used 8504K, capacity 9175K, committed 9216K, reserved 253952K
Heap Regions: E=young(eden), S=young(survivor), O=old, HS=humongous(starts), HC=humongous(continues), CS=collection set, F=free, A=archive, TAMS=top-at-mark-start (previous, next)
|   0|0x00000000e0000000, 0x00000000e0100000, 0x00000000e0100000|100%| O|  |TAMS 0x00000000e0100000, 0x00000000e0000000| Untracked 
|   1|0x00000000e0100000, 0x00000000e0200000, 0x00000000e0200000|100%| O|  |TAMS 0x00000000e0200000, 0x00000000e0100000| Untracked 
|   2|0x00000000e0200000, 0x00000000e0300000, 0x00000000e0300000|100%| O|  |TAMS 0x00000000e0300000, 0x00000000e0200000| Untracked 
|   3|0x00000000e0300000, 0x00000000e0400000, 0x00000000e0400000|100%|HS|  |TAMS 0x00000000e0400000, 0x00000000e0300000| Complete 
|   4|0x00000000e0400000, 0x00000000e0500000, 0x00000000e0500000|100%|HC|  |TAMS 0x00000000e0500000, 0x00000000e0400000| Complete 
|   5|0x00000000e0500000, 0x00000000e0600000, 0x00000000e0600000|100%|HC|  |TAMS 0x00000000e0600000, 0x00000000e0500000| Complete 
|   6|0x00000000e0600000, 0x00000000e0700000, 0x00000000e0700000|100%| O|  |TAMS 0x00000000e0700000, 0x00000000e0600000| Untracked 
|   7|0x00000000e0700000, 0x00000000e0800000, 0x00000000e0800000|100%| O|  |TAMS 0x00000000e0800000, 0x00000000e0700000| Untracked 
|   8|0x00000000e0800000, 0x00000000e0900000, 0x00000000e0900000|100%| O|  |TAMS 0x00000000e0900000, 0x00000000e0800000| Untracked 
|   9|0x00000000e0900000, 0x00000000e0a00000, 0x00000000e0a00000|100%| O|  |TAMS 0x00000000e0a00000, 0x00000000e0900000| Untracked 
|  10|0x00000000e0a00000, 0x00000000e0b00000, 0x00000000e0b00000|100%| O|  |TAMS 0x00000000e0b00000, 0x00000000e0a00000| Untracked 
|  11|0x00000000e0b00000, 0x00000000e0c00000, 0x00000000e0c00000|100%| O|  |TAMS 0x00000000e0c00000, 0x00000000e0b00000| Untracked 
|  12|0x00000000e0c00000, 0x00000000e0d00000, 0x00000000e0d00000|100%| O|  |TAMS 0x00000000e0d00000, 0x00000000e0c00000| Untracked 
|  13|0x00000000e0d00000, 0x00000000e0e00000, 0x00000000e0e00000|100%| O|  |TAMS 0x00000000e0e00000, 0x00000000e0d00000| Untracked 
|  14|0x00000000e0e00000, 0x00000000e0f00000, 0x00000000e0f00000|100%| O|  |TAMS 0x00000000e0f00000, 0x00000000e0e00000| Untracked 
|  15|0x00000000e0f00000, 0x00000000e1000000, 0x00000000e1000000|100%| O|  |TAMS 0x00000000e1000000, 0x00000000e0f00000| Untracked 
|  16|0x00000000e1000000, 0x00000000e1100000, 0x00000000e1100000|100%| O|  |TAMS 0x00000000e1100000, 0x00000000e1000000| Untracked 
|  17|0x00000000e1100000, 0x00000000e1200000, 0x00000000e1200000|100%| O|  |TAMS 0x00000000e1200000, 0x00000000e1100000| Untracked 
|  18|0x00000000e1200000, 0x00000000e1300000, 0x00000000e1300000|100%| O|  |TAMS 0x00000000e1300000, 0x00000000e1200000| Untracked 
|  19|0x00000000e1300000, 0x00000000e1400000, 0x00000000e1400000|100%| O|  |TAMS 0x00000000e1400000, 0x00000000e1300000| Untracked 
|  20|0x00000000e1400000, 0x00000000e1500000, 0x00000000e1500000|100%|HS|  |TAMS 0x00000000e1500000, 0x00000000e1400000| Complete 
|  21|0x00000000e1500000, 0x00000000e1600000, 0x00000000e1600000|100%| O|  |TAMS 0x00000000e1600000, 0x00000000e1500000| Untracked 
|  22|0x00000000e1600000, 0x00000000e1700000, 0x00000000e1700000|100%| O|  |TAMS 0x00000000e1700000, 0x00000000e1600000| Untracked 
|  23|0x00000000e1700000, 0x00000000e1800000, 0x00000000e1800000|100%| O|  |TAMS 0x00000000e1800000, 0x00000000e1700000| Untracked 
|  24|0x00000000e1800000, 0x00000000e1900000, 0x00000000e1900000|100%| O|  |TAMS 0x00000000e1900000, 0x00000000e1800000| Untracked 
|  25|0x00000000e1900000, 0x00000000e1a00000, 0x00000000e1a00000|100%| O|  |TAMS 0x00000000e1a00000, 0x00000000e1900000| Untracked 
|  26|0x00000000e1a00000, 0x00000000e1b00000, 0x00000000e1b00000|100%| O|  |TAMS 0x00000000e1b00000, 0x00000000e1a00000| Untracked 
|  27|0x00000000e1b00000, 0x00000000e1c00000, 0x00000000e1c00000|100%| O|  |TAMS 0x00000000e1c00000, 0x00000000e1b00000| Untracked 
|  28|0x00000000e1c00000, 0x00000000e1d00000, 0x00000000e1d00000|100%| O|  |TAMS 0x00000000e1d00000, 0x00000000e1c00000| Untracked 
|  29|0x00000000e1d00000, 0x00000000e1e00000, 0x00000000e1e00000|100%| O|  |TAMS 0x00000000e1e00000, 0x00000000e1d00000| Untracked 
|  30|0x00000000e1e00000, 0x00000000e1f00000, 0x00000000e1f00000|100%| O|  |TAMS 0x00000000e1f00000, 0x00000000e1e00000| Untracked 
|  31|0x00000000e1f00000, 0x00000000e2000000, 0x00000000e2000000|100%| O|  |TAMS 0x00000000e2000000, 0x00000000e1f00000| Untracked 
|  32|0x00000000e2000000, 0x00000000e2100000, 0x00000000e2100000|100%| O|  |TAMS 0x00000000e2100000, 0x00000000e2000000| Untracked 
|  33|0x00000000e2100000, 0x00000000e2200000, 0x00000000e2200000|100%| O|  |TAMS 0x00000000e2200000, 0x00000000e2100000| Untracked 
|  34|0x00000000e2200000, 0x00000000e2300000, 0x00000000e2300000|100%| O|  |TAMS 0x00000000e2300000, 0x00000000e2200000| Untracked 
|  35|0x00000000e2300000, 0x00000000e2400000, 0x00000000e2400000|100%| O|  |TAMS 0x00000000e2400000, 0x00000000e2300000| Untracked 
|  36|0x00000000e2400000, 0x00000000e2500000, 0x00000000e2500000|100%| O|  |TAMS 0x00000000e2500000, 0x00000000e2400000| Untracked 
|  37|0x00000000e2500000, 0x00000000e2600000, 0x00000000e2600000|100%| O|  |TAMS 0x00000000e2600000, 0x00000000e2500000| Untracked 
|  38|0x00000000e2600000, 0x00000000e2700000, 0x00000000e2700000|100%| O|  |TAMS 0x00000000e2700000, 0x00000000e2600000| Untracked 
|  39|0x00000000e2700000, 0x00000000e2800000, 0x00000000e2800000|100%| O|  |TAMS 0x00000000e2800000, 0x00000000e2700000| Untracked 
|  40|0x00000000e2800000, 0x00000000e2900000, 0x00000000e2900000|100%| O|  |TAMS 0x00000000e2900000, 0x00000000e2800000| Untracked 
|  41|0x00000000e2900000, 0x00000000e2a00000, 0x00000000e2a00000|100%| O|  |TAMS 0x00000000e2a00000, 0x00000000e2900000| Untracked 
|  42|0x00000000e2a00000, 0x00000000e2b00000, 0x00000000e2b00000|100%| O|  |TAMS 0x00000000e2b00000, 0x00000000e2a00000| Untracked 
|  43|0x00000000e2b00000, 0x00000000e2c00000, 0x00000000e2c00000|100%| O|  |TAMS 0x00000000e2c00000, 0x00000000e2b00000| Untracked 
|  44|0x00000000e2c00000, 0x00000000e2d00000, 0x00000000e2d00000|100%| O|  |TAMS 0x00000000e2d00000, 0x00000000e2c00000| Untracked 
|  45|0x00000000e2d00000, 0x00000000e2e00000, 0x00000000e2e00000|100%| O|  |TAMS 0x00000000e2e00000, 0x00000000e2d00000| Untracked 
|  46|0x00000000e2e00000, 0x00000000e2f00000, 0x00000000e2f00000|100%| O|  |TAMS 0x00000000e2f00000, 0x00000000e2e00000| Untracked 
|  47|0x00000000e2f00000, 0x00000000e3000000, 0x00000000e3000000|100%| O|  |TAMS 0x00000000e3000000, 0x00000000e2f00000| Untracked 
|  48|0x00000000e3000000, 0x00000000e3100000, 0x00000000e3100000|100%| O|  |TAMS 0x00000000e3100000, 0x00000000e3000000| Untracked 
|  49|0x00000000e3100000, 0x00000000e3200000, 0x00000000e3200000|100%| O|  |TAMS 0x00000000e3200000, 0x00000000e3100000| Untracked 
|  50|0x00000000e3200000, 0x00000000e3300000, 0x00000000e3300000|100%| O|  |TAMS 0x00000000e3300000, 0x00000000e3200000| Untracked 
|  51|0x00000000e3300000, 0x00000000e3400000, 0x00000000e3400000|100%| O|  |TAMS 0x00000000e3400000, 0x00000000e3300000| Untracked 
|  52|0x00000000e3400000, 0x00000000e3500000, 0x00000000e3500000|100%| O|  |TAMS 0x00000000e3400000, 0x00000000e3400000| Untracked 
|  53|0x00000000e3500000, 0x00000000e3600000, 0x00000000e3600000|100%| O|  |TAMS 0x00000000e3500000, 0x00000000e3500000| Untracked 
|  54|0x00000000e3600000, 0x00000000e3700000, 0x00000000e3700000|100%| O|  |TAMS 0x00000000e3600000, 0x00000000e3600000| Untracked 
|  55|0x00000000e3700000, 0x00000000e3800000, 0x00000000e3800000|100%| O|  |TAMS 0x00000000e3700000, 0x00000000e3700000| Untracked 
|  56|0x00000000e3800000, 0x00000000e3900000, 0x00000000e3900000|100%| O|  |TAMS 0x00000000e3800000, 0x00000000e3800000| Untracked 
|  57|0x00000000e3900000, 0x00000000e3a00000, 0x00000000e3a00000|100%| O|  |TAMS 0x00000000e3900000, 0x00000000e3900000| Untracked 
|  58|0x00000000e3a00000, 0x00000000e3b00000, 0x00000000e3b00000|100%| O|  |TAMS 0x00000000e3a00000, 0x00000000e3a00000| Untracked 
|  59|0x00000000e3b00000, 0x00000000e3c00000, 0x00000000e3c00000|100%| O|  |TAMS 0x00000000e3b00000, 0x00000000e3b00000| Untracked 
|  60|0x00000000e3c00000, 0x00000000e3d00000, 0x00000000e3d00000|100%| O|  |TAMS 0x00000000e3c00000, 0x00000000e3c00000| Untracked 
|  61|0x00000000e3d00000, 0x00000000e3e00000, 0x00000000e3e00000|100%| O|  |TAMS 0x00000000e3d00000, 0x00000000e3d00000| Untracked 
|  62|0x00000000e3e00000, 0x00000000e3f00000, 0x00000000e3f00000|100%| O|  |TAMS 0x00000000e3e00000, 0x00000000e3e00000| Untracked 
|  63|0x00000000e3f00000, 0x00000000e3fc1c00, 0x00000000e4000000| 75%| O|  |TAMS 0x00000000e3f00000, 0x00000000e3f00000| Untracked 
|  64|0x00000000e4000000, 0x00000000e4000000, 0x00000000e4100000|  0%| F|  |TAMS 0x00000000e4000000, 0x00000000e4000000| Untracked 
|  65|0x00000000e4100000, 0x00000000e4100000, 0x00000000e4200000|  0%| F|  |TAMS 0x00000000e4100000, 0x00000000e4100000| Untracked 
|  66|0x00000000e4200000, 0x00000000e4200000, 0x00000000e4300000|  0%| F|  |TAMS 0x00000000e4200000, 0x00000000e4200000| Untracked 
|  67|0x00000000e4300000, 0x00000000e4300000, 0x00000000e4400000|  0%| F|  |TAMS 0x00000000e4300000, 0x00000000e4300000| Untracked 
|  68|0x00000000e4400000, 0x00000000e4400000, 0x00000000e4500000|  0%| F|  |TAMS 0x00000000e4400000, 0x00000000e4400000| Untracked 
|  69|0x00000000e4500000, 0x00000000e4500000, 0x00000000e4600000|  0%| F|  |TAMS 0x00000000e4500000, 0x00000000e4500000| Untracked 
|  70|0x00000000e4600000, 0x00000000e4600000, 0x00000000e4700000|  0%| F|  |TAMS 0x00000000e4600000, 0x00000000e4600000| Untracked 
|  71|0x00000000e4700000, 0x00000000e4700000, 0x00000000e4800000|  0%| F|  |TAMS 0x00000000e4700000, 0x00000000e4700000| Untracked 
|  72|0x00000000e4800000, 0x00000000e4800000, 0x00000000e4900000|  0%| F|  |TAMS 0x00000000e4800000, 0x00000000e4800000| Untracked 
|  73|0x00000000e4900000, 0x00000000e4900000, 0x00000000e4a00000|  0%| F|  |TAMS 0x00000000e4900000, 0x00000000e4900000| Untracked 
|  74|0x00000000e4a00000, 0x00000000e4a00000, 0x00000000e4b00000|  0%| F|  |TAMS 0x00000000e4a00000, 0x00000000e4a00000| Untracked 
|  75|0x00000000e4b00000, 0x00000000e4b00000, 0x00000000e4c00000|  0%| F|  |TAMS 0x00000000e4b00000, 0x00000000e4b00000| Untracked 
|  76|0x00000000e4c00000, 0x00000000e4c00000, 0x00000000e4d00000|  0%| F|  |TAMS 0x00000000e4c00000, 0x00000000e4c00000| Untracked 
|  77|0x00000000e4d00000, 0x00000000e4d00000, 0x00000000e4e00000|  0%| F|  |TAMS 0x00000000e4d00000, 0x00000000e4d00000| Untracked 
|  78|0x00000000e4e00000, 0x00000000e4e00000, 0x00000000e4f00000|  0%| F|  |TAMS 0x00000000e4e00000, 0x00000000e4e00000| Untracked 
|  79|0x00000000e4f00000, 0x00000000e4f00000, 0x00000000e5000000|  0%| F|  |TAMS 0x00000000e4f00000, 0x00000000e4f00000| Untracked 
|  80|0x00000000e5000000, 0x00000000e5000000, 0x00000000e5100000|  0%| F|  |TAMS 0x00000000e5000000, 0x00000000e5000000| Untracked 
|  81|0x00000000e5100000, 0x00000000e5100000, 0x00000000e5200000|  0%| F|  |TAMS 0x00000000e5100000, 0x00000000e5100000| Untracked 
|  82|0x00000000e5200000, 0x00000000e5200000, 0x00000000e5300000|  0%| F|  |TAMS 0x00000000e5200000, 0x00000000e5200000| Untracked 
|  83|0x00000000e5300000, 0x00000000e5300000, 0x00000000e5400000|  0%| F|  |TAMS 0x00000000e5300000, 0x00000000e5300000| Untracked 
|  84|0x00000000e5400000, 0x00000000e5400000, 0x00000000e5500000|  0%| F|  |TAMS 0x00000000e5400000, 0x00000000e5400000| Untracked 
|  85|0x00000000e5500000, 0x00000000e5500000, 0x00000000e5600000|  0%| F|  |TAMS 0x00000000e5500000, 0x00000000e5500000| Untracked 
|  86|0x00000000e5600000, 0x00000000e5600000, 0x00000000e5700000|  0%| F|  |TAMS 0x00000000e5600000, 0x00000000e5600000| Untracked 
|  87|0x00000000e5700000, 0x00000000e5700000, 0x00000000e5800000|  0%| F|  |TAMS 0x00000000e5700000, 0x00000000e5700000| Untracked 
|  88|0x00000000e5800000, 0x00000000e5800000, 0x00000000e5900000|  0%| F|  |TAMS 0x00000000e5800000, 0x00000000e5800000| Untracked 
|  89|0x00000000e5900000, 0x00000000e5900000, 0x00000000e5a00000|  0%| F|  |TAMS 0x00000000e5900000, 0x00000000e5900000| Untracked 
|  90|0x00000000e5a00000, 0x00000000e5a00000, 0x00000000e5b00000|  0%| F|  |TAMS 0x00000000e5a00000, 0x00000000e5a00000| Untracked 
|  91|0x00000000e5b00000, 0x00000000e5b00000, 0x00000000e5c00000|  0%| F|  |TAMS 0x00000000e5b00000, 0x00000000e5b00000| Untracked 
|  92|0x00000000e5c00000, 0x00000000e5c00000, 0x00000000e5d00000|  0%| F|  |TAMS 0x00000000e5c00000, 0x00000000e5c00000| Untracked 
|  93|0x00000000e5d00000, 0x00000000e5d00000, 0x00000000e5e00000|  0%| F|  |TAMS 0x00000000e5d00000, 0x00000000e5d00000| Untracked 
|  94|0x00000000e5e00000, 0x00000000e5e00000, 0x00000000e5f00000|  0%| F|  |TAMS 0x00000000e5e00000, 0x00000000e5e00000| Untracked 
|  95|0x00000000e5f00000, 0x00000000e5f00000, 0x00000000e6000000|  0%| F|  |TAMS 0x00000000e5f00000, 0x00000000e5f00000| Untracked 
|  96|0x00000000e6000000, 0x00000000e6000000, 0x00000000e6100000|  0%| F|  |TAMS 0x00000000e6000000, 0x00000000e6000000| Untracked 
|  97|0x00000000e6100000, 0x00000000e6100000, 0x00000000e6200000|  0%| F|  |TAMS 0x00000000e6100000, 0x00000000e6100000| Untracked 
|  98|0x00000000e6200000, 0x00000000e6200000, 0x00000000e6300000|  0%| F|  |TAMS 0x00000000e6200000, 0x00000000e6200000| Untracked 
|  99|0x00000000e6300000, 0x00000000e6300000, 0x00000000e6400000|  0%| F|  |TAMS 0x00000000e6300000, 0x00000000e6300000| Untracked 
| 100|0x00000000e6400000, 0x00000000e6400000, 0x00000000e6500000|  0%| F|  |TAMS 0x00000000e6400000, 0x00000000e6400000| Untracked 
| 101|0x00000000e6500000, 0x00000000e6500000, 0x00000000e6600000|  0%| F|  |TAMS 0x00000000e6500000, 0x00000000e6500000| Untracked 
| 102|0x00000000e6600000, 0x00000000e6600000, 0x00000000e6700000|  0%| F|  |TAMS 0x00000000e6600000, 0x00000000e6600000| Untracked 
| 103|0x00000000e6700000, 0x00000000e6700000, 0x00000000e6800000|  0%| F|  |TAMS 0x00000000e6700000, 0x00000000e6700000| Untracked 
| 104|0x00000000e6800000, 0x00000000e6800000, 0x00000000e6900000|  0%| F|  |TAMS 0x00000000e6800000, 0x00000000e6800000| Untracked 
| 105|0x00000000e6900000, 0x00000000e6900000, 0x00000000e6a00000|  0%| F|  |TAMS 0x00000000e6900000, 0x00000000e6900000| Untracked 
| 106|0x00000000e6a00000, 0x00000000e6a00000, 0x00000000e6b00000|  0%| F|  |TAMS 0x00000000e6a00000, 0x00000000e6a00000| Untracked 
| 107|0x00000000e6b00000, 0x00000000e6b00000, 0x00000000e6c00000|  0%| F|  |TAMS 0x00000000e6b00000, 0x00000000e6b00000| Untracked 
| 108|0x00000000e6c00000, 0x00000000e6c00000, 0x00000000e6d00000|  0%| F|  |TAMS 0x00000000e6c00000, 0x00000000e6c00000| Untracked 
| 109|0x00000000e6d00000, 0x00000000e6d00000, 0x00000000e6e00000|  0%| F|  |TAMS 0x00000000e6d00000, 0x00000000e6d00000| Untracked 
| 110|0x00000000e6e00000, 0x00000000e6e00000, 0x00000000e6f00000|  0%| F|  |TAMS 0x00000000e6e00000, 0x00000000e6e00000| Untracked 
| 111|0x00000000e6f00000, 0x00000000e6f00000, 0x00000000e7000000|  0%| F|  |TAMS 0x00000000e6f00000, 0x00000000e6f00000| Untracked 
| 112|0x00000000e7000000, 0x00000000e7000000, 0x00000000e7100000|  0%| F|  |TAMS 0x00000000e7000000, 0x00000000e7000000| Untracked 
| 113|0x00000000e7100000, 0x00000000e7100000, 0x00000000e7200000|  0%| F|  |TAMS 0x00000000e7100000, 0x00000000e7100000| Untracked 
| 114|0x00000000e7200000, 0x00000000e7200000, 0x00000000e7300000|  0%| F|  |TAMS 0x00000000e7200000, 0x00000000e7200000| Untracked 
| 115|0x00000000e7300000, 0x00000000e7300000, 0x00000000e7400000|  0%| F|  |TAMS 0x00000000e7300000, 0x00000000e7300000| Untracked 
| 116|0x00000000e7400000, 0x00000000e7400000, 0x00000000e7500000|  0%| F|  |TAMS 0x00000000e7400000, 0x00000000e7400000| Untracked 
| 117|0x00000000e7500000, 0x00000000e7500000, 0x00000000e7600000|  0%| F|  |TAMS 0x00000000e7500000, 0x00000000e7500000| Untracked 
| 118|0x00000000e7600000, 0x00000000e7600000, 0x00000000e7700000|  0%| F|  |TAMS 0x00000000e7600000, 0x00000000e7600000| Untracked 
| 119|0x00000000e7700000, 0x00000000e7700000, 0x00000000e7800000|  0%| F|  |TAMS 0x00000000e7700000, 0x00000000e7700000| Untracked 
| 120|0x00000000e7800000, 0x00000000e7800000, 0x00000000e7900000|  0%| F|  |TAMS 0x00000000e7800000, 0x00000000e7800000| Untracked 
| 121|0x00000000e7900000, 0x00000000e7900000, 0x00000000e7a00000|  0%| F|  |TAMS 0x00000000e7900000, 0x00000000e7900000| Untracked 
| 122|0x00000000e7a00000, 0x00000000e7a00000, 0x00000000e7b00000|  0%| F|  |TAMS 0x00000000e7a00000, 0x00000000e7a00000| Untracked 
| 123|0x00000000e7b00000, 0x00000000e7b00000, 0x00000000e7c00000|  0%| F|  |TAMS 0x00000000e7b00000, 0x00000000e7b00000| Untracked 
| 124|0x00000000e7c00000, 0x00000000e7c00000, 0x00000000e7d00000|  0%| F|  |TAMS 0x00000000e7c00000, 0x00000000e7c00000| Untracked 
| 125|0x00000000e7d00000, 0x00000000e7d00000, 0x00000000e7e00000|  0%| F|  |TAMS 0x00000000e7d00000, 0x00000000e7d00000| Untracked 
| 126|0x00000000e7e00000, 0x00000000e7e00000, 0x00000000e7f00000|  0%| F|  |TAMS 0x00000000e7e00000, 0x00000000e7e00000| Untracked 
| 127|0x00000000e7f00000, 0x00000000e7f00000, 0x00000000e8000000|  0%| F|  |TAMS 0x00000000e7f00000, 0x00000000e7f00000| Untracked 
| 128|0x00000000e8000000, 0x00000000e8000000, 0x00000000e8100000|  0%| F|  |TAMS 0x00000000e8000000, 0x00000000e8000000| Untracked 
| 129|0x00000000e8100000, 0x00000000e8100000, 0x00000000e8200000|  0%| F|  |TAMS 0x00000000e8100000, 0x00000000e8100000| Untracked 
| 130|0x00000000e8200000, 0x00000000e8200000, 0x00000000e8300000|  0%| F|  |TAMS 0x00000000e8200000, 0x00000000e8200000| Untracked 
| 131|0x00000000e8300000, 0x00000000e8300000, 0x00000000e8400000|  0%| F|  |TAMS 0x00000000e8300000, 0x00000000e8300000| Untracked 
| 132|0x00000000e8400000, 0x00000000e8400000, 0x00000000e8500000|  0%| F|  |TAMS 0x00000000e8400000, 0x00000000e8400000| Untracked 
| 133|0x00000000e8500000, 0x00000000e8500000, 0x00000000e8600000|  0%| F|  |TAMS 0x00000000e8500000, 0x00000000e8500000| Untracked 
| 134|0x00000000e8600000, 0x00000000e8600000, 0x00000000e8700000|  0%| F|  |TAMS 0x00000000e8600000, 0x00000000e8600000| Untracked 
| 135|0x00000000e8700000, 0x00000000e8700000, 0x00000000e8800000|  0%| F|  |TAMS 0x00000000e8700000, 0x00000000e8700000| Untracked 
| 136|0x00000000e8800000, 0x00000000e8800000, 0x00000000e8900000|  0%| F|  |TAMS 0x00000000e8800000, 0x00000000e8800000| Untracked 
| 137|0x00000000e8900000, 0x00000000e8900000, 0x00000000e8a00000|  0%| F|  |TAMS 0x00000000e8900000, 0x00000000e8900000| Untracked 
| 138|0x00000000e8a00000, 0x00000000e8a00000, 0x00000000e8b00000|  0%| F|  |TAMS 0x00000000e8a00000, 0x00000000e8a00000| Untracked 
| 139|0x00000000e8b00000, 0x00000000e8b00000, 0x00000000e8c00000|  0%| F|  |TAMS 0x00000000e8b00000, 0x00000000e8b00000| Untracked 
| 140|0x00000000e8c00000, 0x00000000e8c00000, 0x00000000e8d00000|  0%| F|  |TAMS 0x00000000e8c00000, 0x00000000e8c00000| Untracked 
| 141|0x00000000e8d00000, 0x00000000e8d00000, 0x00000000e8e00000|  0%| F|  |TAMS 0x00000000e8d00000, 0x00000000e8d00000| Untracked 
| 142|0x00000000e8e00000, 0x00000000e8e00000, 0x00000000e8f00000|  0%| F|  |TAMS 0x00000000e8e00000, 0x00000000e8e00000| Untracked 
| 143|0x00000000e8f00000, 0x00000000e8f00000, 0x00000000e9000000|  0%| F|  |TAMS 0x00000000e8f00000, 0x00000000e8f00000| Untracked 
| 144|0x00000000e9000000, 0x00000000e9000000, 0x00000000e9100000|  0%| F|  |TAMS 0x00000000e9000000, 0x00000000e9000000| Untracked 
| 145|0x00000000e9100000, 0x00000000e9100000, 0x00000000e9200000|  0%| F|  |TAMS 0x00000000e9100000, 0x00000000e9100000| Untracked 
| 146|0x00000000e9200000, 0x00000000e9200000, 0x00000000e9300000|  0%| F|  |TAMS 0x00000000e9200000, 0x00000000e9200000| Untracked 
| 147|0x00000000e9300000, 0x00000000e9300000, 0x00000000e9400000|  0%| F|  |TAMS 0x00000000e9300000, 0x00000000e9300000| Untracked 
| 148|0x00000000e9400000, 0x00000000e9400000, 0x00000000e9500000|  0%| F|  |TAMS 0x00000000e9400000, 0x00000000e9400000| Untracked 
| 149|0x00000000e9500000, 0x00000000e9500000, 0x00000000e9600000|  0%| F|  |TAMS 0x00000000e9500000, 0x00000000e9500000| Untracked 
| 150|0x00000000e9600000, 0x00000000e96560a0, 0x00000000e9700000| 33%| S|CS|TAMS 0x00000000e9600000, 0x00000000e9600000| Complete 
| 151|0x00000000e9700000, 0x00000000e9800000, 0x00000000e9800000|100%| S|CS|TAMS 0x00000000e9700000, 0x00000000e9700000| Complete 
| 152|0x00000000e9800000, 0x00000000e9900000, 0x00000000e9900000|100%| S|CS|TAMS 0x00000000e9800000, 0x00000000e9800000| Complete 
| 153|0x00000000e9900000, 0x00000000e9a00000, 0x00000000e9a00000|100%| S|CS|TAMS 0x00000000e9900000, 0x00000000e9900000| Complete 
| 154|0x00000000e9a00000, 0x00000000e9b00000, 0x00000000e9b00000|100%| S|CS|TAMS 0x00000000e9a00000, 0x00000000e9a00000| Complete 
| 155|0x00000000e9b00000, 0x00000000e9b00000, 0x00000000e9c00000|  0%| F|  |TAMS 0x00000000e9b00000, 0x00000000e9b00000| Untracked 
| 156|0x00000000e9c00000, 0x00000000e9c00000, 0x00000000e9d00000|  0%| F|  |TAMS 0x00000000e9c00000, 0x00000000e9c00000| Untracked 
| 157|0x00000000e9d00000, 0x00000000e9d00000, 0x00000000e9e00000|  0%| F|  |TAMS 0x00000000e9d00000, 0x00000000e9d00000| Untracked 
| 158|0x00000000e9e00000, 0x00000000e9e00000, 0x00000000e9f00000|  0%| F|  |TAMS 0x00000000e9e00000, 0x00000000e9e00000| Untracked 
| 159|0x00000000e9f00000, 0x00000000e9f00000, 0x00000000ea000000|  0%| F|  |TAMS 0x00000000e9f00000, 0x00000000e9f00000| Untracked 
| 160|0x00000000ea000000, 0x00000000ea000000, 0x00000000ea100000|  0%| F|  |TAMS 0x00000000ea000000, 0x00000000ea000000| Untracked 
| 161|0x00000000ea100000, 0x00000000ea100000, 0x00000000ea200000|  0%| F|  |TAMS 0x00000000ea100000, 0x00000000ea100000| Untracked 
| 162|0x00000000ea200000, 0x00000000ea200000, 0x00000000ea300000|  0%| F|  |TAMS 0x00000000ea200000, 0x00000000ea200000| Untracked 
| 163|0x00000000ea300000, 0x00000000ea300000, 0x00000000ea400000|  0%| F|  |TAMS 0x00000000ea300000, 0x00000000ea300000| Untracked 
| 164|0x00000000ea400000, 0x00000000ea400000, 0x00000000ea500000|  0%| F|  |TAMS 0x00000000ea400000, 0x00000000ea400000| Untracked 
| 165|0x00000000ea500000, 0x00000000ea500000, 0x00000000ea600000|  0%| F|  |TAMS 0x00000000ea500000, 0x00000000ea500000| Untracked 
| 166|0x00000000ea600000, 0x00000000ea600000, 0x00000000ea700000|  0%| F|  |TAMS 0x00000000ea600000, 0x00000000ea600000| Untracked 
| 167|0x00000000ea700000, 0x00000000ea800000, 0x00000000ea800000|100%| S|CS|TAMS 0x00000000ea700000, 0x00000000ea700000| Complete 
| 168|0x00000000ea800000, 0x00000000ea900000, 0x00000000ea900000|100%| S|CS|TAMS 0x00000000ea800000, 0x00000000ea800000| Complete 
| 169|0x00000000ea900000, 0x00000000ea900000, 0x00000000eaa00000|  0%| F|  |TAMS 0x00000000ea900000, 0x00000000ea900000| Untracked 
| 170|0x00000000eaa00000, 0x00000000eaa00000, 0x00000000eab00000|  0%| F|  |TAMS 0x00000000eaa00000, 0x00000000eaa00000| Untracked 
| 171|0x00000000eab00000, 0x00000000eab00000, 0x00000000eac00000|  0%| F|  |TAMS 0x00000000eab00000, 0x00000000eab00000| Untracked 
| 172|0x00000000eac00000, 0x00000000eac00000, 0x00000000ead00000|  0%| F|  |TAMS 0x00000000eac00000, 0x00000000eac00000| Untracked 
| 173|0x00000000ead00000, 0x00000000ead00000, 0x00000000eae00000|  0%| F|  |TAMS 0x00000000ead00000, 0x00000000ead00000| Untracked 
| 174|0x00000000eae00000, 0x00000000eae00000, 0x00000000eaf00000|  0%| F|  |TAMS 0x00000000eae00000, 0x00000000eae00000| Untracked 
| 175|0x00000000eaf00000, 0x00000000eaf00000, 0x00000000eb000000|  0%| F|  |TAMS 0x00000000eaf00000, 0x00000000eaf00000| Untracked 
| 176|0x00000000eb000000, 0x00000000eb000000, 0x00000000eb100000|  0%| F|  |TAMS 0x00000000eb000000, 0x00000000eb000000| Untracked 
| 177|0x00000000eb100000, 0x00000000eb100000, 0x00000000eb200000|  0%| F|  |TAMS 0x00000000eb100000, 0x00000000eb100000| Untracked 
| 178|0x00000000eb200000, 0x00000000eb200000, 0x00000000eb300000|  0%| F|  |TAMS 0x00000000eb200000, 0x00000000eb200000| Untracked 
| 179|0x00000000eb300000, 0x00000000eb300000, 0x00000000eb400000|  0%| F|  |TAMS 0x00000000eb300000, 0x00000000eb300000| Untracked 
| 180|0x00000000eb400000, 0x00000000eb400000, 0x00000000eb500000|  0%| F|  |TAMS 0x00000000eb400000, 0x00000000eb400000| Untracked 
| 181|0x00000000eb500000, 0x00000000eb500000, 0x00000000eb600000|  0%| F|  |TAMS 0x00000000eb500000, 0x00000000eb500000| Untracked 
| 182|0x00000000eb600000, 0x00000000eb600000, 0x00000000eb700000|  0%| F|  |TAMS 0x00000000eb600000, 0x00000000eb600000| Untracked 
| 183|0x00000000eb700000, 0x00000000eb700000, 0x00000000eb800000|  0%| F|  |TAMS 0x00000000eb700000, 0x00000000eb700000| Untracked 
| 184|0x00000000eb800000, 0x00000000eb800000, 0x00000000eb900000|  0%| F|  |TAMS 0x00000000eb800000, 0x00000000eb800000| Untracked 
| 185|0x00000000eb900000, 0x00000000eb900000, 0x00000000eba00000|  0%| F|  |TAMS 0x00000000eb900000, 0x00000000eb900000| Untracked 
| 186|0x00000000eba00000, 0x00000000eba00000, 0x00000000ebb00000|  0%| F|  |TAMS 0x00000000eba00000, 0x00000000eba00000| Untracked 
| 187|0x00000000ebb00000, 0x00000000ebb00000, 0x00000000ebc00000|  0%| F|  |TAMS 0x00000000ebb00000, 0x00000000ebb00000| Untracked 
| 188|0x00000000ebc00000, 0x00000000ebc00000, 0x00000000ebd00000|  0%| F|  |TAMS 0x00000000ebc00000, 0x00000000ebc00000| Untracked 
| 189|0x00000000ebd00000, 0x00000000ebd00000, 0x00000000ebe00000|  0%| F|  |TAMS 0x00000000ebd00000, 0x00000000ebd00000| Untracked 
| 190|0x00000000ebe00000, 0x00000000ebe00000, 0x00000000ebf00000|  0%| F|  |TAMS 0x00000000ebe00000, 0x00000000ebe00000| Untracked 
| 191|0x00000000ebf00000, 0x00000000ebf00000, 0x00000000ec000000|  0%| F|  |TAMS 0x00000000ebf00000, 0x00000000ebf00000| Untracked 
| 192|0x00000000ec000000, 0x00000000ec000000, 0x00000000ec100000|  0%| F|  |TAMS 0x00000000ec000000, 0x00000000ec000000| Untracked 
| 193|0x00000000ec100000, 0x00000000ec100000, 0x00000000ec200000|  0%| F|  |TAMS 0x00000000ec100000, 0x00000000ec100000| Untracked 
| 194|0x00000000ec200000, 0x00000000ec200000, 0x00000000ec300000|  0%| F|  |TAMS 0x00000000ec200000, 0x00000000ec200000| Untracked 
| 195|0x00000000ec300000, 0x00000000ec300000, 0x00000000ec400000|  0%| F|  |TAMS 0x00000000ec300000, 0x00000000ec300000| Untracked 
| 196|0x00000000ec400000, 0x00000000ec400000, 0x00000000ec500000|  0%| F|  |TAMS 0x00000000ec400000, 0x00000000ec400000| Untracked 
| 197|0x00000000ec500000, 0x00000000ec500000, 0x00000000ec600000|  0%| F|  |TAMS 0x00000000ec500000, 0x00000000ec500000| Untracked 
| 198|0x00000000ec600000, 0x00000000ec600000, 0x00000000ec700000|  0%| F|  |TAMS 0x00000000ec600000, 0x00000000ec600000| Untracked 
| 199|0x00000000ec700000, 0x00000000ec700000, 0x00000000ec800000|  0%| F|  |TAMS 0x00000000ec700000, 0x00000000ec700000| Untracked 
| 200|0x00000000ec800000, 0x00000000ec800000, 0x00000000ec900000|  0%| F|  |TAMS 0x00000000ec800000, 0x00000000ec800000| Untracked 
| 201|0x00000000ec900000, 0x00000000ec900000, 0x00000000eca00000|  0%| F|  |TAMS 0x00000000ec900000, 0x00000000ec900000| Untracked 
| 202|0x00000000eca00000, 0x00000000eca00000, 0x00000000ecb00000|  0%| F|  |TAMS 0x00000000eca00000, 0x00000000eca00000| Untracked 
| 203|0x00000000ecb00000, 0x00000000ecb00000, 0x00000000ecc00000|  0%| F|  |TAMS 0x00000000ecb00000, 0x00000000ecb00000| Untracked 
| 204|0x00000000ecc00000, 0x00000000ecc00000, 0x00000000ecd00000|  0%| F|  |TAMS 0x00000000ecc00000, 0x00000000ecc00000| Untracked 
| 205|0x00000000ecd00000, 0x00000000ecd00000, 0x00000000ece00000|  0%| F|  |TAMS 0x00000000ecd00000, 0x00000000ecd00000| Untracked 
| 206|0x00000000ece00000, 0x00000000ece00000, 0x00000000ecf00000|  0%| F|  |TAMS 0x00000000ece00000, 0x00000000ece00000| Untracked 
| 207|0x00000000ecf00000, 0x00000000ecf00000, 0x00000000ed000000|  0%| F|  |TAMS 0x00000000ecf00000, 0x00000000ecf00000| Untracked 
| 208|0x00000000ed000000, 0x00000000ed000000, 0x00000000ed100000|  0%| F|  |TAMS 0x00000000ed000000, 0x00000000ed000000| Untracked 
| 209|0x00000000ed100000, 0x00000000ed100000, 0x00000000ed200000|  0%| F|  |TAMS 0x00000000ed100000, 0x00000000ed100000| Untracked 
| 210|0x00000000ed200000, 0x00000000ed200000, 0x00000000ed300000|  0%| F|  |TAMS 0x00000000ed200000, 0x00000000ed200000| Untracked 
| 211|0x00000000ed300000, 0x00000000ed300000, 0x00000000ed400000|  0%| F|  |TAMS 0x00000000ed300000, 0x00000000ed300000| Untracked 
| 212|0x00000000ed400000, 0x00000000ed400000, 0x00000000ed500000|  0%| F|  |TAMS 0x00000000ed400000, 0x00000000ed400000| Untracked 
| 213|0x00000000ed500000, 0x00000000ed500000, 0x00000000ed600000|  0%| F|  |TAMS 0x00000000ed500000, 0x00000000ed500000| Untracked 
| 214|0x00000000ed600000, 0x00000000ed600000, 0x00000000ed700000|  0%| F|  |TAMS 0x00000000ed600000, 0x00000000ed600000| Untracked 
| 215|0x00000000ed700000, 0x00000000ed700000, 0x00000000ed800000|  0%| F|  |TAMS 0x00000000ed700000, 0x00000000ed700000| Untracked 
| 216|0x00000000ed800000, 0x00000000ed800000, 0x00000000ed900000|  0%| F|  |TAMS 0x00000000ed800000, 0x00000000ed800000| Untracked 
| 217|0x00000000ed900000, 0x00000000ed900000, 0x00000000eda00000|  0%| F|  |TAMS 0x00000000ed900000, 0x00000000ed900000| Untracked 
| 218|0x00000000eda00000, 0x00000000eda00000, 0x00000000edb00000|  0%| F|  |TAMS 0x00000000eda00000, 0x00000000eda00000| Untracked 
| 219|0x00000000edb00000, 0x00000000edb00000, 0x00000000edc00000|  0%| F|  |TAMS 0x00000000edb00000, 0x00000000edb00000| Untracked 
| 220|0x00000000edc00000, 0x00000000edc00000, 0x00000000edd00000|  0%| F|  |TAMS 0x00000000edc00000, 0x00000000edc00000| Untracked 
| 221|0x00000000edd00000, 0x00000000edd00000, 0x00000000ede00000|  0%| F|  |TAMS 0x00000000edd00000, 0x00000000edd00000| Untracked 
| 222|0x00000000ede00000, 0x00000000ede00000, 0x00000000edf00000|  0%| F|  |TAMS 0x00000000ede00000, 0x00000000ede00000| Untracked 
| 223|0x00000000edf00000, 0x00000000edf00000, 0x00000000ee000000|  0%| F|  |TAMS 0x00000000edf00000, 0x00000000edf00000| Untracked 
| 224|0x00000000ee000000, 0x00000000ee000000, 0x00000000ee100000|  0%| F|  |TAMS 0x00000000ee000000, 0x00000000ee000000| Untracked 
| 225|0x00000000ee100000, 0x00000000ee100000, 0x00000000ee200000|  0%| F|  |TAMS 0x00000000ee100000, 0x00000000ee100000| Untracked 
| 226|0x00000000ee200000, 0x00000000ee200000, 0x00000000ee300000|  0%| F|  |TAMS 0x00000000ee200000, 0x00000000ee200000| Untracked 
| 227|0x00000000ee300000, 0x00000000ee300000, 0x00000000ee400000|  0%| F|  |TAMS 0x00000000ee300000, 0x00000000ee300000| Untracked 
| 228|0x00000000ee400000, 0x00000000ee400000, 0x00000000ee500000|  0%| F|  |TAMS 0x00000000ee400000, 0x00000000ee400000| Untracked 
| 229|0x00000000ee500000, 0x00000000ee500000, 0x00000000ee600000|  0%| F|  |TAMS 0x00000000ee500000, 0x00000000ee500000| Untracked 
| 230|0x00000000ee600000, 0x00000000ee600000, 0x00000000ee700000|  0%| F|  |TAMS 0x00000000ee600000, 0x00000000ee600000| Untracked 
| 231|0x00000000ee700000, 0x00000000ee700000, 0x00000000ee800000|  0%| F|  |TAMS 0x00000000ee700000, 0x00000000ee700000| Untracked 
| 232|0x00000000ee800000, 0x00000000ee8cdec8, 0x00000000ee900000| 80%| E|  |TAMS 0x00000000ee800000, 0x00000000ee800000| Complete 
| 233|0x00000000ee900000, 0x00000000eea00000, 0x00000000eea00000|100%| E|CS|TAMS 0x00000000ee900000, 0x00000000ee900000| Complete 
| 234|0x00000000eea00000, 0x00000000eeb00000, 0x00000000eeb00000|100%| E|CS|TAMS 0x00000000eea00000, 0x00000000eea00000| Complete 
| 235|0x00000000eeb00000, 0x00000000eec00000, 0x00000000eec00000|100%| E|CS|TAMS 0x00000000eeb00000, 0x00000000eeb00000| Complete 
| 236|0x00000000eec00000, 0x00000000eed00000, 0x00000000eed00000|100%| E|CS|TAMS 0x00000000eec00000, 0x00000000eec00000| Complete 
| 237|0x00000000eed00000, 0x00000000eee00000, 0x00000000eee00000|100%| E|CS|TAMS 0x00000000eed00000, 0x00000000eed00000| Complete 
| 238|0x00000000eee00000, 0x00000000eef00000, 0x00000000eef00000|100%| E|CS|TAMS 0x00000000eee00000, 0x00000000eee00000| Complete 
| 239|0x00000000eef00000, 0x00000000ef000000, 0x00000000ef000000|100%| E|CS|TAMS 0x00000000eef00000, 0x00000000eef00000| Complete 
| 240|0x00000000ef000000, 0x00000000ef100000, 0x00000000ef100000|100%| E|CS|TAMS 0x00000000ef000000, 0x00000000ef000000| Complete 
| 241|0x00000000ef100000, 0x00000000ef200000, 0x00000000ef200000|100%| E|CS|TAMS 0x00000000ef100000, 0x00000000ef100000| Complete 
| 242|0x00000000ef200000, 0x00000000ef300000, 0x00000000ef300000|100%| E|CS|TAMS 0x00000000ef200000, 0x00000000ef200000| Complete 
| 243|0x00000000ef300000, 0x00000000ef400000, 0x00000000ef400000|100%| E|CS|TAMS 0x00000000ef300000, 0x00000000ef300000| Complete 
| 244|0x00000000ef400000, 0x00000000ef500000, 0x00000000ef500000|100%| E|CS|TAMS 0x00000000ef400000, 0x00000000ef400000| Complete 
| 245|0x00000000ef500000, 0x00000000ef600000, 0x00000000ef600000|100%| E|CS|TAMS 0x00000000ef500000, 0x00000000ef500000| Complete 
| 246|0x00000000ef600000, 0x00000000ef700000, 0x00000000ef700000|100%| E|CS|TAMS 0x00000000ef600000, 0x00000000ef600000| Complete 
| 247|0x00000000ef700000, 0x00000000ef800000, 0x00000000ef800000|100%| E|CS|TAMS 0x00000000ef700000, 0x00000000ef700000| Complete 
| 248|0x00000000ef800000, 0x00000000ef900000, 0x00000000ef900000|100%| E|CS|TAMS 0x00000000ef800000, 0x00000000ef800000| Complete 
| 249|0x00000000ef900000, 0x00000000efa00000, 0x00000000efa00000|100%| E|CS|TAMS 0x00000000ef900000, 0x00000000ef900000| Complete 
| 250|0x00000000efa00000, 0x00000000efb00000, 0x00000000efb00000|100%| E|CS|TAMS 0x00000000efa00000, 0x00000000efa00000| Complete 
| 251|0x00000000efb00000, 0x00000000efc00000, 0x00000000efc00000|100%| E|CS|TAMS 0x00000000efb00000, 0x00000000efb00000| Complete 
| 252|0x00000000efc00000, 0x00000000efd00000, 0x00000000efd00000|100%| E|CS|TAMS 0x00000000efc00000, 0x00000000efc00000| Complete 
| 253|0x00000000efd00000, 0x00000000efe00000, 0x00000000efe00000|100%| E|CS|TAMS 0x00000000efd00000, 0x00000000efd00000| Complete 
| 254|0x00000000efe00000, 0x00000000eff00000, 0x00000000eff00000|100%| E|CS|TAMS 0x00000000efe00000, 0x00000000efe00000| Complete 
| 255|0x00000000eff00000, 0x00000000f0000000, 0x00000000f0000000|100%| E|CS|TAMS 0x00000000eff00000, 0x00000000eff00000| Complete 

Card table byte_map: [0x000002307a700000,0x000002307a800000] _byte_map_base: 0x000002307a000000

Marking Bits (Prev, Next): (CMBitMap*) 0x0000023062c56a78, (CMBitMap*) 0x0000023062c56ab0
 Prev Bits: [0x000002307a900000, 0x000002307b100000)
 Next Bits: [0x000002307b100000, 0x000002307b900000)

Polling page: 0x0000023060a50000

Metaspace:

Usage:
  Non-class:     58.24 MB capacity,    57.13 MB ( 98%) used,   950.83 KB (  2%) free+waste,   192.00 KB ( <1%) overhead. 
      Class:      8.96 MB capacity,     8.31 MB ( 93%) used,   581.09 KB (  6%) free+waste,    89.31 KB ( <1%) overhead. 
       Both:     67.20 MB capacity,    65.43 MB ( 97%) used,     1.50 MB (  2%) free+waste,   281.31 KB ( <1%) overhead. 

Virtual space:
  Non-class space:       60.00 MB reserved,      58.25 MB ( 97%) committed 
      Class space:      248.00 MB reserved,       9.00 MB (  4%) committed 
             Both:      308.00 MB reserved,      67.25 MB ( 22%) committed 

Chunk freelists:
   Non-Class:  1.00 KB
       Class:  1.13 KB
        Both:  2.13 KB

CodeHeap 'non-profiled nmethods': size=120000Kb used=4611Kb max_used=4705Kb free=115388Kb
 bounds [0x0000023072b70000, 0x0000023073010000, 0x000002307a0a0000]
CodeHeap 'profiled nmethods': size=120000Kb used=17030Kb max_used=17030Kb free=102969Kb
 bounds [0x000002306b640000, 0x000002306c700000, 0x0000023072b70000]
CodeHeap 'non-nmethods': size=5760Kb used=2253Kb max_used=2286Kb free=3506Kb
 bounds [0x000002306b0a0000, 0x000002306b310000, 0x000002306b640000]
 total_blobs=8824 nmethods=7995 adapters=739
 compilation: enabled
              stopped_count=0, restarted_count=0
 full_count=0

Compilation events (10 events):
Event: 40.519 Thread 0x000002307e59e000 nmethod 9157 0x000002306c6c7d90 code [0x000002306c6c7f80, 0x000002306c6c8600]
Event: 40.519 Thread 0x000002307e59e000 9155       3       org.gradle.internal.service.DefaultServiceRegistry::add (23 bytes)
Event: 40.519 Thread 0x000002307e59e000 nmethod 9155 0x000002306c6c8810 code [0x000002306c6c8a60, 0x000002306c6c9510]
Event: 40.519 Thread 0x000002307e59e000 9156       3       org.gradle.internal.service.DefaultServiceRegistry$FixedInstanceService::<init> (12 bytes)
Event: 40.520 Thread 0x000002307e59e000 nmethod 9156 0x000002306c6c9910 code [0x000002306c6c9b40, 0x000002306c6ca470]
Event: 40.520 Thread 0x000002307e59d000 nmethod 9153 0x0000023072ec2590 code [0x0000023072ec2780, 0x0000023072ec2e78]
Event: 40.520 Thread 0x000002307e59d000 9144   !   4       io.spring.gradle.dependencymanagement.org.apache.maven.model.ConfigurationContainer::clone (98 bytes)
Event: 40.521 Thread 0x000002307e59e000 9167       3       org.gradle.api.internal.artifacts.configurations.DefaultConfiguration_Decorated::getDependencies (39 bytes)
Event: 40.521 Thread 0x000002307e59e000 nmethod 9167 0x000002306c6ca790 code [0x000002306c6ca9a0, 0x000002306c6cb150]
Event: 40.522 Thread 0x000002307e59e000 9168       3       org.gradle.api.internal.artifacts.repositories.resolver.AbstractResourcePattern::<init> (117 bytes)

GC Heap History (10 events):
Event: 5.372 GC heap before
{Heap before GC invocations=7 (full 0):
 garbage-first heap   total 262144K, used 140320K [0x00000000e0000000, 0x0000000100000000)
  region size 1024K, 123 young (125952K), 11 survivors (11264K)
 Metaspace       used 52357K, capacity 53770K, committed 54016K, reserved 301056K
  class space    used 6827K, capacity 7358K, committed 7424K, reserved 253952K
}
Event: 5.383 GC heap after
{Heap after GC invocations=8 (full 0):
 garbage-first heap   total 262144K, used 35116K [0x00000000e0000000, 0x0000000100000000)
  region size 1024K, 16 young (16384K), 16 survivors (16384K)
 Metaspace       used 52357K, capacity 53770K, committed 54016K, reserved 301056K
  class space    used 6827K, capacity 7358K, committed 7424K, reserved 253952K
}
Event: 6.190 GC heap before
{Heap before GC invocations=8 (full 0):
 garbage-first heap   total 262144K, used 176428K [0x00000000e0000000, 0x0000000100000000)
  region size 1024K, 153 young (156672K), 16 survivors (16384K)
 Metaspace       used 55769K, capacity 57278K, committed 57600K, reserved 305152K
  class space    used 7261K, capacity 7862K, committed 7936K, reserved 253952K
}
Event: 6.206 GC heap after
{Heap after GC invocations=9 (full 0):
 garbage-first heap   total 262144K, used 51116K [0x00000000e0000000, 0x0000000100000000)
  region size 1024K, 20 young (20480K), 20 survivors (20480K)
 Metaspace       used 55769K, capacity 57278K, committed 57600K, reserved 305152K
  class space    used 7261K, capacity 7862K, committed 7936K, reserved 253952K
}
Event: 6.432 GC heap before
{Heap before GC invocations=9 (full 0):
 garbage-first heap   total 262144K, used 65452K [0x00000000e0000000, 0x0000000100000000)
  region size 1024K, 36 young (36864K), 20 survivors (20480K)
 Metaspace       used 58370K, capacity 60055K, committed 60160K, reserved 307200K
  class space    used 7619K, capacity 8251K, committed 8320K, reserved 253952K
}
Event: 6.445 GC heap after
{Heap after GC invocations=10 (full 0):
 garbage-first heap   total 262144K, used 53777K [0x00000000e0000000, 0x0000000100000000)
  region size 1024K, 4 young (4096K), 4 survivors (4096K)
 Metaspace       used 58370K, capacity 60055K, committed 60160K, reserved 307200K
  class space    used 7619K, capacity 8251K, committed 8320K, reserved 253952K
}
Event: 7.116 GC heap before
{Heap before GC invocations=11 (full 0):
 garbage-first heap   total 262144K, used 140817K [0x00000000e0000000, 0x0000000100000000)
  region size 1024K, 89 young (91136K), 4 survivors (4096K)
 Metaspace       used 62559K, capacity 64303K, committed 64640K, reserved 311296K
  class space    used 8061K, capacity 8731K, committed 8832K, reserved 253952K
}
Event: 7.123 GC heap after
{Heap after GC invocations=12 (full 0):
 garbage-first heap   total 262144K, used 65536K [0x00000000e0000000, 0x0000000100000000)
  region size 1024K, 12 young (12288K), 12 survivors (12288K)
 Metaspace       used 62559K, capacity 64303K, committed 64640K, reserved 311296K
  class space    used 8061K, capacity 8731K, committed 8832K, reserved 253952K
}
Event: 40.421 GC heap before
{Heap before GC invocations=13 (full 0):
 garbage-first heap   total 262144K, used 153600K [0x00000000e0000000, 0x0000000100000000)
  region size 1024K, 99 young (101376K), 12 survivors (12288K)
 Metaspace       used 66845K, capacity 68684K, committed 68864K, reserved 315392K
  class space    used 8504K, capacity 9175K, committed 9216K, reserved 253952K
}
Event: 40.429 GC heap after
{Heap after GC invocations=14 (full 0):
 garbage-first heap   total 262144K, used 71775K [0x00000000e0000000, 0x0000000100000000)
  region size 1024K, 7 young (7168K), 7 survivors (7168K)
 Metaspace       used 66845K, capacity 68684K, committed 68864K, reserved 315392K
  class space    used 8504K, capacity 9175K, committed 9216K, reserved 253952K
}

Deoptimization events (10 events):
Event: 14.530 Thread 0x00000230060a0800 Uncommon trap: reason=class_check action=maybe_recompile pc=0x0000023072f570a4 method=java.util.concurrent.locks.ReentrantReadWriteLock$Sync.tryAcquireShared(I)I @ 33 c2
Event: 14.531 Thread 0x00000230060a0800 Uncommon trap: reason=class_check action=maybe_recompile pc=0x0000023072f570a4 method=java.util.concurrent.locks.ReentrantReadWriteLock$Sync.tryAcquireShared(I)I @ 33 c2
Event: 39.899 Thread 0x0000023000d75000 Uncommon trap: reason=bimorphic_or_optimized_type_check action=maybe_recompile pc=0x0000023072c2c868 method=com.google.common.collect.ImmutableSet.copyOf(Ljava/util/Collection;)Lcom/google/common/collect/ImmutableSet; @ 29 c2
Event: 39.899 Thread 0x0000023000d75000 Uncommon trap: reason=bimorphic_or_optimized_type_check action=maybe_recompile pc=0x0000023072c2c868 method=com.google.common.collect.ImmutableSet.copyOf(Ljava/util/Collection;)Lcom/google/common/collect/ImmutableSet; @ 29 c2
Event: 39.913 Thread 0x0000023000d75000 Uncommon trap: reason=unstable_if action=reinterpret pc=0x0000023072d9978c method=java.util.TreeMap.getEntry(Ljava/lang/Object;)Ljava/util/TreeMap$Entry; @ 4 c2
Event: 40.020 Thread 0x0000023000d75000 Uncommon trap: reason=unstable_if action=reinterpret pc=0x0000023072bcaed4 method=java.lang.StringLatin1.lastIndexOf([BI[BII)I @ 86 c2
Event: 40.020 Thread 0x0000023000d75000 Uncommon trap: reason=unstable_if action=reinterpret pc=0x0000023072f882e0 method=java.lang.StringLatin1.lastIndexOf([BI[BII)I @ 86 c2
Event: 40.047 Thread 0x0000023000d75000 Uncommon trap: reason=bimorphic_or_optimized_type_check action=maybe_recompile pc=0x0000023072c2c868 method=com.google.common.collect.ImmutableSet.copyOf(Ljava/util/Collection;)Lcom/google/common/collect/ImmutableSet; @ 29 c2
Event: 40.070 Thread 0x0000023000d75000 Uncommon trap: reason=profile_predicate action=maybe_recompile pc=0x0000023072be9f3c method=com.google.common.collect.ImmutableSet.construct(I[Ljava/lang/Object;)Lcom/google/common/collect/ImmutableSet; @ 68 c2
Event: 40.074 Thread 0x0000023000d75000 Uncommon trap: reason=profile_predicate action=maybe_recompile pc=0x0000023072be9f3c method=com.google.common.collect.ImmutableSet.construct(I[Ljava/lang/Object;)Lcom/google/common/collect/ImmutableSet; @ 68 c2

Classes redefined (0 events):
No events

Internal exceptions (10 events):
Event: 7.533 Thread 0x000002300609f800 Exception <a 'sun/nio/fs/WindowsException'{0x00000000edf849f0}> (0x00000000edf849f0) thrown at [./open/src/hotspot/share/prims/jni.cpp, line 611]
Event: 7.533 Thread 0x000002300609f800 Exception <a 'sun/nio/fs/WindowsException'{0x00000000edf858e8}> (0x00000000edf858e8) thrown at [./open/src/hotspot/share/prims/jni.cpp, line 611]
Event: 7.533 Thread 0x000002300609f800 Exception <a 'sun/nio/fs/WindowsException'{0x00000000edf862f8}> (0x00000000edf862f8) thrown at [./open/src/hotspot/share/prims/jni.cpp, line 611]
Event: 7.534 Thread 0x000002300609f800 Exception <a 'sun/nio/fs/WindowsException'{0x00000000edf872b0}> (0x00000000edf872b0) thrown at [./open/src/hotspot/share/prims/jni.cpp, line 611]
Event: 7.586 Thread 0x0000023000d6d800 Exception <a 'java/lang/NoSuchMethodError'{0x00000000edc844b0}: static Lorg/gradle/internal/build/event/types/DefaultTaskFinishedProgressEvent;.<clinit>()V> (0x00000000edc844b0) thrown at [./open/src/hotspot/share/prims/jni.cpp, line 1362]
Event: 7.587 Thread 0x0000023000d6d800 Exception <a 'java/lang/NoSuchMethodError'{0x00000000edb548e8}: static Lorg/gradle/internal/build/event/types/DefaultJavaCompileTaskSuccessResult;.<clinit>()V> (0x00000000edb548e8) thrown at [./open/src/hotspot/share/prims/jni.cpp, line 1362]
Event: 7.588 Thread 0x0000023000d6d800 Exception <a 'java/lang/NoSuchMethodError'{0x00000000edb56108}: static Lorg/gradle/internal/build/event/types/DefaultTaskSuccessResult;.<clinit>()V> (0x00000000edb56108) thrown at [./open/src/hotspot/share/prims/jni.cpp, line 1362]
Event: 7.588 Thread 0x0000023000d6d800 Exception <a 'java/lang/NoSuchMethodError'{0x00000000edb57328}: static Lorg/gradle/internal/build/event/types/AbstractTaskResult;.<clinit>()V> (0x00000000edb57328) thrown at [./open/src/hotspot/share/prims/jni.cpp, line 1362]
Event: 7.588 Thread 0x0000023000d6d800 Exception <a 'java/lang/NoSuchMethodError'{0x00000000edb5ab90}: static Lorg/gradle/internal/build/event/types/AbstractResult;.<clinit>()V> (0x00000000edb5ab90) thrown at [./open/src/hotspot/share/prims/jni.cpp, line 1362]
Event: 7.590 Thread 0x0000023000d6d800 Exception <a 'java/lang/NoSuchMethodError'{0x00000000edb78b78}: static [Ljava/lang/Object;.<clinit>()V> (0x00000000edb78b78) thrown at [./open/src/hotspot/share/prims/jni.cpp, line 1362]

Events (10 events):
Event: 40.223 Executing VM operation: RevokeBias done
Event: 40.317 Thread 0x0000023000aa1000 Thread added: 0x0000023000aa1000
Event: 40.397 Thread 0x0000023004cf2800 DEOPT PACKING pc=0x000002306c4809a4 sp=0x00000086067f9570
Event: 40.397 Thread 0x0000023004cf2800 DEOPT UNPACKING pc=0x000002306b0c8d4e sp=0x00000086067f8b10 mode 0
Event: 40.401 Thread 0x0000023004cf2800 DEOPT PACKING pc=0x000002306c4809a4 sp=0x00000086067f9f40
Event: 40.401 Thread 0x0000023004cf2800 DEOPT UNPACKING pc=0x000002306b0c8d4e sp=0x00000086067f94e0 mode 0
Event: 40.413 Thread 0x0000023004cf2800 DEOPT PACKING pc=0x000002306c4809a4 sp=0x00000086067fa600
Event: 40.413 Thread 0x0000023004cf2800 DEOPT UNPACKING pc=0x000002306b0c8d4e sp=0x00000086067f9ba0 mode 0
Event: 40.421 Executing VM operation: G1CollectForAllocation
Event: 40.429 Executing VM operation: G1CollectForAllocation done


Dynamic libraries:
0x00007ff691670000 - 0x00007ff69167f000 	C:\Program Files\Java\jdk-11.0.9\bin\java.exe
0x00007ffca13c0000 - 0x00007ffca15b0000 	C:\Windows\SYSTEM32\ntdll.dll
0x00007ffca0270000 - 0x00007ffca0322000 	C:\Windows\System32\KERNEL32.DLL
0x00007ffc9ecc0000 - 0x00007ffc9ef65000 	C:\Windows\System32\KERNELBASE.dll
0x00007ffc9eb60000 - 0x00007ffc9ec5a000 	C:\Windows\System32\ucrtbase.dll
0x00007ffc7a1d0000 - 0x00007ffc7a1e8000 	C:\Program Files\Java\jdk-11.0.9\bin\jli.dll
0x00007ffc6c7a0000 - 0x00007ffc6c7b5000 	C:\Program Files\Java\jdk-11.0.9\bin\VCRUNTIME140.dll
0x00007ffc9ffa0000 - 0x00007ffca0043000 	C:\Windows\System32\ADVAPI32.dll
0x00007ffc9fa80000 - 0x00007ffc9fb1e000 	C:\Windows\System32\msvcrt.dll
0x00007ffc9fc00000 - 0x00007ffc9fc97000 	C:\Windows\System32\sechost.dll
0x00007ffca1260000 - 0x00007ffca1380000 	C:\Windows\System32\RPCRT4.dll
0x00007ffca0420000 - 0x00007ffca05b4000 	C:\Windows\System32\USER32.dll
0x00007ffc9e330000 - 0x00007ffc9e351000 	C:\Windows\System32\win32u.dll
0x00007ffc9fca0000 - 0x00007ffc9fcc6000 	C:\Windows\System32\GDI32.dll
0x00007ffc8cba0000 - 0x00007ffc8ce24000 	C:\Windows\WinSxS\amd64_microsoft.windows.common-controls_6595b64144ccf1df_6.0.18362.1256_none_9e7e379be45e40e2\COMCTL32.dll
0x00007ffc9f2d0000 - 0x00007ffc9f466000 	C:\Windows\System32\gdi32full.dll
0x00007ffca0e70000 - 0x00007ffca11a6000 	C:\Windows\System32\combase.dll
0x00007ffc9f240000 - 0x00007ffc9f2c1000 	C:\Windows\System32\bcryptPrimitives.dll
0x00007ffc9ef70000 - 0x00007ffc9f00e000 	C:\Windows\System32\msvcp_win.dll
0x00007ffc96520000 - 0x00007ffc9652a000 	C:\Windows\SYSTEM32\VERSION.dll
0x00007ffc9f470000 - 0x00007ffc9f49e000 	C:\Windows\System32\IMM32.DLL
0x00007ffc46140000 - 0x00007ffc461db000 	C:\Program Files\Java\jdk-11.0.9\bin\msvcp140.dll
0x00007ffc2ab60000 - 0x00007ffc2b657000 	C:\Program Files\Java\jdk-11.0.9\bin\server\jvm.dll
0x00007ffc9fbf0000 - 0x00007ffc9fbf8000 	C:\Windows\System32\PSAPI.DLL
0x00007ffc8da80000 - 0x00007ffc8da89000 	C:\Windows\SYSTEM32\WSOCK32.dll
0x00007ffc9aee0000 - 0x00007ffc9af04000 	C:\Windows\SYSTEM32\WINMM.dll
0x00007ffca0050000 - 0x00007ffca00bf000 	C:\Windows\System32\WS2_32.dll
0x00007ffc9aeb0000 - 0x00007ffc9aedd000 	C:\Windows\SYSTEM32\winmmbase.dll
0x00007ffc9e380000 - 0x00007ffc9e3ca000 	C:\Windows\System32\cfgmgr32.dll
0x00007ffc9e270000 - 0x00007ffc9e281000 	C:\Windows\System32\kernel.appcore.dll
0x00007ffc80a40000 - 0x00007ffc80a50000 	C:\Program Files\Java\jdk-11.0.9\bin\verify.dll
0x00007ffc95390000 - 0x00007ffc95584000 	C:\Windows\SYSTEM32\DBGHELP.DLL
0x00007ffc8a090000 - 0x00007ffc8a0ba000 	C:\Windows\SYSTEM32\dbgcore.DLL
0x00007ffc6c280000 - 0x00007ffc6c2a8000 	C:\Program Files\Java\jdk-11.0.9\bin\java.dll
0x00007ffc808c0000 - 0x00007ffc808ca000 	C:\Program Files\Java\jdk-11.0.9\bin\jimage.dll
0x00007ffc6a510000 - 0x00007ffc6a526000 	C:\Program Files\Java\jdk-11.0.9\bin\zip.dll
0x00007ffca05c0000 - 0x00007ffca0ca7000 	C:\Windows\System32\SHELL32.dll
0x00007ffca0d30000 - 0x00007ffca0dd9000 	C:\Windows\System32\shcore.dll
0x00007ffc9e3d0000 - 0x00007ffc9eb51000 	C:\Windows\System32\windows.storage.dll
0x00007ffc9e2e0000 - 0x00007ffc9e303000 	C:\Windows\System32\profapi.dll
0x00007ffc9e290000 - 0x00007ffc9e2da000 	C:\Windows\System32\powrprof.dll
0x00007ffc9e260000 - 0x00007ffc9e270000 	C:\Windows\System32\UMPDC.dll
0x00007ffc9fcd0000 - 0x00007ffc9fd22000 	C:\Windows\System32\shlwapi.dll
0x00007ffc9e360000 - 0x00007ffc9e377000 	C:\Windows\System32\cryptsp.dll
0x00007ffc6a4f0000 - 0x00007ffc6a509000 	C:\Program Files\Java\jdk-11.0.9\bin\net.dll
0x00007ffc92cc0000 - 0x00007ffc92db0000 	C:\Windows\SYSTEM32\WINHTTP.dll
0x00007ffc9da50000 - 0x00007ffc9dab7000 	C:\Windows\system32\mswsock.dll
0x00007ffc6a4d0000 - 0x00007ffc6a4e2000 	C:\Program Files\Java\jdk-11.0.9\bin\nio.dll
0x00007ffc6cd70000 - 0x00007ffc6cd97000 	C:\Users\AVinash\.gradle\native\9f2fa17c089eee584f3420100432f77ec4c098959e4bf121a4d6054c26537dfb\windows-amd64\native-platform.dll
0x00007ffc7ccb0000 - 0x00007ffc7ccb9000 	C:\Program Files\Java\jdk-11.0.9\bin\management.dll
0x00007ffc7ba20000 - 0x00007ffc7ba2b000 	C:\Program Files\Java\jdk-11.0.9\bin\management_ext.dll
0x00007ffc9d5c0000 - 0x00007ffc9d5f3000 	C:\Windows\system32\rsaenh.dll
0x00007ffc9f210000 - 0x00007ffc9f236000 	C:\Windows\System32\bcrypt.dll
0x00007ffc9e140000 - 0x00007ffc9e165000 	C:\Windows\SYSTEM32\USERENV.dll
0x00007ffc9dc20000 - 0x00007ffc9dc2c000 	C:\Windows\SYSTEM32\CRYPTBASE.dll
0x00007ffc9d760000 - 0x00007ffc9d79a000 	C:\Windows\SYSTEM32\IPHLPAPI.DLL
0x00007ffc9f600000 - 0x00007ffc9f608000 	C:\Windows\System32\NSI.dll
0x00007ffc956b0000 - 0x00007ffc956c6000 	C:\Windows\SYSTEM32\dhcpcsvc6.DLL
0x00007ffc96500000 - 0x00007ffc9651c000 	C:\Windows\SYSTEM32\dhcpcsvc.DLL
0x00007ffc9d7a0000 - 0x00007ffc9d86b000 	C:\Windows\SYSTEM32\DNSAPI.dll
0x00007ffc965f0000 - 0x00007ffc965fb000 	C:\Windows\SYSTEM32\WINNSI.DLL
0x00007ffc42fc0000 - 0x00007ffc43156000 	C:\Users\AVinash\.gradle\native\9f2fa17c089eee584f3420100432f77ec4c098959e4bf121a4d6054c26537dfb\windows-amd64\native-platform-file-events.dll

dbghelp: loaded successfully - version: 4.0.5 - missing functions: none
symbol engine: initialized successfully - sym options: 0x614 - pdb path: .;C:\Program Files\Java\jdk-11.0.9\bin;C:\Windows\SYSTEM32;C:\Windows\WinSxS\amd64_microsoft.windows.common-controls_6595b64144ccf1df_6.0.18362.1256_none_9e7e379be45e40e2;C:\Program Files\Java\jdk-11.0.9\bin\server;C:\Users\AVinash\.gradle\native\9f2fa17c089eee584f3420100432f77ec4c098959e4bf121a4d6054c26537dfb\windows-amd64

VM Arguments:
jvm_args: --add-opens=java.base/java.util=ALL-UNNAMED --add-opens=java.base/java.lang=ALL-UNNAMED --add-opens=java.base/java.lang.invoke=ALL-UNNAMED --add-opens=java.prefs/java.util.prefs=ALL-UNNAMED -XX:MaxMetaspaceSize=256m -XX:+HeapDumpOnOutOfMemoryError -Xms256m -Xmx512m -Dfile.encoding=windows-1252 -Duser.country=IN -Duser.language=en -Duser.variant 
java_command: org.gradle.launcher.daemon.bootstrap.GradleDaemon 6.6.1
java_class_path (initial): C:\Users\AVinash\.gradle\wrapper\dists\gradle-6.6.1-bin\du4tvj86lhti6iga1v8h7pckb\gradle-6.6.1\lib\gradle-launcher-6.6.1.jar
Launcher Type: SUN_STANDARD

[Global flags]
     intx CICompilerCount                          = 4                                         {product} {ergonomic}
   size_t CompressedClassSpaceSize                 = 260046848                                 {product} {ergonomic}
     uint ConcGCThreads                            = 3                                         {product} {ergonomic}
     uint G1ConcRefinementThreads                  = 10                                        {product} {ergonomic}
   size_t G1HeapRegionSize                         = 1048576                                   {product} {ergonomic}
    uintx GCDrainStackTargetSize                   = 64                                        {product} {ergonomic}
     bool HeapDumpOnOutOfMemoryError               = true                                   {manageable} {command line}
   size_t InitialHeapSize                          = 268435456                                 {product} {command line}
   size_t MarkStackSize                            = 4194304                                   {product} {ergonomic}
   size_t MaxHeapSize                              = 536870912                                 {product} {command line}
   size_t MaxMetaspaceSize                         = 268435456                                 {product} {command line}
   size_t MaxNewSize                               = 321912832                                 {product} {ergonomic}
   size_t MinHeapDeltaBytes                        = 1048576                                   {product} {ergonomic}
    uintx NonNMethodCodeHeapSize                   = 5836300                                {pd product} {ergonomic}
    uintx NonProfiledCodeHeapSize                  = 122910970                              {pd product} {ergonomic}
    uintx ProfiledCodeHeapSize                     = 122910970                              {pd product} {ergonomic}
    uintx ReservedCodeCacheSize                    = 251658240                              {pd product} {ergonomic}
     bool SegmentedCodeCache                       = true                                      {product} {ergonomic}
     bool UseCompressedClassPointers               = true                                 {lp64_product} {ergonomic}
     bool UseCompressedOops                        = true                                 {lp64_product} {ergonomic}
     bool UseG1GC                                  = true                                      {product} {ergonomic}
     bool UseLargePagesIndividualAllocation        = false                                  {pd product} {ergonomic}

Logging:
Log output configuration:
 #0: stdout all=warning uptime,level,tags
 #1: stderr all=off uptime,level,tags

Environment Variables:
JAVA_HOME=C:\Program Files\OpenJDK\openjdk-11.0.9_11
JRE_HOME=C:\Program Files\Java\jdk-11.0.9
PATH=C:\Program Files\Common Files\Oracle\Java\javapath;C:\Windows\system32;C:\Windows;C:\Windows\System32\Wbem;C:\Windows\System32\WindowsPowerShell\v1.0\;C:\Windows\System32\OpenSSH\;C:\Program Files\NVIDIA Corporation\NVIDIA NvDLISR;C:\Program Files (x86)\NVIDIA Corporation\PhysX\Common;C:\Program Files\Git\cmd;C:\ProgramData\chocolatey\bin;C:\Program Files\OpenJDK\openjdk-11.0.9_11\bin;C:\Program Files\nodejs\;C:\ProgramData\chocolatey\lib\Tomcat\tools\apache-tomcat-9.0.40\bin;C:\Program Files\MySQL\MySQL Shell 8.0\bin\;C:\Users\AVinash\AppData\Local\Microsoft\WindowsApps;;C:\Users\AVinash\AppData\Local\Programs\Microsoft VS Code\bin;C:\Users\AVinash\AppData\Roaming\npm
USERNAME=AVinash
OS=Windows_NT
PROCESSOR_IDENTIFIER=AMD64 Family 23 Model 96 Stepping 1, AuthenticAMD



---------------  S Y S T E M  ---------------

OS: Windows 10 , 64 bit Build 18362 (10.0.18362.1110)

CPU:total 12 (initial active 12) (12 cores per cpu, 2 threads per core) family 23 model 96 stepping 1, cmov, cx8, fxsr, mmx, sse, sse2, sse3, ssse3, sse4.1, sse4.2, popcnt, avx, avx2, aes, clmul, mmxext, 3dnowpref, lzcnt, sse4a, ht, tsc, tscinvbit, tscinv, bmi1, bmi2, adx, sha, fma

Memory: 4k page, system-wide physical 15741M (9379M free)
TotalPageFile size 18685M (AvailPageFile size 8836M)
current process WorkingSet (physical memory assigned to process): 456M, peak: 456M
current process commit charge ("private bytes"): 520M, peak: 528M

vm_info: Java HotSpot(TM) 64-Bit Server VM (11.0.9+7-LTS) for windows-amd64 JRE (11.0.9+7-LTS), built on Sep 15 2020 16:47:03 by "mach5one" with MS VC++ 15.9 (VS2017)

END.
